This is pdfTeX, Version 3.141592653-2.6-1.40.23 (TeX Live 2021/W32TeX) (preloaded format=pdflatex 2021.7.19)  19 JUL 2021 11:54
entering extended mode
 restricted \write18 enabled.
 %&-line parsing enabled.
**nuova-final-draft.tex
(./nuova-final-draft.tex
LaTeX2e <2021-06-01> patch level 1
L3 programming layer <2021-07-12>
(c:/Users/michele.000/AppData/Roaming/TinyTeX/texmf-dist/tex/latex/base/book.cl
s
Document Class: book 2021/02/12 v1.4n Standard LaTeX document class

(c:/Users/michele.000/AppData/Roaming/TinyTeX/texmf-dist/tex/latex/base/bk10.cl
o
File: bk10.clo 2021/02/12 v1.4n Standard LaTeX file (size option)
)
\c@part=\count182
\c@chapter=\count183
\c@section=\count184
\c@subsection=\count185
\c@subsubsection=\count186
\c@paragraph=\count187
\c@subparagraph=\count188
\c@figure=\count189
\c@table=\count190
\abovecaptionskip=\skip47
\belowcaptionskip=\skip48
\bibindent=\dimen138
)
(c:/Users/michele.000/AppData/Roaming/TinyTeX/texmf-dist/tex/latex/amsmath/amsm
ath.sty
Package: amsmath 2021/04/20 v2.17j AMS math features
\@mathmargin=\skip49
For additional information on amsmath, use the `?' option.

(c:/Users/michele.000/AppData/Roaming/TinyTeX/texmf-dist/tex/latex/amsmath/amst
ext.sty
Package: amstext 2000/06/29 v2.01 AMS text

(c:/Users/michele.000/AppData/Roaming/TinyTeX/texmf-dist/tex/latex/amsmath/amsg
en.sty
File: amsgen.sty 1999/11/30 v2.0 generic functions
\@emptytoks=\toks16
\ex@=\dimen139
))
(c:/Users/michele.000/AppData/Roaming/TinyTeX/texmf-dist/tex/latex/amsmath/amsb
sy.sty
Package: amsbsy 1999/11/29 v1.2d Bold Symbols
\pmbraise@=\dimen140
)
(c:/Users/michele.000/AppData/Roaming/TinyTeX/texmf-dist/tex/latex/amsmath/amso
pn.sty
Package: amsopn 2016/03/08 v2.02 operator names
)
\inf@bad=\count191
LaTeX Info: Redefining \frac on input line 234.
\uproot@=\count192
\leftroot@=\count193
LaTeX Info: Redefining \overline on input line 399.
\classnum@=\count194
\DOTSCASE@=\count195
LaTeX Info: Redefining \ldots on input line 496.
LaTeX Info: Redefining \dots on input line 499.
LaTeX Info: Redefining \cdots on input line 620.
\Mathstrutbox@=\box50
\strutbox@=\box51
\big@size=\dimen141
LaTeX Font Info:    Redeclaring font encoding OML on input line 743.
LaTeX Font Info:    Redeclaring font encoding OMS on input line 744.
\macc@depth=\count196
\c@MaxMatrixCols=\count197
\dotsspace@=\muskip16
\c@parentequation=\count198
\dspbrk@lvl=\count199
\tag@help=\toks17
\row@=\count266
\column@=\count267
\maxfields@=\count268
\andhelp@=\toks18
\eqnshift@=\dimen142
\alignsep@=\dimen143
\tagshift@=\dimen144
\tagwidth@=\dimen145
\totwidth@=\dimen146
\lineht@=\dimen147
\@envbody=\toks19
\multlinegap=\skip50
\multlinetaggap=\skip51
\mathdisplay@stack=\toks20
LaTeX Info: Redefining \[ on input line 2923.
LaTeX Info: Redefining \] on input line 2924.
)
(c:/Users/michele.000/AppData/Roaming/TinyTeX/texmf-dist/tex/latex/amsfonts/ams
symb.sty
Package: amssymb 2013/01/14 v3.01 AMS font symbols

(c:/Users/michele.000/AppData/Roaming/TinyTeX/texmf-dist/tex/latex/amsfonts/ams
fonts.sty
Package: amsfonts 2013/01/14 v3.01 Basic AMSFonts support
\symAMSa=\mathgroup4
\symAMSb=\mathgroup5
LaTeX Font Info:    Redeclaring math symbol \hbar on input line 98.
LaTeX Font Info:    Overwriting math alphabet `\mathfrak' in version `bold'
(Font)                  U/euf/m/n --> U/euf/b/n on input line 106.
))
(c:/Users/michele.000/AppData/Roaming/TinyTeX/texmf-dist/tex/latex/lm/lmodern.s
ty
Package: lmodern 2015/05/01 v1.6.1 Latin Modern Fonts
LaTeX Font Info:    Overwriting symbol font `operators' in version `normal'
(Font)                  OT1/cmr/m/n --> OT1/lmr/m/n on input line 22.
LaTeX Font Info:    Overwriting symbol font `letters' in version `normal'
(Font)                  OML/cmm/m/it --> OML/lmm/m/it on input line 23.
LaTeX Font Info:    Overwriting symbol font `symbols' in version `normal'
(Font)                  OMS/cmsy/m/n --> OMS/lmsy/m/n on input line 24.
LaTeX Font Info:    Overwriting symbol font `largesymbols' in version `normal'
(Font)                  OMX/cmex/m/n --> OMX/lmex/m/n on input line 25.
LaTeX Font Info:    Overwriting symbol font `operators' in version `bold'
(Font)                  OT1/cmr/bx/n --> OT1/lmr/bx/n on input line 26.
LaTeX Font Info:    Overwriting symbol font `letters' in version `bold'
(Font)                  OML/cmm/b/it --> OML/lmm/b/it on input line 27.
LaTeX Font Info:    Overwriting symbol font `symbols' in version `bold'
(Font)                  OMS/cmsy/b/n --> OMS/lmsy/b/n on input line 28.
LaTeX Font Info:    Overwriting symbol font `largesymbols' in version `bold'
(Font)                  OMX/cmex/m/n --> OMX/lmex/m/n on input line 29.
LaTeX Font Info:    Overwriting math alphabet `\mathbf' in version `normal'
(Font)                  OT1/cmr/bx/n --> OT1/lmr/bx/n on input line 31.
LaTeX Font Info:    Overwriting math alphabet `\mathsf' in version `normal'
(Font)                  OT1/cmss/m/n --> OT1/lmss/m/n on input line 32.
LaTeX Font Info:    Overwriting math alphabet `\mathit' in version `normal'
(Font)                  OT1/cmr/m/it --> OT1/lmr/m/it on input line 33.
LaTeX Font Info:    Overwriting math alphabet `\mathtt' in version `normal'
(Font)                  OT1/cmtt/m/n --> OT1/lmtt/m/n on input line 34.
LaTeX Font Info:    Overwriting math alphabet `\mathbf' in version `bold'
(Font)                  OT1/cmr/bx/n --> OT1/lmr/bx/n on input line 35.
LaTeX Font Info:    Overwriting math alphabet `\mathsf' in version `bold'
(Font)                  OT1/cmss/bx/n --> OT1/lmss/bx/n on input line 36.
LaTeX Font Info:    Overwriting math alphabet `\mathit' in version `bold'
(Font)                  OT1/cmr/bx/it --> OT1/lmr/bx/it on input line 37.
LaTeX Font Info:    Overwriting math alphabet `\mathtt' in version `bold'
(Font)                  OT1/cmtt/m/n --> OT1/lmtt/m/n on input line 38.
)
(c:/Users/michele.000/AppData/Roaming/TinyTeX/texmf-dist/tex/generic/iftex/ifxe
tex.sty
Package: ifxetex 2019/10/25 v0.7 ifxetex legacy package. Use iftex instead.

(c:/Users/michele.000/AppData/Roaming/TinyTeX/texmf-dist/tex/generic/iftex/ifte
x.sty
Package: iftex 2020/03/06 v1.0d TeX engine tests
))
(c:/Users/michele.000/AppData/Roaming/TinyTeX/texmf-dist/tex/generic/iftex/iflu
atex.sty
Package: ifluatex 2019/10/25 v1.5 ifluatex legacy package. Use iftex instead.
)
(c:/Users/michele.000/AppData/Roaming/TinyTeX/texmf-dist/tex/latex/base/fontenc
.sty
Package: fontenc 2021/04/29 v2.0v Standard LaTeX package
LaTeX Font Info:    Trying to load font information for T1+lmr on input line 11
2.
(c:/Users/michele.000/AppData/Roaming/TinyTeX/texmf-dist/tex/latex/lm/t1lmr.fd
File: t1lmr.fd 2015/05/01 v1.6.1 Font defs for Latin Modern
))
(c:/Users/michele.000/AppData/Roaming/TinyTeX/texmf-dist/tex/latex/base/inputen
c.sty
Package: inputenc 2021/02/14 v1.3d Input encoding file
\inpenc@prehook=\toks21
\inpenc@posthook=\toks22
)
(c:/Users/michele.000/AppData/Roaming/TinyTeX/texmf-dist/tex/latex/base/textcom
p.sty
Package: textcomp 2020/02/02 v2.0n Standard LaTeX package
)
(c:/Users/michele.000/AppData/Roaming/TinyTeX/texmf-dist/tex/latex/xcolor/xcolo
r.sty
Package: xcolor 2016/05/11 v2.12 LaTeX color extensions (UK)

(c:/Users/michele.000/AppData/Roaming/TinyTeX/texmf-dist/tex/latex/graphics-cfg
/color.cfg
File: color.cfg 2016/01/02 v1.6 sample color configuration
)
Package xcolor Info: Driver file: pdftex.def on input line 225.

(c:/Users/michele.000/AppData/Roaming/TinyTeX/texmf-dist/tex/latex/graphics-def
/pdftex.def
File: pdftex.def 2020/10/05 v1.2a Graphics/color driver for pdftex
)
Package xcolor Info: Model `cmy' substituted by `cmy0' on input line 1348.
Package xcolor Info: Model `hsb' substituted by `rgb' on input line 1352.
Package xcolor Info: Model `RGB' extended on input line 1364.
Package xcolor Info: Model `HTML' substituted by `rgb' on input line 1366.
Package xcolor Info: Model `Hsb' substituted by `hsb' on input line 1367.
Package xcolor Info: Model `tHsb' substituted by `hsb' on input line 1368.
Package xcolor Info: Model `HSB' substituted by `hsb' on input line 1369.
Package xcolor Info: Model `Gray' substituted by `gray' on input line 1370.
Package xcolor Info: Model `wave' substituted by `hsb' on input line 1371.
)
(c:/Users/michele.000/AppData/Roaming/TinyTeX/texmf-dist/tex/latex/hyperref/hyp
erref.sty
Package: hyperref 2021-06-07 v7.00m Hypertext links for LaTeX

(c:/Users/michele.000/AppData/Roaming/TinyTeX/texmf-dist/tex/generic/ltxcmds/lt
xcmds.sty
Package: ltxcmds 2020-05-10 v1.25 LaTeX kernel commands for general use (HO)
)
(c:/Users/michele.000/AppData/Roaming/TinyTeX/texmf-dist/tex/generic/pdftexcmds
/pdftexcmds.sty
Package: pdftexcmds 2020-06-27 v0.33 Utility functions of pdfTeX for LuaTeX (HO
)

(c:/Users/michele.000/AppData/Roaming/TinyTeX/texmf-dist/tex/generic/infwarerr/
infwarerr.sty
Package: infwarerr 2019/12/03 v1.5 Providing info/warning/error messages (HO)
)
Package pdftexcmds Info: \pdf@primitive is available.
Package pdftexcmds Info: \pdf@ifprimitive is available.
Package pdftexcmds Info: \pdfdraftmode found.
)
(c:/Users/michele.000/AppData/Roaming/TinyTeX/texmf-dist/tex/latex/graphics/key
val.sty
Package: keyval 2014/10/28 v1.15 key=value parser (DPC)
\KV@toks@=\toks23
)
(c:/Users/michele.000/AppData/Roaming/TinyTeX/texmf-dist/tex/generic/kvsetkeys/
kvsetkeys.sty
Package: kvsetkeys 2019/12/15 v1.18 Key value parser (HO)
)
(c:/Users/michele.000/AppData/Roaming/TinyTeX/texmf-dist/tex/generic/kvdefineke
ys/kvdefinekeys.sty
Package: kvdefinekeys 2019-12-19 v1.6 Define keys (HO)
)
(c:/Users/michele.000/AppData/Roaming/TinyTeX/texmf-dist/tex/generic/pdfescape/
pdfescape.sty
Package: pdfescape 2019/12/09 v1.15 Implements pdfTeX's escape features (HO)
)
(c:/Users/michele.000/AppData/Roaming/TinyTeX/texmf-dist/tex/latex/hycolor/hyco
lor.sty
Package: hycolor 2020-01-27 v1.10 Color options for hyperref/bookmark (HO)
)
(c:/Users/michele.000/AppData/Roaming/TinyTeX/texmf-dist/tex/latex/letltxmacro/
letltxmacro.sty
Package: letltxmacro 2019/12/03 v1.6 Let assignment for LaTeX macros (HO)
)
(c:/Users/michele.000/AppData/Roaming/TinyTeX/texmf-dist/tex/latex/auxhook/auxh
ook.sty
Package: auxhook 2019-12-17 v1.6 Hooks for auxiliary files (HO)
)
(c:/Users/michele.000/AppData/Roaming/TinyTeX/texmf-dist/tex/latex/kvoptions/kv
options.sty
Package: kvoptions 2020-10-07 v3.14 Key value format for package options (HO)
)
\@linkdim=\dimen148
\Hy@linkcounter=\count269
\Hy@pagecounter=\count270

(c:/Users/michele.000/AppData/Roaming/TinyTeX/texmf-dist/tex/latex/hyperref/pd1
enc.def
File: pd1enc.def 2021-06-07 v7.00m Hyperref: PDFDocEncoding definition (HO)
Now handling font encoding PD1 ...
... no UTF-8 mapping file for font encoding PD1
)
(c:/Users/michele.000/AppData/Roaming/TinyTeX/texmf-dist/tex/latex/hyperref/hyp
erref-langpatches.def
File: hyperref-langpatches.def 2021-06-07 v7.00m Hyperref: patches for babel la
nguages
)
(c:/Users/michele.000/AppData/Roaming/TinyTeX/texmf-dist/tex/generic/intcalc/in
tcalc.sty
Package: intcalc 2019/12/15 v1.3 Expandable calculations with integers (HO)
)
(c:/Users/michele.000/AppData/Roaming/TinyTeX/texmf-dist/tex/generic/etexcmds/e
texcmds.sty
Package: etexcmds 2019/12/15 v1.7 Avoid name clashes with e-TeX commands (HO)
)
\Hy@SavedSpaceFactor=\count271

(c:/Users/michele.000/AppData/Roaming/TinyTeX/texmf-dist/tex/latex/hyperref/pue
nc.def
File: puenc.def 2021-06-07 v7.00m Hyperref: PDF Unicode definition (HO)
Now handling font encoding PU ...
... no UTF-8 mapping file for font encoding PU
)
Package hyperref Info: Option `unicode' set `true' on input line 4073.
Package hyperref Info: Hyper figures OFF on input line 4192.
Package hyperref Info: Link nesting OFF on input line 4197.
Package hyperref Info: Hyper index ON on input line 4200.
Package hyperref Info: Plain pages OFF on input line 4207.
Package hyperref Info: Backreferencing OFF on input line 4212.
Package hyperref Info: Implicit mode ON; LaTeX internals redefined.
Package hyperref Info: Bookmarks ON on input line 4445.
\c@Hy@tempcnt=\count272
(c:/Users/michele.000/AppData/Roaming/TinyTeX/texmf-dist/tex/latex/url/url.sty
\Urlmuskip=\muskip17
Package: url 2013/09/16  ver 3.4  Verb mode for urls, etc.
)
LaTeX Info: Redefining \url on input line 4804.
\XeTeXLinkMargin=\dimen149

(c:/Users/michele.000/AppData/Roaming/TinyTeX/texmf-dist/tex/generic/bitset/bit
set.sty
Package: bitset 2019/12/09 v1.3 Handle bit-vector datatype (HO)

(c:/Users/michele.000/AppData/Roaming/TinyTeX/texmf-dist/tex/generic/bigintcalc
/bigintcalc.sty
Package: bigintcalc 2019/12/15 v1.5 Expandable calculations on big integers (HO
)
))
\Fld@menulength=\count273
\Field@Width=\dimen150
\Fld@charsize=\dimen151
Package hyperref Info: Hyper figures OFF on input line 6076.
Package hyperref Info: Link nesting OFF on input line 6081.
Package hyperref Info: Hyper index ON on input line 6084.
Package hyperref Info: backreferencing OFF on input line 6091.
Package hyperref Info: Link coloring OFF on input line 6096.
Package hyperref Info: Link coloring with OCG OFF on input line 6101.
Package hyperref Info: PDF/A mode OFF on input line 6106.
LaTeX Info: Redefining \ref on input line 6146.
LaTeX Info: Redefining \pageref on input line 6150.

(c:/Users/michele.000/AppData/Roaming/TinyTeX/texmf-dist/tex/latex/base/atbegsh
i-ltx.sty
Package: atbegshi-ltx 2021/01/10 v1.0c Emulation of the original atbegshi
package with kernel methods
)
\Hy@abspage=\count274
\c@Item=\count275
\c@Hfootnote=\count276
)
Package hyperref Info: Driver (autodetected): hpdftex.

(c:/Users/michele.000/AppData/Roaming/TinyTeX/texmf-dist/tex/latex/hyperref/hpd
ftex.def
File: hpdftex.def 2021-06-07 v7.00m Hyperref driver for pdfTeX

(c:/Users/michele.000/AppData/Roaming/TinyTeX/texmf-dist/tex/latex/base/atverye
nd-ltx.sty
Package: atveryend-ltx 2020/08/19 v1.0a Emulation of the original atvery packag
e
with kernel methods
)
\Fld@listcount=\count277
\c@bookmark@seq@number=\count278

(c:/Users/michele.000/AppData/Roaming/TinyTeX/texmf-dist/tex/latex/rerunfileche
ck/rerunfilecheck.sty
Package: rerunfilecheck 2019/12/05 v1.9 Rerun checks for auxiliary files (HO)

(c:/Users/michele.000/AppData/Roaming/TinyTeX/texmf-dist/tex/generic/uniquecoun
ter/uniquecounter.sty
Package: uniquecounter 2019/12/15 v1.4 Provide unlimited unique counter (HO)
)
Package uniquecounter Info: New unique counter `rerunfilecheck' on input line 2
86.
)
\Hy@SectionHShift=\skip52
)
(c:/Users/michele.000/AppData/Roaming/TinyTeX/texmf-dist/tex/latex/fancyvrb/fan
cyvrb.sty
Package: fancyvrb 2021/01/20 v3.7 verbatim text (tvz,hv)
\FV@CodeLineNo=\count279
\FV@InFile=\read2
\FV@TabBox=\box52
\c@FancyVerbLine=\count280
\FV@StepNumber=\count281
\FV@OutFile=\write3
)
(c:/Users/michele.000/AppData/Roaming/TinyTeX/texmf-dist/tex/latex/framed/frame
d.sty
Package: framed 2011/10/22 v 0.96: framed or shaded text with page breaks
\OuterFrameSep=\skip53
\fb@frw=\dimen152
\fb@frh=\dimen153
\FrameRule=\dimen154
\FrameSep=\dimen155
)
(c:/Users/michele.000/AppData/Roaming/TinyTeX/texmf-dist/tex/latex/graphics/gra
phicx.sty
Package: graphicx 2020/12/05 v1.2c Enhanced LaTeX Graphics (DPC,SPQR)

(c:/Users/michele.000/AppData/Roaming/TinyTeX/texmf-dist/tex/latex/graphics/gra
phics.sty
Package: graphics 2021/03/04 v1.4d Standard LaTeX Graphics (DPC,SPQR)

(c:/Users/michele.000/AppData/Roaming/TinyTeX/texmf-dist/tex/latex/graphics/tri
g.sty
Package: trig 2016/01/03 v1.10 sin cos tan (DPC)
)
(c:/Users/michele.000/AppData/Roaming/TinyTeX/texmf-dist/tex/latex/graphics-cfg
/graphics.cfg
File: graphics.cfg 2016/06/04 v1.11 sample graphics configuration
)
Package graphics Info: Driver file: pdftex.def on input line 107.
)
\Gin@req@height=\dimen156
\Gin@req@width=\dimen157
)
(c:/Users/michele.000/AppData/Roaming/TinyTeX/texmf-dist/tex/latex/txfonts/txfo
nts.sty
Package: txfonts 2008/01/22 v3.2.1
LaTeX Font Info:    Redeclaring symbol font `operators' on input line 21.
LaTeX Font Info:    Overwriting symbol font `operators' in version `normal'
(Font)                  OT1/lmr/m/n --> OT1/txr/m/n on input line 21.
LaTeX Font Info:    Overwriting symbol font `operators' in version `bold'
(Font)                  OT1/lmr/bx/n --> OT1/txr/m/n on input line 21.
LaTeX Font Info:    Overwriting symbol font `operators' in version `bold'
(Font)                  OT1/txr/m/n --> OT1/txr/bx/n on input line 22.
\symitalic=\mathgroup6
LaTeX Font Info:    Overwriting symbol font `italic' in version `bold'
(Font)                  OT1/txr/m/it --> OT1/txr/bx/it on input line 26.
LaTeX Font Info:    Redeclaring math alphabet \mathbf on input line 29.
LaTeX Font Info:    Overwriting math alphabet `\mathbf' in version `normal'
(Font)                  OT1/lmr/bx/n --> OT1/txr/bx/n on input line 29.
LaTeX Font Info:    Overwriting math alphabet `\mathbf' in version `bold'
(Font)                  OT1/lmr/bx/n --> OT1/txr/bx/n on input line 29.
LaTeX Font Info:    Redeclaring math alphabet \mathit on input line 30.
LaTeX Font Info:    Overwriting math alphabet `\mathit' in version `normal'
(Font)                  OT1/lmr/m/it --> OT1/txr/m/it on input line 30.
LaTeX Font Info:    Overwriting math alphabet `\mathit' in version `bold'
(Font)                  OT1/lmr/bx/it --> OT1/txr/m/it on input line 30.
LaTeX Font Info:    Overwriting math alphabet `\mathit' in version `bold'
(Font)                  OT1/txr/m/it --> OT1/txr/bx/it on input line 31.
LaTeX Font Info:    Redeclaring math alphabet \mathsf on input line 40.
LaTeX Font Info:    Overwriting math alphabet `\mathsf' in version `normal'
(Font)                  OT1/lmss/m/n --> OT1/txss/m/n on input line 40.
LaTeX Font Info:    Overwriting math alphabet `\mathsf' in version `bold'
(Font)                  OT1/lmss/bx/n --> OT1/txss/m/n on input line 40.
LaTeX Font Info:    Overwriting math alphabet `\mathsf' in version `bold'
(Font)                  OT1/txss/m/n --> OT1/txss/b/n on input line 41.
LaTeX Font Info:    Redeclaring math alphabet \mathtt on input line 50.
LaTeX Font Info:    Overwriting math alphabet `\mathtt' in version `normal'
(Font)                  OT1/lmtt/m/n --> OT1/txtt/m/n on input line 50.
LaTeX Font Info:    Overwriting math alphabet `\mathtt' in version `bold'
(Font)                  OT1/lmtt/m/n --> OT1/txtt/m/n on input line 50.
LaTeX Font Info:    Overwriting math alphabet `\mathtt' in version `bold'
(Font)                  OT1/txtt/m/n --> OT1/txtt/b/n on input line 51.
LaTeX Font Info:    Redeclaring symbol font `letters' on input line 58.
LaTeX Font Info:    Overwriting symbol font `letters' in version `normal'
(Font)                  OML/lmm/m/it --> OML/txmi/m/it on input line 58.
LaTeX Font Info:    Overwriting symbol font `letters' in version `bold'
(Font)                  OML/lmm/b/it --> OML/txmi/m/it on input line 58.
LaTeX Font Info:    Overwriting symbol font `letters' in version `bold'
(Font)                  OML/txmi/m/it --> OML/txmi/bx/it on input line 59.
\symlettersA=\mathgroup7
LaTeX Font Info:    Overwriting symbol font `lettersA' in version `bold'
(Font)                  U/txmia/m/it --> U/txmia/bx/it on input line 67.
LaTeX Font Info:    Redeclaring math alphabet \mathfrak on input line 70.
LaTeX Font Info:    Redeclaring symbol font `symbols' on input line 77.
LaTeX Font Info:    Overwriting symbol font `symbols' in version `normal'
(Font)                  OMS/lmsy/m/n --> OMS/txsy/m/n on input line 77.
LaTeX Font Info:    Overwriting symbol font `symbols' in version `bold'
(Font)                  OMS/lmsy/b/n --> OMS/txsy/m/n on input line 77.
LaTeX Font Info:    Overwriting symbol font `symbols' in version `bold'
(Font)                  OMS/txsy/m/n --> OMS/txsy/bx/n on input line 78.
LaTeX Font Info:    Redeclaring symbol font `AMSa' on input line 93.
LaTeX Font Info:    Overwriting symbol font `AMSa' in version `normal'
(Font)                  U/msa/m/n --> U/txsya/m/n on input line 93.
LaTeX Font Info:    Overwriting symbol font `AMSa' in version `bold'
(Font)                  U/msa/m/n --> U/txsya/m/n on input line 93.
LaTeX Font Info:    Overwriting symbol font `AMSa' in version `bold'
(Font)                  U/txsya/m/n --> U/txsya/bx/n on input line 94.
LaTeX Font Info:    Redeclaring symbol font `AMSb' on input line 102.
LaTeX Font Info:    Overwriting symbol font `AMSb' in version `normal'
(Font)                  U/msb/m/n --> U/txsyb/m/n on input line 102.
LaTeX Font Info:    Overwriting symbol font `AMSb' in version `bold'
(Font)                  U/msb/m/n --> U/txsyb/m/n on input line 102.
LaTeX Font Info:    Overwriting symbol font `AMSb' in version `bold'
(Font)                  U/txsyb/m/n --> U/txsyb/bx/n on input line 103.
\symsymbolsC=\mathgroup8
LaTeX Font Info:    Overwriting symbol font `symbolsC' in version `bold'
(Font)                  U/txsyc/m/n --> U/txsyc/bx/n on input line 113.
LaTeX Font Info:    Redeclaring symbol font `largesymbols' on input line 120.
LaTeX Font Info:    Overwriting symbol font `largesymbols' in version `normal'
(Font)                  OMX/lmex/m/n --> OMX/txex/m/n on input line 120.
LaTeX Font Info:    Overwriting symbol font `largesymbols' in version `bold'
(Font)                  OMX/lmex/m/n --> OMX/txex/m/n on input line 120.
LaTeX Font Info:    Overwriting symbol font `largesymbols' in version `bold'
(Font)                  OMX/txex/m/n --> OMX/txex/bx/n on input line 121.
\symlargesymbolsA=\mathgroup9
LaTeX Font Info:    Overwriting symbol font `largesymbolsA' in version `bold'
(Font)                  U/txexa/m/n --> U/txexa/bx/n on input line 129.
LaTeX Font Info:    Redeclaring math symbol \mathsterling on input line 164.
LaTeX Info: Redefining \not on input line 1043.
)
(c:/Users/michele.000/AppData/Roaming/TinyTeX/texmf-dist/tex/latex/geometry/geo
metry.sty
Package: geometry 2020/01/02 v5.9 Page Geometry

(c:/Users/michele.000/AppData/Roaming/TinyTeX/texmf-dist/tex/generic/iftex/ifvt
ex.sty
Package: ifvtex 2019/10/25 v1.7 ifvtex legacy package. Use iftex instead.
)
\Gm@cnth=\count282
\Gm@cntv=\count283
\c@Gm@tempcnt=\count284
\Gm@bindingoffset=\dimen158
\Gm@wd@mp=\dimen159
\Gm@odd@mp=\dimen160
\Gm@even@mp=\dimen161
\Gm@layoutwidth=\dimen162
\Gm@layoutheight=\dimen163
\Gm@layouthoffset=\dimen164
\Gm@layoutvoffset=\dimen165
\Gm@dimlist=\toks24
)
(c:/Users/michele.000/AppData/Roaming/TinyTeX/texmf-dist/tex/latex/mnsymbol/MnS
ymbol.sty
Package: MnSymbol 2007/01/21 v1.4 support for the MnSymbol font
LaTeX Info: Redefining \dagger on input line 84.
LaTeX Info: Redefining \ddagger on input line 84.
LaTeX Info: Redefining \mathparagraph on input line 84.
LaTeX Info: Redefining \mathsection on input line 84.
LaTeX Info: Redefining \mathdollar on input line 84.
LaTeX Info: Redefining \mathsterling on input line 84.
LaTeX Info: Redefining \yen on input line 84.
LaTeX Info: Redefining \circledR on input line 84.
LaTeX Info: Redefining \circledS on input line 84.
LaTeX Info: Redefining \Re on input line 84.
LaTeX Info: Redefining \Im on input line 84.
LaTeX Info: Redefining \dotplus on input line 84.
LaTeX Info: Redefining \thicksim on input line 84.
LaTeX Info: Redefining \thickapprox on input line 84.
LaTeX Info: Redefining \veebar on input line 84.
LaTeX Info: Redefining \barwedge on input line 84.
LaTeX Info: Redefining \doublebarwedge on input line 84.
LaTeX Info: Redefining \centerdot on input line 84.
LaTeX Info: Redefining \divideontimes on input line 84.
\symMnSyA=\mathgroup10
\symMnSyB=\mathgroup11
\symMnSyC=\mathgroup12
\symMnSyD=\mathgroup13
LaTeX Font Info:    Redeclaring symbol font `largesymbols' on input line 119.
LaTeX Font Info:    Overwriting symbol font `largesymbols' in version `normal'
(Font)                  OMX/txex/m/n --> OMX/MnSymbolE/m/n on input line 119.
LaTeX Font Info:    Overwriting symbol font `largesymbols' in version `bold'
(Font)                  OMX/txex/bx/n --> OMX/MnSymbolE/m/n on input line 119.
LaTeX Font Info:    Redeclaring symbol font `symbols' on input line 120.
LaTeX Font Info:    Encoding `OMS' has changed to `U' for symbol font
(Font)              `symbols' in the math version `normal' on input line 120.
LaTeX Font Info:    Overwriting symbol font `symbols' in version `normal'
(Font)                  OMS/txsy/m/n --> U/MnSymbolF/m/n on input line 120.
LaTeX Font Info:    Encoding `OMS' has changed to `U' for symbol font
(Font)              `symbols' in the math version `bold' on input line 120.
LaTeX Font Info:    Overwriting symbol font `symbols' in version `bold'
(Font)                  OMS/txsy/bx/n --> U/MnSymbolF/m/n on input line 120.
LaTeX Font Info:    Overwriting symbol font `MnSyA' in version `bold'
(Font)                  U/MnSymbolA/m/n --> U/MnSymbolA/b/n on input line 121.
LaTeX Font Info:    Overwriting symbol font `MnSyB' in version `bold'
(Font)                  U/MnSymbolB/m/n --> U/MnSymbolB/b/n on input line 122.
LaTeX Font Info:    Overwriting symbol font `MnSyC' in version `bold'
(Font)                  U/MnSymbolC/m/n --> U/MnSymbolC/b/n on input line 123.
LaTeX Font Info:    Overwriting symbol font `MnSyD' in version `bold'
(Font)                  U/MnSymbolD/m/n --> U/MnSymbolD/b/n on input line 124.
LaTeX Font Info:    Overwriting symbol font `largesymbols' in version `bold'
(Font)                  OMX/MnSymbolE/m/n --> OMX/MnSymbolE/b/n on input line 1
25.
LaTeX Font Info:    Overwriting symbol font `symbols' in version `bold'
(Font)                  U/MnSymbolF/m/n --> U/MnSymbolF/b/n on input line 126.
LaTeX Font Info:    Redeclaring math alphabet \mathcal on input line 241.
LaTeX Font Info:    Overwriting math alphabet `\mathcal' in version `bold'
(Font)                  OMS/MnSymbolS/m/n --> OMS/MnSymbolS/b/n on input line 2
41.
LaTeX Info: Redefining \longrightarrow on input line 548.
LaTeX Info: Redefining \longleftarrow on input line 549.
LaTeX Info: Redefining \longleftrightarrow on input line 550.
LaTeX Info: Redefining \Longrightarrow on input line 551.
LaTeX Info: Redefining \Longleftarrow on input line 552.
LaTeX Info: Redefining \Longleftrightarrow on input line 553.
LaTeX Info: Redefining \longmapsto on input line 554.
LaTeX Info: Redefining \vdots on input line 868.
LaTeX Info: Redefining \coloneq on input line 1445.
LaTeX Font Info:    Redeclaring math symbol \braceld on input line 1721.
LaTeX Font Info:    Redeclaring math symbol \bracelu on input line 1722.
LaTeX Font Info:    Redeclaring math symbol \bracerd on input line 1723.
LaTeX Font Info:    Redeclaring math symbol \braceru on input line 1724.
LaTeX Info: Redefining \downbracefill on input line 1799.
LaTeX Info: Redefining \upbracefill on input line 1800.
LaTeX Info: Redefining \overbrace on input line 1819.
LaTeX Info: Redefining \underbrace on input line 1820.
LaTeX Info: Redefining \surd on input line 1843.
LaTeX Font Info:    Redeclaring math accent \widehat on input line 1845.
LaTeX Font Info:    Redeclaring math accent \widetilde on input line 1846.
LaTeX Font Info:    Redeclaring math accent \vec on input line 1848.
)
(c:/Users/michele.000/AppData/Roaming/TinyTeX/texmf-dist/tex/latex/comment/comm
ent.sty
\CommentStream=\write4
Excluding comment 'comment')
(c:/Users/michele.000/AppData/Roaming/TinyTeX/texmf-dist/tex/latex/enumitem/enu
mitem.sty
Package: enumitem 2019/06/20 v3.9 Customized lists
\labelindent=\skip54
\enit@outerparindent=\dimen166
\enit@toks=\toks25
\enit@inbox=\box53
\enit@count@id=\count285
\enitdp@description=\count286
)
(c:/Users/michele.000/AppData/Roaming/TinyTeX/texmf-dist/tex/latex/ntheorem/nth
eorem.sty
Style `ntheorem', Version 1.33 <2011/08/15>
Package: ntheorem 2011/08/15 1.33

(c:/Users/michele.000/AppData/Roaming/TinyTeX/texmf-dist/tex/latex/base/ifthen.
sty
Package: ifthen 2020/11/24 v1.1c Standard LaTeX ifthen package (DPC)
)
\theorem@style=\toks26
\theorem@@style=\toks27
\theorembodyfont=\toks28
\theoremnumbering=\toks29
\theorempreskipamount=\skip55
\theorempostskipamount=\skip56
\theoremframepreskipamount=\skip57
\theoremframepostskipamount=\skip58
\theoreminframepreskipamount=\skip59
\theoreminframepostskipamount=\skip60
\theorem@preskip=\toks30
\theorem@postskip=\toks31
\theorem@framepreskip=\toks32
\theorem@framepostskip=\toks33
\theorem@inframepreskip=\toks34
\theorem@inframepostskip=\toks35
\theoremindent=\dimen167
\theorem@indent=\dimen168
\theoremrightindent=\dimen169
\theorem@rightindent=\dimen170
\theoremheaderfont=\toks36
\theoremseparator=\toks37
\theoremprework=\toks38
\theorempostwork=\toks39
\theoremsymbol=\toks40
\qedsymbol=\toks41
\theoremkeyword=\toks42
\qedsymbol=\toks43
\thm@topsep=\skip61
\thm@topsepadd=\skip62
)
(c:/Users/michele.000/AppData/Roaming/TinyTeX/texmf-dist/tex/latex/lipsum/lipsu
m.sty
(c:/Users/michele.000/AppData/Roaming/TinyTeX/texmf-dist/tex/latex/l3kernel/exp
l3.sty
Package: expl3 2021-07-12 L3 programming layer (loader) 

(c:/Users/michele.000/AppData/Roaming/TinyTeX/texmf-dist/tex/latex/l3backend/l3
backend-pdftex.def
File: l3backend-pdftex.def 2021-07-12 L3 backend support: PDF output (pdfTeX)
\l__color_backend_stack_int=\count287
\l__pdf_internal_box=\box54
))
(c:/Users/michele.000/AppData/Roaming/TinyTeX/texmf-dist/tex/latex/l3packages/x
parse/xparse.sty
Package: xparse 2021-06-18 L3 Experimental document command parser
)
Package: lipsum 2021-03-03 v2.3 150 paragraphs of Lorem Ipsum dummy text

(c:/Users/michele.000/AppData/Roaming/TinyTeX/texmf-dist/tex/latex/lipsum/lipsu
m.ltd.tex
File: lipsum.ltd.tex 2021-03-03 v2.3 The Lorem ipsum dummy text
))
\c@thm=\count288
\c@proposition=\count289
\c@assumption=\count290
\c@lemma=\count291
\c@definition=\count292
\c@proof*=\count293
\c@algorithm=\count294

(c:/Users/michele.000/AppData/Roaming/TinyTeX/texmf-dist/tex/latex/float/float.
sty
Package: float 2001/11/08 v1.3d Float enhancements (AL)
\c@float@type=\count295
\float@exts=\toks44
\float@box=\box55
\@float@everytoks=\toks45
\@floatcapt=\box56
)
(c:/Users/michele.000/AppData/Roaming/TinyTeX/texmf-dist/tex/latex/booktabs/boo
ktabs.sty
Package: booktabs 2020/01/12 v1.61803398 Publication quality tables
\heavyrulewidth=\dimen171
\lightrulewidth=\dimen172
\cmidrulewidth=\dimen173
\belowrulesep=\dimen174
\belowbottomsep=\dimen175
\aboverulesep=\dimen176
\abovetopsep=\dimen177
\cmidrulesep=\dimen178
\cmidrulekern=\dimen179
\defaultaddspace=\dimen180
\@cmidla=\count296
\@cmidlb=\count297
\@aboverulesep=\dimen181
\@belowrulesep=\dimen182
\@thisruleclass=\count298
\@lastruleclass=\count299
\@thisrulewidth=\dimen183
)
(c:/Users/michele.000/AppData/Roaming/TinyTeX/texmf-dist/tex/latex/tools/longta
ble.sty
Package: longtable 2021-05-07 v4.16 Multi-page Table package (DPC)
\LTleft=\skip63
\LTright=\skip64
\LTpre=\skip65
\LTpost=\skip66
\LTchunksize=\count300
\LTcapwidth=\dimen184
\LT@head=\box57
\LT@firsthead=\box58
\LT@foot=\box59
\LT@lastfoot=\box60
\LT@gbox=\box61
\LT@cols=\count301
\LT@rows=\count302
\c@LT@tables=\count303
\c@LT@chunks=\count304
\LT@p@ftn=\toks46
)
(c:/Users/michele.000/AppData/Roaming/TinyTeX/texmf-dist/tex/latex/tools/array.
sty
Package: array 2021/04/20 v2.5e Tabular extension package (FMi)
\col@sep=\dimen185
\ar@mcellbox=\box62
\extrarowheight=\dimen186
\NC@list=\toks47
\extratabsurround=\skip67
\backup@length=\skip68
\ar@cellbox=\box63
)
(c:/Users/michele.000/AppData/Roaming/TinyTeX/texmf-dist/tex/latex/multirow/mul
tirow.sty
Package: multirow 2021/03/15 v2.8 Span multiple rows of a table
\multirow@colwidth=\skip69
\multirow@cntb=\count305
\multirow@dima=\skip70
\bigstrutjot=\dimen187
)
(c:/Users/michele.000/AppData/Roaming/TinyTeX/texmf-dist/tex/latex/wrapfig/wrap
fig.sty
\wrapoverhang=\dimen188
\WF@size=\dimen189
\c@WF@wrappedlines=\count306
\WF@box=\box64
\WF@everypar=\toks48
Package: wrapfig 2003/01/31  v 3.6
)
(c:/Users/michele.000/AppData/Roaming/TinyTeX/texmf-dist/tex/latex/colortbl/col
ortbl.sty
Package: colortbl 2020/01/04 v1.0e Color table columns (DPC)
\everycr=\toks49
\minrowclearance=\skip71
)
(c:/Users/michele.000/AppData/Roaming/TinyTeX/texmf-dist/tex/latex/pdflscape/pd
flscape.sty
Package: pdflscape 2019/12/05 v0.12 Display of landscape pages in PDF (HO)

(c:/Users/michele.000/AppData/Roaming/TinyTeX/texmf-dist/tex/latex/graphics/lsc
ape.sty
Package: lscape 2020/05/28 v3.02 Landscape Pages (DPC)
)
Package pdflscape Info: Auto-detected driver: pdftex on input line 81.
)
(c:/Users/michele.000/AppData/Roaming/TinyTeX/texmf-dist/tex/latex/tabu/tabu.st
y
Package: tabu 2019/01/11 v2.9 - flexible LaTeX tabulars (FC+tabu-fixed)

(c:/Users/michele.000/AppData/Roaming/TinyTeX/texmf-dist/tex/latex/varwidth/var
width.sty
Package: varwidth 2009/03/30 ver 0.92;  Variable-width minipages
\@vwid@box=\box65
\sift@deathcycles=\count307
\@vwid@loff=\dimen190
\@vwid@roff=\dimen191
)
\c@taburow=\count308
\tabu@nbcols=\count309
\tabu@cnt=\count310
\tabu@Xcol=\count311
\tabu@alloc=\count312
\tabu@nested=\count313
\tabu@target=\dimen192
\tabu@spreadtarget=\dimen193
\tabu@naturalX=\dimen194
\tabucolX=\dimen195
\tabu@Xsum=\dimen196
\extrarowdepth=\dimen197
\abovetabulinesep=\dimen198
\belowtabulinesep=\dimen199
\tabustrutrule=\dimen256
\tabu@thebody=\toks50
\tabu@footnotes=\toks51
\tabu@box=\box66
\tabu@arstrutbox=\box67
\tabu@hleads=\box68
\tabu@vleads=\box69
\tabu@cellskip=\skip72
)
(c:/Users/michele.000/AppData/Roaming/TinyTeX/texmf-dist/tex/latex/threeparttab
le/threeparttable.sty
Package: threeparttable 2003/06/13  v 3.0
\@tempboxb=\box70
)
(c:/Users/michele.000/AppData/Roaming/TinyTeX/texmf-dist/tex/latex/threeparttab
lex/threeparttablex.sty
Package: threeparttablex 2013/07/23 v0.3 by daleif

(c:/Users/michele.000/AppData/Roaming/TinyTeX/texmf-dist/tex/latex/environ/envi
ron.sty
Package: environ 2014/05/04 v0.3 A new way to define environments

(c:/Users/michele.000/AppData/Roaming/TinyTeX/texmf-dist/tex/latex/trimspaces/t
rimspaces.sty
Package: trimspaces 2009/09/17 v1.1 Trim spaces around a token list
))
\TPTL@width=\skip73
)
(c:/Users/michele.000/AppData/Roaming/TinyTeX/texmf-dist/tex/generic/ulem/ulem.
sty
\UL@box=\box71
\UL@hyphenbox=\box72
\UL@skip=\skip74
\UL@hook=\toks52
\UL@height=\dimen257
\UL@pe=\count314
\UL@pixel=\dimen258
\ULC@box=\box73
Package: ulem 2019/11/18
\ULdepth=\dimen259
)
(c:/Users/michele.000/AppData/Roaming/TinyTeX/texmf-dist/tex/latex/makecell/mak
ecell.sty
Package: makecell 2009/08/03 V0.1e Managing of Tab Column Heads and Cells
\rotheadsize=\dimen260
\c@nlinenum=\count315
\TeXr@lab=\toks53
)
LaTeX Font Info:    Trying to load font information for T1+txr on input line 16
6.

(c:/Users/michele.000/AppData/Roaming/TinyTeX/texmf-dist/tex/latex/txfonts/t1tx
r.fd
File: t1txr.fd 2000/12/15 v3.1
) (./nuova-final-draft.aux

LaTeX Warning: Label `sis_update' multiply defined.

)
\openout1 = `nuova-final-draft.aux'.

LaTeX Font Info:    Checking defaults for OML/txmi/m/it on input line 166.
LaTeX Font Info:    Trying to load font information for OML+txmi on input line 
166.

(c:/Users/michele.000/AppData/Roaming/TinyTeX/texmf-dist/tex/latex/txfonts/omlt
xmi.fd
File: omltxmi.fd 2000/12/15 v3.1
)
LaTeX Font Info:    ... okay on input line 166.
LaTeX Font Info:    Checking defaults for OMS/txsy/m/n on input line 166.
LaTeX Font Info:    Trying to load font information for OMS+txsy on input line 
166.

(c:/Users/michele.000/AppData/Roaming/TinyTeX/texmf-dist/tex/latex/txfonts/omst
xsy.fd
File: omstxsy.fd 2000/12/15 v3.1
)
LaTeX Font Info:    ... okay on input line 166.
LaTeX Font Info:    Checking defaults for OT1/cmr/m/n on input line 166.
LaTeX Font Info:    ... okay on input line 166.
LaTeX Font Info:    Checking defaults for T1/cmr/m/n on input line 166.
LaTeX Font Info:    ... okay on input line 166.
LaTeX Font Info:    Checking defaults for TS1/cmr/m/n on input line 166.
LaTeX Font Info:    ... okay on input line 166.
LaTeX Font Info:    Checking defaults for OMX/txex/m/n on input line 166.
LaTeX Font Info:    Trying to load font information for OMX+txex on input line 
166.

(c:/Users/michele.000/AppData/Roaming/TinyTeX/texmf-dist/tex/latex/txfonts/omxt
xex.fd
File: omxtxex.fd 2000/12/15 v3.1
)
LaTeX Font Info:    ... okay on input line 166.
LaTeX Font Info:    Checking defaults for U/txexa/m/n on input line 166.
LaTeX Font Info:    Trying to load font information for U+txexa on input line 1
66.

(c:/Users/michele.000/AppData/Roaming/TinyTeX/texmf-dist/tex/latex/txfonts/utxe
xa.fd
File: utxexa.fd 2000/12/15 v3.1
)
LaTeX Font Info:    ... okay on input line 166.
LaTeX Font Info:    Checking defaults for PD1/pdf/m/n on input line 166.
LaTeX Font Info:    ... okay on input line 166.
LaTeX Font Info:    Checking defaults for PU/pdf/m/n on input line 166.
LaTeX Font Info:    ... okay on input line 166.

(c:/Users/michele.000/AppData/Roaming/TinyTeX/texmf-dist/tex/latex/epstopdf-pkg
/epstopdf-base.sty
Package: epstopdf-base 2020-01-24 v2.11 Base part for package epstopdf
Package epstopdf-base Info: Redefining graphics rule for `.eps' on input line 4
85.

(c:/Users/michele.000/AppData/Roaming/TinyTeX/texmf-dist/tex/latex/latexconfig/
epstopdf-sys.cfg
File: epstopdf-sys.cfg 2010/07/13 v1.3 Configuration of (r)epstopdf for TeX Liv
e
))
Package hyperref Info: Link coloring OFF on input line 166.

(c:/Users/michele.000/AppData/Roaming/TinyTeX/texmf-dist/tex/latex/hyperref/nam
eref.sty
Package: nameref 2021-04-02 v2.47 Cross-referencing by name of section

(c:/Users/michele.000/AppData/Roaming/TinyTeX/texmf-dist/tex/latex/refcount/ref
count.sty
Package: refcount 2019/12/15 v3.6 Data extraction from label references (HO)
)
(c:/Users/michele.000/AppData/Roaming/TinyTeX/texmf-dist/tex/generic/gettitlest
ring/gettitlestring.sty
Package: gettitlestring 2019/12/15 v1.6 Cleanup title references (HO)
)
\c@section@level=\count316
)
LaTeX Info: Redefining \ref on input line 166.
LaTeX Info: Redefining \pageref on input line 166.
LaTeX Info: Redefining \nameref on input line 166.
(./nuova-final-draft.out) (./nuova-final-draft.out)
\@outlinefile=\write5
\openout5 = `nuova-final-draft.out'.

*geometry* driver: auto-detecting
*geometry* detected driver: pdftex
*geometry* verbose mode - [ preamble ] result:
* driver: pdftex
* paper: <default>
* layout: <same size as paper>
* layoutoffset:(h,v)=(0.0pt,0.0pt)
* bindingoffset: 42.67912pt
* modes: twoside 
* h-part:(L,W,R)=(85.35826pt, 400.89935pt, 85.35826pt)
* v-part:(T,H,B)=(85.35826pt, 624.25346pt, 85.35826pt)
* \paperwidth=614.295pt
* \paperheight=794.96999pt
* \textwidth=433.62pt
* \textheight=585.38744pt
* \oddsidemargin=0.0pt
* \evensidemargin=13.08827pt
* \topmargin=-7.22743pt
* \headheight=12.0pt
* \headsep=18.06749pt
* \topskip=10.0pt
* \footskip=25.29494pt
* \marginparwidth=125.0pt
* \marginparsep=7.0pt
* \columnsep=10.0pt
* \skip\footins=9.0pt plus 4.0pt minus 2.0pt
* \hoffset=0.0pt
* \voffset=0.0pt
* \mag=1000
* \@twocolumnfalse
* \@twosidetrue
* \@mparswitchtrue
* \@reversemarginfalse
* (1in=72.27pt=25.4mm, 1cm=28.453pt)

LaTeX Font Info:    Trying to load font information for OT1+txr on input line 1
69.

(c:/Users/michele.000/AppData/Roaming/TinyTeX/texmf-dist/tex/latex/txfonts/ot1t
xr.fd
File: ot1txr.fd 2000/12/15 v3.1
)
LaTeX Font Info:    Trying to load font information for U+txsya on input line 1
69.

(c:/Users/michele.000/AppData/Roaming/TinyTeX/texmf-dist/tex/latex/txfonts/utxs
ya.fd
File: utxsya.fd 2000/12/15 v3.1
)
LaTeX Font Info:    Trying to load font information for U+txsyb on input line 1
69.

(c:/Users/michele.000/AppData/Roaming/TinyTeX/texmf-dist/tex/latex/txfonts/utxs
yb.fd
File: utxsyb.fd 2000/12/15 v3.1
)
LaTeX Font Info:    Trying to load font information for U+txmia on input line 1
69.

(c:/Users/michele.000/AppData/Roaming/TinyTeX/texmf-dist/tex/latex/txfonts/utxm
ia.fd
File: utxmia.fd 2000/12/15 v3.1
)
LaTeX Font Info:    Trying to load font information for U+txsyc on input line 1
69.

(c:/Users/michele.000/AppData/Roaming/TinyTeX/texmf-dist/tex/latex/txfonts/utxs
yc.fd
File: utxsyc.fd 2000/12/15 v3.1
) [1



{c:/Users/michele.000/AppData/Roaming/TinyTeX/texmf-var/fonts/map/pdftex/updmap
/pdftex.map}] [2

]
LaTeX Font Info:    Font shape `T1/txr/b/n' in size <24.88> not available
(Font)              Font shape `T1/txr/bx/n' tried instead on input line 171.
[1

] [2

]
Chapter 1.
LaTeX Font Info:    Font shape `T1/txr/b/n' in size <20.74> not available
(Font)              Font shape `T1/txr/bx/n' tried instead on input line 173.
LaTeX Font Info:    Font shape `T1/txr/b/n' in size <14.4> not available
(Font)              Font shape `T1/txr/bx/n' tried instead on input line 174.
[3]
LaTeX Font Info:    Font shape `T1/txr/b/n' in size <10> not available
(Font)              Font shape `T1/txr/bx/n' tried instead on input line 215.
Package hyperref Info: bookmark level for unknown definition defaults to 0 on i
nput line 215.
LaTeX Font Info:    Trying to load font information for TS1+txr on input line 2
17.

(c:/Users/michele.000/AppData/Roaming/TinyTeX/texmf-dist/tex/latex/txfonts/ts1t
xr.fd
File: ts1txr.fd 2000/12/15 v3.1
) [4]
Package hyperref Info: bookmark level for unknown proposition defaults to 0 on 
input line 275.
[5]

LaTeX Warning: Reference `state-space-marginal-y' on page 6 undefined on input 
line 326.


LaTeX Warning: Reference `state-space-marginal-y' on page 6 undefined on input 
line 328.

[6]
Chapter 2.
Package hyperref Info: bookmark level for unknown lemma defaults to 0 on input 
line 352.
Package hyperref Info: bookmark level for unknown proof* defaults to 0 on input
 line 362.
[7

]
Underfull \hbox (badness 10000) in paragraph at lines 405--409

 []

[8]
<nuova-final-draft_files/figure-latex/unnamed-chunk-5-1.pdf, id=187, 578.16pt x
 289.08pt>
File: nuova-final-draft_files/figure-latex/unnamed-chunk-5-1.pdf Graphic file (
type pdf)
<use nuova-final-draft_files/figure-latex/unnamed-chunk-5-1.pdf>
Package pdftex.def Info: nuova-final-draft_files/figure-latex/unnamed-chunk-5-1
.pdf  used on input line 427.
(pdftex.def)             Requested size: 433.61893pt x 216.80946pt.
Package hyperref Info: bookmark level for unknown algorithm defaults to 0 on in
put line 436.
[9pdfTeX warning (ext4): destination with the same identifier (name{figure.2.1}
) has been already used, duplicate ignored
<argument> ...shipout:D \box_use:N \l_shipout_box 
                                                  \__shipout_drop_firstpage_...
l.442 \begin{align*}
                     <./nuova-final-draft_files/figure-latex/unnamed-chunk-5-1.
pdf>]
LaTeX Font Info:    Trying to load font information for T1+txtt on input line 4
57.

(c:/Users/michele.000/AppData/Roaming/TinyTeX/texmf-dist/tex/latex/txfonts/t1tx
tt.fd
File: t1txtt.fd 2000/12/15 v3.1
)
Underfull \hbox (badness 10000) in paragraph at lines 457--458

 []


Underfull \hbox (badness 10000) in paragraph at lines 462--464

 []

LaTeX Font Info:    Font shape `T1/txtt/b/n' in size <10> not available
(Font)              Font shape `T1/txtt/bx/n' tried instead on input line 481.
[10]
<nuova-final-draft_files/figure-latex/unnamed-chunk-7-1.pdf, id=210, 578.16pt x
 289.08pt>
File: nuova-final-draft_files/figure-latex/unnamed-chunk-7-1.pdf Graphic file (
type pdf)
<use nuova-final-draft_files/figure-latex/unnamed-chunk-7-1.pdf>
Package pdftex.def Info: nuova-final-draft_files/figure-latex/unnamed-chunk-7-1
.pdf  used on input line 511.
(pdftex.def)             Requested size: 433.61893pt x 216.80946pt.
[11pdfTeX warning (ext4): destination with the same identifier (name{figure.2.2
}) has been already used, duplicate ignored
<argument> ...shipout:D \box_use:N \l_shipout_box 
                                                  \__shipout_drop_firstpage_...
l.521 \chapter
              {Particle Filter} <./nuova-final-draft_files/figure-latex/unnamed
-chunk-7-1.pdf>] [12

]
Chapter 3.
[13]
LaTeX Font Info:    Font shape `T1/txr/b/n' in size <12> not available
(Font)              Font shape `T1/txr/bx/n' tried instead on input line 566.
[14] [15] [16] [17] [18] [19]
Underfull \hbox (badness 10000) in paragraph at lines 846--864
\T1/txtt/m/n/10 Dead" particles (i.e., those with small weights) are  likely to
 be removed when
 []

[20]
Underfull \hbox (badness 10000) in paragraph at lines 890--891

 []


Underfull \hbox (badness 10000) in paragraph at lines 895--897

 []

LaTeX Font Info:    Font shape `T1/txtt/m/it' in size <10> not available
(Font)              Font shape `T1/txtt/m/sl' tried instead on input line 922.
[21]
<nuova-final-draft_files/figure-latex/unnamed-chunk-10-1.pdf, id=324, 578.16pt 
x 289.08pt>
File: nuova-final-draft_files/figure-latex/unnamed-chunk-10-1.pdf Graphic file 
(type pdf)
<use nuova-final-draft_files/figure-latex/unnamed-chunk-10-1.pdf>
Package pdftex.def Info: nuova-final-draft_files/figure-latex/unnamed-chunk-10-
1.pdf  used on input line 948.
(pdftex.def)             Requested size: 433.61893pt x 216.80946pt.
[22pdfTeX warning (ext4): destination with the same identifier (name{figure.3.1
}) has been already used, duplicate ignored
<argument> ...shipout:D \box_use:N \l_shipout_box 
                                                  \__shipout_drop_firstpage_...
l.962 
       <./nuova-final-draft_files/figure-latex/unnamed-chunk-10-1.pdf>] [23] [2
4]
Underfull \hbox (badness 10000) in paragraph at lines 1065--1066

 []


Underfull \hbox (badness 10000) in paragraph at lines 1070--1072

 []

[25]
<nuova-final-draft_files/figure-latex/unnamed-chunk-13-1.pdf, id=378, 578.16pt 
x 289.08pt>
File: nuova-final-draft_files/figure-latex/unnamed-chunk-13-1.pdf Graphic file 
(type pdf)
<use nuova-final-draft_files/figure-latex/unnamed-chunk-13-1.pdf>
Package pdftex.def Info: nuova-final-draft_files/figure-latex/unnamed-chunk-13-
1.pdf  used on input line 1131.
(pdftex.def)             Requested size: 433.61893pt x 216.80946pt.

Underfull \vbox (badness 10000) has occurred while \output is active []

[26]
<nuova-final-draft_files/figure-latex/unnamed-chunk-16-1.pdf, id=383, 722.7pt x
 939.51pt>
File: nuova-final-draft_files/figure-latex/unnamed-chunk-16-1.pdf Graphic file 
(type pdf)
<use nuova-final-draft_files/figure-latex/unnamed-chunk-16-1.pdf>
Package pdftex.def Info: nuova-final-draft_files/figure-latex/unnamed-chunk-16-
1.pdf  used on input line 1161.
(pdftex.def)             Requested size: 433.62334pt x 563.71036pt.

Underfull \vbox (badness 10000) has occurred while \output is active []

[27pdfTeX warning (ext4): destination with the same identifier (name{figure.3.2
}) has been already used, duplicate ignored
<argument> ...shipout:D \box_use:N \l_shipout_box 
                                                  \__shipout_drop_firstpage_...
l.1167 
        <./nuova-final-draft_files/figure-latex/unnamed-chunk-13-1.pdf>]
Overfull \vbox (26.48792pt too high) has occurred while \output is active []

[28pdfTeX warning (ext4): destination with the same identifier (name{figure.3.3
}) has been already used, duplicate ignored
<argument> ...shipout:D \box_use:N \l_shipout_box 
                                                  \__shipout_drop_firstpage_...
l.1167 
        <./nuova-final-draft_files/figure-latex/unnamed-chunk-16-1.pdf>]
Underfull \hbox (badness 10000) in paragraph at lines 1168--1169

 []

LaTeX Font Info:    Font shape `T1/txr/b/n' in size <8> not available
(Font)              Font shape `T1/txr/bx/n' tried instead on input line 1206.

LaTeX Warning: Citation `**' on page 29 undefined on input line 1206.

[29] [30]
Underfull \hbox (badness 10000) in paragraph at lines 1296--1297

 []


Underfull \hbox (badness 10000) in paragraph at lines 1301--1303

 []

[31] [32]
<nuova-final-draft_files/figure-latex/unnamed-chunk-19-1.pdf, id=458, 578.16pt 
x 289.08pt>
File: nuova-final-draft_files/figure-latex/unnamed-chunk-19-1.pdf Graphic file 
(type pdf)
<use nuova-final-draft_files/figure-latex/unnamed-chunk-19-1.pdf>
Package pdftex.def Info: nuova-final-draft_files/figure-latex/unnamed-chunk-19-
1.pdf  used on input line 1359.
(pdftex.def)             Requested size: 433.61893pt x 216.80946pt.
[33pdfTeX warning (ext4): destination with the same identifier (name{figure.3.4
}) has been already used, duplicate ignored
<argument> ...shipout:D \box_use:N \l_shipout_box 
                                                  \__shipout_drop_firstpage_...
l.1382 \end{longtable}
                       <./nuova-final-draft_files/figure-latex/unnamed-chunk-19
-1.pdf>]
<nuova-final-draft_files/figure-latex/unnamed-chunk-22-1.pdf, id=474, 578.16pt 
x 289.08pt>
File: nuova-final-draft_files/figure-latex/unnamed-chunk-22-1.pdf Graphic file 
(type pdf)
<use nuova-final-draft_files/figure-latex/unnamed-chunk-22-1.pdf>
Package pdftex.def Info: nuova-final-draft_files/figure-latex/unnamed-chunk-22-
1.pdf  used on input line 1386.
(pdftex.def)             Requested size: 433.61893pt x 216.80946pt.
[34pdfTeX warning (ext4): destination with the same identifier (name{figure.3.5
}) has been already used, duplicate ignored
<argument> ...shipout:D \box_use:N \l_shipout_box 
                                                  \__shipout_drop_firstpage_...
l.1409 \end{equation}
                      Note that the computation of the auxiliary weights is <./
nuova-final-draft_files/figure-latex/unnamed-chunk-22-1.pdf>]
Underfull \hbox (badness 10000) in paragraph at lines 1417--1419

 []

[35] [36]
Underfull \hbox (badness 10000) in paragraph at lines 1520--1521

 []


Underfull \hbox (badness 10000) in paragraph at lines 1525--1527

 []

[37] [38]
<nuova-final-draft_files/figure-latex/unnamed-chunk-25-1.pdf, id=538, 578.16pt 
x 289.08pt>
File: nuova-final-draft_files/figure-latex/unnamed-chunk-25-1.pdf Graphic file 
(type pdf)
<use nuova-final-draft_files/figure-latex/unnamed-chunk-25-1.pdf>
Package pdftex.def Info: nuova-final-draft_files/figure-latex/unnamed-chunk-25-
1.pdf  used on input line 1585.
(pdftex.def)             Requested size: 433.61893pt x 216.80946pt.
<nuova-final-draft_files/figure-latex/unnamed-chunk-26-1.pdf, id=539, 578.16pt 
x 289.08pt>
File: nuova-final-draft_files/figure-latex/unnamed-chunk-26-1.pdf Graphic file 
(type pdf)
<use nuova-final-draft_files/figure-latex/unnamed-chunk-26-1.pdf>
Package pdftex.def Info: nuova-final-draft_files/figure-latex/unnamed-chunk-26-
1.pdf  used on input line 1597.
(pdftex.def)             Requested size: 433.61893pt x 216.80946pt.

Underfull \vbox (badness 10000) has occurred while \output is active []

[39pdfTeX warning (ext4): destination with the same identifier (name{figure.3.6
}) has been already used, duplicate ignored
<argument> ...shipout:D \box_use:N \l_shipout_box 
                                                  \__shipout_drop_firstpage_...
l.1603 
        <./nuova-final-draft_files/figure-latex/unnamed-chunk-25-1.pdf>] [40pdf
TeX warning (ext4): destination with the same identifier (name{figure.3.7}) has
 been already used, duplicate ignored
<argument> ...shipout:D \box_use:N \l_shipout_box 
                                                  \__shipout_drop_firstpage_...
l.1654 \end{Shaded}
                    <./nuova-final-draft_files/figure-latex/unnamed-chunk-26-1.
pdf>]
<nuova-final-draft_files/figure-latex/unnamed-chunk-31-1.pdf, id=565, 578.16pt 
x 289.08pt>
File: nuova-final-draft_files/figure-latex/unnamed-chunk-31-1.pdf Graphic file 
(type pdf)
<use nuova-final-draft_files/figure-latex/unnamed-chunk-31-1.pdf>
Package pdftex.def Info: nuova-final-draft_files/figure-latex/unnamed-chunk-31-
1.pdf  used on input line 1658.
(pdftex.def)             Requested size: 433.61893pt x 216.80946pt.

Underfull \vbox (badness 10000) has occurred while \output is active []

[41] [42pdfTeX warning (ext4): destination with the same identifier (name{figur
e.3.8}) has been already used, duplicate ignored
<argument> ...shipout:D \box_use:N \l_shipout_box 
                                                  \__shipout_drop_firstpage_...
l.1691 
        <./nuova-final-draft_files/figure-latex/unnamed-chunk-31-1.pdf>]
Underfull \hbox (badness 2573) in paragraph at lines 1712--1713
[]\T1/txr/m/n/10 Compute the weighted av-er-age and the vari-ance for the pa-ra
m-e-ters, re-spec-tively:
 []

[43]
Underfull \vbox (badness 6625) has occurred while \output is active []

[44] [45]
Underfull \hbox (badness 10000) in paragraph at lines 1822--1823

 []


Underfull \hbox (badness 10000) in paragraph at lines 1827--1829

 []

[46]
Underfull \vbox (badness 10000) detected at line 1915
 []


Underfull \vbox (badness 10000) detected at line 1915
 []

[47] [48]
Chapter 4.
[49

] [50]
\tf@thm=\write6
\openout6 = `nuova-final-draft.thm'.

(./nuova-final-draft.aux)

LaTeX Warning: There were undefined references.


LaTeX Warning: There were multiply-defined labels.

Package rerunfilecheck Info: File `nuova-final-draft.out' has not changed.
(rerunfilecheck)             Checksum: 15B4303B9CABCEC0DF3774C3AA8384E5;4479.
 ) 
Here is how much of TeX's memory you used:
 16492 strings out of 480502
 244993 string characters out of 5897577
 661979 words of memory out of 5000000
 33526 multiletter control sequences out of 15000+600000
 508901 words of font info for 222 fonts, out of 8000000 for 9000
 14 hyphenation exceptions out of 8191
 60i,24n,67p,510b,659s stack positions out of 5000i,500n,10000p,200000b,80000s
{c:/Users/michele.000/AppData/Roaming/TinyTeX/texmf-dist/fonts/enc/dvips/mnsy
mbol/MnSymbolC.enc}{c:/Users/michele.000/AppData/Roaming/TinyTeX/texmf-dist/fon
ts/enc/dvips/mnsymbol/MnSymbolD.enc}{c:/Users/michele.000/AppData/Roaming/TinyT
eX/texmf-dist/fonts/enc/dvips/mnsymbol/MnSymbolF.enc}{c:/Users/michele.000/AppD
ata/Roaming/TinyTeX/texmf-dist/fonts/enc/dvips/mnsymbol/MnSymbolE.enc}{c:/Users
/michele.000/AppData/Roaming/TinyTeX/texmf-dist/fonts/enc/dvips/mnsymbol/MnSymb
olS.enc}{c:/Users/michele.000/AppData/Roaming/TinyTeX/texmf-dist/fonts/enc/dvip
s/mnsymbol/MnSymbolA.enc}{c:/Users/michele.000/AppData/Roaming/TinyTeX/texmf-di
st/fonts/enc/dvips/base/8r.enc}<c:/Users/michele.000/AppData/Roaming/TinyTeX/te
xmf-dist/fonts/type1/public/mnsymbol/MnSymbol-Bold10.pfb><c:/Users/michele.000/
AppData/Roaming/TinyTeX/texmf-dist/fonts/type1/public/mnsymbol/MnSymbol10.pfb><
c:/Users/michele.000/AppData/Roaming/TinyTeX/texmf-dist/fonts/type1/public/mnsy
mbol/MnSymbol5.pfb><c:/Users/michele.000/AppData/Roaming/TinyTeX/texmf-dist/fon
ts/type1/public/mnsymbol/MnSymbol6.pfb><c:/Users/michele.000/AppData/Roaming/Ti
nyTeX/texmf-dist/fonts/type1/public/mnsymbol/MnSymbol7.pfb><c:/Users/michele.00
0/AppData/Roaming/TinyTeX/texmf-dist/fonts/type1/public/mnsymbol/MnSymbol8.pfb>
<c:/Users/michele.000/AppData/Roaming/TinyTeX/texmf-dist/fonts/type1/public/txf
onts/rtcxr.pfb><c:/Users/michele.000/AppData/Roaming/TinyTeX/texmf-dist/fonts/t
ype1/public/txfonts/rtxb.pfb><c:/Users/michele.000/AppData/Roaming/TinyTeX/texm
f-dist/fonts/type1/public/txfonts/rtxi.pfb><c:/Users/michele.000/AppData/Roamin
g/TinyTeX/texmf-dist/fonts/type1/public/txfonts/rtxmi.pfb><c:/Users/michele.000
/AppData/Roaming/TinyTeX/texmf-dist/fonts/type1/public/txfonts/rtxr.pfb><c:/Use
rs/michele.000/AppData/Roaming/TinyTeX/texmf-dist/fonts/type1/public/txfonts/t1
xbtt.pfb><c:/Users/michele.000/AppData/Roaming/TinyTeX/texmf-dist/fonts/type1/p
ublic/txfonts/t1xtt.pfb><c:/Users/michele.000/AppData/Roaming/TinyTeX/texmf-dis
t/fonts/type1/public/txfonts/t1xtt.pfb><c:/Users/michele.000/AppData/Roaming/Ti
nyTeX/texmf-dist/fonts/type1/public/txfonts/txsyb.pfb><c:/Users/michele.000/App
Data/Roaming/TinyTeX/texmf-dist/fonts/type1/urw/times/utmb8a.pfb><c:/Users/mich
ele.000/AppData/Roaming/TinyTeX/texmf-dist/fonts/type1/urw/times/utmr8a.pfb><c:
/Users/michele.000/AppData/Roaming/TinyTeX/texmf-dist/fonts/type1/urw/times/utm
r8a.pfb><c:/Users/michele.000/AppData/Roaming/TinyTeX/texmf-dist/fonts/type1/ur
w/times/utmri8a.pfb>
Output written on nuova-final-draft.pdf (52 pages, 411813 bytes).
PDF statistics:
 823 PDF objects out of 1000 (max. 8388607)
 690 compressed objects within 7 object streams
 253 named destinations out of 1000 (max. 500000)
 251 words of extra memory for PDF output out of 10000 (max. 10000000)

