This is pdfTeX, Version 3.141592653-2.6-1.40.23 (TeX Live 2021/W32TeX) (preloaded format=pdflatex 2021.7.26)  26 JUL 2021 18:04
entering extended mode
 restricted \write18 enabled.
 %&-line parsing enabled.
**prova_knit_finale.tex
(./prova_knit_finale.tex
LaTeX2e <2021-06-01> patch level 1
L3 programming layer <2021-07-12>
(c:/Users/michele.000/AppData/Roaming/TinyTeX/texmf-dist/tex/latex/base/book.cl
s
Document Class: book 2021/02/12 v1.4n Standard LaTeX document class

(c:/Users/michele.000/AppData/Roaming/TinyTeX/texmf-dist/tex/latex/base/bk10.cl
o
File: bk10.clo 2021/02/12 v1.4n Standard LaTeX file (size option)
)
\c@part=\count182
\c@chapter=\count183
\c@section=\count184
\c@subsection=\count185
\c@subsubsection=\count186
\c@paragraph=\count187
\c@subparagraph=\count188
\c@figure=\count189
\c@table=\count190
\abovecaptionskip=\skip47
\belowcaptionskip=\skip48
\bibindent=\dimen138
)
(c:/Users/michele.000/AppData/Roaming/TinyTeX/texmf-dist/tex/latex/amsmath/amsm
ath.sty
Package: amsmath 2021/04/20 v2.17j AMS math features
\@mathmargin=\skip49
For additional information on amsmath, use the `?' option.

(c:/Users/michele.000/AppData/Roaming/TinyTeX/texmf-dist/tex/latex/amsmath/amst
ext.sty
Package: amstext 2000/06/29 v2.01 AMS text

(c:/Users/michele.000/AppData/Roaming/TinyTeX/texmf-dist/tex/latex/amsmath/amsg
en.sty
File: amsgen.sty 1999/11/30 v2.0 generic functions
\@emptytoks=\toks16
\ex@=\dimen139
))
(c:/Users/michele.000/AppData/Roaming/TinyTeX/texmf-dist/tex/latex/amsmath/amsb
sy.sty
Package: amsbsy 1999/11/29 v1.2d Bold Symbols
\pmbraise@=\dimen140
)
(c:/Users/michele.000/AppData/Roaming/TinyTeX/texmf-dist/tex/latex/amsmath/amso
pn.sty
Package: amsopn 2016/03/08 v2.02 operator names
)
\inf@bad=\count191
LaTeX Info: Redefining \frac on input line 234.
\uproot@=\count192
\leftroot@=\count193
LaTeX Info: Redefining \overline on input line 399.
\classnum@=\count194
\DOTSCASE@=\count195
LaTeX Info: Redefining \ldots on input line 496.
LaTeX Info: Redefining \dots on input line 499.
LaTeX Info: Redefining \cdots on input line 620.
\Mathstrutbox@=\box50
\strutbox@=\box51
\big@size=\dimen141
LaTeX Font Info:    Redeclaring font encoding OML on input line 743.
LaTeX Font Info:    Redeclaring font encoding OMS on input line 744.
\macc@depth=\count196
\c@MaxMatrixCols=\count197
\dotsspace@=\muskip16
\c@parentequation=\count198
\dspbrk@lvl=\count199
\tag@help=\toks17
\row@=\count266
\column@=\count267
\maxfields@=\count268
\andhelp@=\toks18
\eqnshift@=\dimen142
\alignsep@=\dimen143
\tagshift@=\dimen144
\tagwidth@=\dimen145
\totwidth@=\dimen146
\lineht@=\dimen147
\@envbody=\toks19
\multlinegap=\skip50
\multlinetaggap=\skip51
\mathdisplay@stack=\toks20
LaTeX Info: Redefining \[ on input line 2923.
LaTeX Info: Redefining \] on input line 2924.
)
(c:/Users/michele.000/AppData/Roaming/TinyTeX/texmf-dist/tex/latex/amsfonts/ams
symb.sty
Package: amssymb 2013/01/14 v3.01 AMS font symbols

(c:/Users/michele.000/AppData/Roaming/TinyTeX/texmf-dist/tex/latex/amsfonts/ams
fonts.sty
Package: amsfonts 2013/01/14 v3.01 Basic AMSFonts support
\symAMSa=\mathgroup4
\symAMSb=\mathgroup5
LaTeX Font Info:    Redeclaring math symbol \hbar on input line 98.
LaTeX Font Info:    Overwriting math alphabet `\mathfrak' in version `bold'
(Font)                  U/euf/m/n --> U/euf/b/n on input line 106.
))
(c:/Users/michele.000/AppData/Roaming/TinyTeX/texmf-dist/tex/latex/lm/lmodern.s
ty
Package: lmodern 2015/05/01 v1.6.1 Latin Modern Fonts
LaTeX Font Info:    Overwriting symbol font `operators' in version `normal'
(Font)                  OT1/cmr/m/n --> OT1/lmr/m/n on input line 22.
LaTeX Font Info:    Overwriting symbol font `letters' in version `normal'
(Font)                  OML/cmm/m/it --> OML/lmm/m/it on input line 23.
LaTeX Font Info:    Overwriting symbol font `symbols' in version `normal'
(Font)                  OMS/cmsy/m/n --> OMS/lmsy/m/n on input line 24.
LaTeX Font Info:    Overwriting symbol font `largesymbols' in version `normal'
(Font)                  OMX/cmex/m/n --> OMX/lmex/m/n on input line 25.
LaTeX Font Info:    Overwriting symbol font `operators' in version `bold'
(Font)                  OT1/cmr/bx/n --> OT1/lmr/bx/n on input line 26.
LaTeX Font Info:    Overwriting symbol font `letters' in version `bold'
(Font)                  OML/cmm/b/it --> OML/lmm/b/it on input line 27.
LaTeX Font Info:    Overwriting symbol font `symbols' in version `bold'
(Font)                  OMS/cmsy/b/n --> OMS/lmsy/b/n on input line 28.
LaTeX Font Info:    Overwriting symbol font `largesymbols' in version `bold'
(Font)                  OMX/cmex/m/n --> OMX/lmex/m/n on input line 29.
LaTeX Font Info:    Overwriting math alphabet `\mathbf' in version `normal'
(Font)                  OT1/cmr/bx/n --> OT1/lmr/bx/n on input line 31.
LaTeX Font Info:    Overwriting math alphabet `\mathsf' in version `normal'
(Font)                  OT1/cmss/m/n --> OT1/lmss/m/n on input line 32.
LaTeX Font Info:    Overwriting math alphabet `\mathit' in version `normal'
(Font)                  OT1/cmr/m/it --> OT1/lmr/m/it on input line 33.
LaTeX Font Info:    Overwriting math alphabet `\mathtt' in version `normal'
(Font)                  OT1/cmtt/m/n --> OT1/lmtt/m/n on input line 34.
LaTeX Font Info:    Overwriting math alphabet `\mathbf' in version `bold'
(Font)                  OT1/cmr/bx/n --> OT1/lmr/bx/n on input line 35.
LaTeX Font Info:    Overwriting math alphabet `\mathsf' in version `bold'
(Font)                  OT1/cmss/bx/n --> OT1/lmss/bx/n on input line 36.
LaTeX Font Info:    Overwriting math alphabet `\mathit' in version `bold'
(Font)                  OT1/cmr/bx/it --> OT1/lmr/bx/it on input line 37.
LaTeX Font Info:    Overwriting math alphabet `\mathtt' in version `bold'
(Font)                  OT1/cmtt/m/n --> OT1/lmtt/m/n on input line 38.
)
(c:/Users/michele.000/AppData/Roaming/TinyTeX/texmf-dist/tex/generic/iftex/ifxe
tex.sty
Package: ifxetex 2019/10/25 v0.7 ifxetex legacy package. Use iftex instead.

(c:/Users/michele.000/AppData/Roaming/TinyTeX/texmf-dist/tex/generic/iftex/ifte
x.sty
Package: iftex 2020/03/06 v1.0d TeX engine tests
))
(c:/Users/michele.000/AppData/Roaming/TinyTeX/texmf-dist/tex/generic/iftex/iflu
atex.sty
Package: ifluatex 2019/10/25 v1.5 ifluatex legacy package. Use iftex instead.
)
(c:/Users/michele.000/AppData/Roaming/TinyTeX/texmf-dist/tex/latex/base/fontenc
.sty
Package: fontenc 2021/04/29 v2.0v Standard LaTeX package
LaTeX Font Info:    Trying to load font information for T1+lmr on input line 11
2.
(c:/Users/michele.000/AppData/Roaming/TinyTeX/texmf-dist/tex/latex/lm/t1lmr.fd
File: t1lmr.fd 2015/05/01 v1.6.1 Font defs for Latin Modern
))
(c:/Users/michele.000/AppData/Roaming/TinyTeX/texmf-dist/tex/latex/base/inputen
c.sty
Package: inputenc 2021/02/14 v1.3d Input encoding file
\inpenc@prehook=\toks21
\inpenc@posthook=\toks22
)
(c:/Users/michele.000/AppData/Roaming/TinyTeX/texmf-dist/tex/latex/base/textcom
p.sty
Package: textcomp 2020/02/02 v2.0n Standard LaTeX package
)
(c:/Users/michele.000/AppData/Roaming/TinyTeX/texmf-dist/tex/latex/xcolor/xcolo
r.sty
Package: xcolor 2016/05/11 v2.12 LaTeX color extensions (UK)

(c:/Users/michele.000/AppData/Roaming/TinyTeX/texmf-dist/tex/latex/graphics-cfg
/color.cfg
File: color.cfg 2016/01/02 v1.6 sample color configuration
)
Package xcolor Info: Driver file: pdftex.def on input line 225.

(c:/Users/michele.000/AppData/Roaming/TinyTeX/texmf-dist/tex/latex/graphics-def
/pdftex.def
File: pdftex.def 2020/10/05 v1.2a Graphics/color driver for pdftex
)
Package xcolor Info: Model `cmy' substituted by `cmy0' on input line 1348.
Package xcolor Info: Model `hsb' substituted by `rgb' on input line 1352.
Package xcolor Info: Model `RGB' extended on input line 1364.
Package xcolor Info: Model `HTML' substituted by `rgb' on input line 1366.
Package xcolor Info: Model `Hsb' substituted by `hsb' on input line 1367.
Package xcolor Info: Model `tHsb' substituted by `hsb' on input line 1368.
Package xcolor Info: Model `HSB' substituted by `hsb' on input line 1369.
Package xcolor Info: Model `Gray' substituted by `gray' on input line 1370.
Package xcolor Info: Model `wave' substituted by `hsb' on input line 1371.
)
(c:/Users/michele.000/AppData/Roaming/TinyTeX/texmf-dist/tex/latex/hyperref/hyp
erref.sty
Package: hyperref 2021-06-07 v7.00m Hypertext links for LaTeX

(c:/Users/michele.000/AppData/Roaming/TinyTeX/texmf-dist/tex/generic/ltxcmds/lt
xcmds.sty
Package: ltxcmds 2020-05-10 v1.25 LaTeX kernel commands for general use (HO)
)
(c:/Users/michele.000/AppData/Roaming/TinyTeX/texmf-dist/tex/generic/pdftexcmds
/pdftexcmds.sty
Package: pdftexcmds 2020-06-27 v0.33 Utility functions of pdfTeX for LuaTeX (HO
)

(c:/Users/michele.000/AppData/Roaming/TinyTeX/texmf-dist/tex/generic/infwarerr/
infwarerr.sty
Package: infwarerr 2019/12/03 v1.5 Providing info/warning/error messages (HO)
)
Package pdftexcmds Info: \pdf@primitive is available.
Package pdftexcmds Info: \pdf@ifprimitive is available.
Package pdftexcmds Info: \pdfdraftmode found.
)
(c:/Users/michele.000/AppData/Roaming/TinyTeX/texmf-dist/tex/latex/graphics/key
val.sty
Package: keyval 2014/10/28 v1.15 key=value parser (DPC)
\KV@toks@=\toks23
)
(c:/Users/michele.000/AppData/Roaming/TinyTeX/texmf-dist/tex/generic/kvsetkeys/
kvsetkeys.sty
Package: kvsetkeys 2019/12/15 v1.18 Key value parser (HO)
)
(c:/Users/michele.000/AppData/Roaming/TinyTeX/texmf-dist/tex/generic/kvdefineke
ys/kvdefinekeys.sty
Package: kvdefinekeys 2019-12-19 v1.6 Define keys (HO)
)
(c:/Users/michele.000/AppData/Roaming/TinyTeX/texmf-dist/tex/generic/pdfescape/
pdfescape.sty
Package: pdfescape 2019/12/09 v1.15 Implements pdfTeX's escape features (HO)
)
(c:/Users/michele.000/AppData/Roaming/TinyTeX/texmf-dist/tex/latex/hycolor/hyco
lor.sty
Package: hycolor 2020-01-27 v1.10 Color options for hyperref/bookmark (HO)
)
(c:/Users/michele.000/AppData/Roaming/TinyTeX/texmf-dist/tex/latex/letltxmacro/
letltxmacro.sty
Package: letltxmacro 2019/12/03 v1.6 Let assignment for LaTeX macros (HO)
)
(c:/Users/michele.000/AppData/Roaming/TinyTeX/texmf-dist/tex/latex/auxhook/auxh
ook.sty
Package: auxhook 2019-12-17 v1.6 Hooks for auxiliary files (HO)
)
(c:/Users/michele.000/AppData/Roaming/TinyTeX/texmf-dist/tex/latex/kvoptions/kv
options.sty
Package: kvoptions 2020-10-07 v3.14 Key value format for package options (HO)
)
\@linkdim=\dimen148
\Hy@linkcounter=\count269
\Hy@pagecounter=\count270

(c:/Users/michele.000/AppData/Roaming/TinyTeX/texmf-dist/tex/latex/hyperref/pd1
enc.def
File: pd1enc.def 2021-06-07 v7.00m Hyperref: PDFDocEncoding definition (HO)
Now handling font encoding PD1 ...
... no UTF-8 mapping file for font encoding PD1
)
(c:/Users/michele.000/AppData/Roaming/TinyTeX/texmf-dist/tex/latex/hyperref/hyp
erref-langpatches.def
File: hyperref-langpatches.def 2021-06-07 v7.00m Hyperref: patches for babel la
nguages
)
(c:/Users/michele.000/AppData/Roaming/TinyTeX/texmf-dist/tex/generic/intcalc/in
tcalc.sty
Package: intcalc 2019/12/15 v1.3 Expandable calculations with integers (HO)
)
(c:/Users/michele.000/AppData/Roaming/TinyTeX/texmf-dist/tex/generic/etexcmds/e
texcmds.sty
Package: etexcmds 2019/12/15 v1.7 Avoid name clashes with e-TeX commands (HO)
)
\Hy@SavedSpaceFactor=\count271

(c:/Users/michele.000/AppData/Roaming/TinyTeX/texmf-dist/tex/latex/hyperref/pue
nc.def
File: puenc.def 2021-06-07 v7.00m Hyperref: PDF Unicode definition (HO)
Now handling font encoding PU ...
... no UTF-8 mapping file for font encoding PU
)
Package hyperref Info: Option `unicode' set `true' on input line 4073.
Package hyperref Info: Hyper figures OFF on input line 4192.
Package hyperref Info: Link nesting OFF on input line 4197.
Package hyperref Info: Hyper index ON on input line 4200.
Package hyperref Info: Plain pages OFF on input line 4207.
Package hyperref Info: Backreferencing OFF on input line 4212.
Package hyperref Info: Implicit mode ON; LaTeX internals redefined.
Package hyperref Info: Bookmarks ON on input line 4445.
\c@Hy@tempcnt=\count272
(c:/Users/michele.000/AppData/Roaming/TinyTeX/texmf-dist/tex/latex/url/url.sty
\Urlmuskip=\muskip17
Package: url 2013/09/16  ver 3.4  Verb mode for urls, etc.
)
LaTeX Info: Redefining \url on input line 4804.
\XeTeXLinkMargin=\dimen149

(c:/Users/michele.000/AppData/Roaming/TinyTeX/texmf-dist/tex/generic/bitset/bit
set.sty
Package: bitset 2019/12/09 v1.3 Handle bit-vector datatype (HO)

(c:/Users/michele.000/AppData/Roaming/TinyTeX/texmf-dist/tex/generic/bigintcalc
/bigintcalc.sty
Package: bigintcalc 2019/12/15 v1.5 Expandable calculations on big integers (HO
)
))
\Fld@menulength=\count273
\Field@Width=\dimen150
\Fld@charsize=\dimen151
Package hyperref Info: Hyper figures OFF on input line 6076.
Package hyperref Info: Link nesting OFF on input line 6081.
Package hyperref Info: Hyper index ON on input line 6084.
Package hyperref Info: backreferencing OFF on input line 6091.
Package hyperref Info: Link coloring OFF on input line 6096.
Package hyperref Info: Link coloring with OCG OFF on input line 6101.
Package hyperref Info: PDF/A mode OFF on input line 6106.
LaTeX Info: Redefining \ref on input line 6146.
LaTeX Info: Redefining \pageref on input line 6150.

(c:/Users/michele.000/AppData/Roaming/TinyTeX/texmf-dist/tex/latex/base/atbegsh
i-ltx.sty
Package: atbegshi-ltx 2021/01/10 v1.0c Emulation of the original atbegshi
package with kernel methods
)
\Hy@abspage=\count274
\c@Item=\count275
\c@Hfootnote=\count276
)
Package hyperref Info: Driver (autodetected): hpdftex.

(c:/Users/michele.000/AppData/Roaming/TinyTeX/texmf-dist/tex/latex/hyperref/hpd
ftex.def
File: hpdftex.def 2021-06-07 v7.00m Hyperref driver for pdfTeX

(c:/Users/michele.000/AppData/Roaming/TinyTeX/texmf-dist/tex/latex/base/atverye
nd-ltx.sty
Package: atveryend-ltx 2020/08/19 v1.0a Emulation of the original atvery packag
e
with kernel methods
)
\Fld@listcount=\count277
\c@bookmark@seq@number=\count278

(c:/Users/michele.000/AppData/Roaming/TinyTeX/texmf-dist/tex/latex/rerunfileche
ck/rerunfilecheck.sty
Package: rerunfilecheck 2019/12/05 v1.9 Rerun checks for auxiliary files (HO)

(c:/Users/michele.000/AppData/Roaming/TinyTeX/texmf-dist/tex/generic/uniquecoun
ter/uniquecounter.sty
Package: uniquecounter 2019/12/15 v1.4 Provide unlimited unique counter (HO)
)
Package uniquecounter Info: New unique counter `rerunfilecheck' on input line 2
86.
)
\Hy@SectionHShift=\skip52
)
(c:/Users/michele.000/AppData/Roaming/TinyTeX/texmf-dist/tex/latex/fancyvrb/fan
cyvrb.sty
Package: fancyvrb 2021/01/20 v3.7 verbatim text (tvz,hv)
\FV@CodeLineNo=\count279
\FV@InFile=\read2
\FV@TabBox=\box52
\c@FancyVerbLine=\count280
\FV@StepNumber=\count281
\FV@OutFile=\write3
)
(c:/Users/michele.000/AppData/Roaming/TinyTeX/texmf-dist/tex/latex/framed/frame
d.sty
Package: framed 2011/10/22 v 0.96: framed or shaded text with page breaks
\OuterFrameSep=\skip53
\fb@frw=\dimen152
\fb@frh=\dimen153
\FrameRule=\dimen154
\FrameSep=\dimen155
)
(c:/Users/michele.000/AppData/Roaming/TinyTeX/texmf-dist/tex/latex/graphics/gra
phicx.sty
Package: graphicx 2020/12/05 v1.2c Enhanced LaTeX Graphics (DPC,SPQR)

(c:/Users/michele.000/AppData/Roaming/TinyTeX/texmf-dist/tex/latex/graphics/gra
phics.sty
Package: graphics 2021/03/04 v1.4d Standard LaTeX Graphics (DPC,SPQR)

(c:/Users/michele.000/AppData/Roaming/TinyTeX/texmf-dist/tex/latex/graphics/tri
g.sty
Package: trig 2016/01/03 v1.10 sin cos tan (DPC)
)
(c:/Users/michele.000/AppData/Roaming/TinyTeX/texmf-dist/tex/latex/graphics-cfg
/graphics.cfg
File: graphics.cfg 2016/06/04 v1.11 sample graphics configuration
)
Package graphics Info: Driver file: pdftex.def on input line 107.
)
\Gin@req@height=\dimen156
\Gin@req@width=\dimen157
)
(c:/Users/michele.000/AppData/Roaming/TinyTeX/texmf-dist/tex/generic/babel/babe
l.sty
Package: babel 2021/07/22 3.63 The Babel package

(c:/Users/michele.000/AppData/Roaming/TinyTeX/texmf-dist/tex/generic/babel/babe
l.def
File: babel.def 2021/07/22 3.63 Babel common definitions
\babel@savecnt=\count282
\U@D=\dimen158
\l@unhyphenated=\language3

(c:/Users/michele.000/AppData/Roaming/TinyTeX/texmf-dist/tex/generic/babel/txtb
abel.def)
\bbl@readstream=\read3
)
\bbl@dirlevel=\count283
Package babel Info: You haven't specified a language. I'll use 'nil'
(babel)             as the main language. Reported on input line 1088.

(c:/Users/michele.000/AppData/Roaming/TinyTeX/texmf-dist/tex/generic/babel/nil.
ldf
Language: nil 2021/07/22 3.63 Nil language
\l@nil=\language4
))
(c:/Users/michele.000/AppData/Roaming/TinyTeX/texmf-dist/tex/latex/txfonts/txfo
nts.sty
Package: txfonts 2008/01/22 v3.2.1
LaTeX Font Info:    Redeclaring symbol font `operators' on input line 21.
LaTeX Font Info:    Overwriting symbol font `operators' in version `normal'
(Font)                  OT1/lmr/m/n --> OT1/txr/m/n on input line 21.
LaTeX Font Info:    Overwriting symbol font `operators' in version `bold'
(Font)                  OT1/lmr/bx/n --> OT1/txr/m/n on input line 21.
LaTeX Font Info:    Overwriting symbol font `operators' in version `bold'
(Font)                  OT1/txr/m/n --> OT1/txr/bx/n on input line 22.
\symitalic=\mathgroup6
LaTeX Font Info:    Overwriting symbol font `italic' in version `bold'
(Font)                  OT1/txr/m/it --> OT1/txr/bx/it on input line 26.
LaTeX Font Info:    Redeclaring math alphabet \mathbf on input line 29.
LaTeX Font Info:    Overwriting math alphabet `\mathbf' in version `normal'
(Font)                  OT1/lmr/bx/n --> OT1/txr/bx/n on input line 29.
LaTeX Font Info:    Overwriting math alphabet `\mathbf' in version `bold'
(Font)                  OT1/lmr/bx/n --> OT1/txr/bx/n on input line 29.
LaTeX Font Info:    Redeclaring math alphabet \mathit on input line 30.
LaTeX Font Info:    Overwriting math alphabet `\mathit' in version `normal'
(Font)                  OT1/lmr/m/it --> OT1/txr/m/it on input line 30.
LaTeX Font Info:    Overwriting math alphabet `\mathit' in version `bold'
(Font)                  OT1/lmr/bx/it --> OT1/txr/m/it on input line 30.
LaTeX Font Info:    Overwriting math alphabet `\mathit' in version `bold'
(Font)                  OT1/txr/m/it --> OT1/txr/bx/it on input line 31.
LaTeX Font Info:    Redeclaring math alphabet \mathsf on input line 40.
LaTeX Font Info:    Overwriting math alphabet `\mathsf' in version `normal'
(Font)                  OT1/lmss/m/n --> OT1/txss/m/n on input line 40.
LaTeX Font Info:    Overwriting math alphabet `\mathsf' in version `bold'
(Font)                  OT1/lmss/bx/n --> OT1/txss/m/n on input line 40.
LaTeX Font Info:    Overwriting math alphabet `\mathsf' in version `bold'
(Font)                  OT1/txss/m/n --> OT1/txss/b/n on input line 41.
LaTeX Font Info:    Redeclaring math alphabet \mathtt on input line 50.
LaTeX Font Info:    Overwriting math alphabet `\mathtt' in version `normal'
(Font)                  OT1/lmtt/m/n --> OT1/txtt/m/n on input line 50.
LaTeX Font Info:    Overwriting math alphabet `\mathtt' in version `bold'
(Font)                  OT1/lmtt/m/n --> OT1/txtt/m/n on input line 50.
LaTeX Font Info:    Overwriting math alphabet `\mathtt' in version `bold'
(Font)                  OT1/txtt/m/n --> OT1/txtt/b/n on input line 51.
LaTeX Font Info:    Redeclaring symbol font `letters' on input line 58.
LaTeX Font Info:    Overwriting symbol font `letters' in version `normal'
(Font)                  OML/lmm/m/it --> OML/txmi/m/it on input line 58.
LaTeX Font Info:    Overwriting symbol font `letters' in version `bold'
(Font)                  OML/lmm/b/it --> OML/txmi/m/it on input line 58.
LaTeX Font Info:    Overwriting symbol font `letters' in version `bold'
(Font)                  OML/txmi/m/it --> OML/txmi/bx/it on input line 59.
\symlettersA=\mathgroup7
LaTeX Font Info:    Overwriting symbol font `lettersA' in version `bold'
(Font)                  U/txmia/m/it --> U/txmia/bx/it on input line 67.
LaTeX Font Info:    Redeclaring math alphabet \mathfrak on input line 70.
LaTeX Font Info:    Redeclaring symbol font `symbols' on input line 77.
LaTeX Font Info:    Overwriting symbol font `symbols' in version `normal'
(Font)                  OMS/lmsy/m/n --> OMS/txsy/m/n on input line 77.
LaTeX Font Info:    Overwriting symbol font `symbols' in version `bold'
(Font)                  OMS/lmsy/b/n --> OMS/txsy/m/n on input line 77.
LaTeX Font Info:    Overwriting symbol font `symbols' in version `bold'
(Font)                  OMS/txsy/m/n --> OMS/txsy/bx/n on input line 78.
LaTeX Font Info:    Redeclaring symbol font `AMSa' on input line 93.
LaTeX Font Info:    Overwriting symbol font `AMSa' in version `normal'
(Font)                  U/msa/m/n --> U/txsya/m/n on input line 93.
LaTeX Font Info:    Overwriting symbol font `AMSa' in version `bold'
(Font)                  U/msa/m/n --> U/txsya/m/n on input line 93.
LaTeX Font Info:    Overwriting symbol font `AMSa' in version `bold'
(Font)                  U/txsya/m/n --> U/txsya/bx/n on input line 94.
LaTeX Font Info:    Redeclaring symbol font `AMSb' on input line 102.
LaTeX Font Info:    Overwriting symbol font `AMSb' in version `normal'
(Font)                  U/msb/m/n --> U/txsyb/m/n on input line 102.
LaTeX Font Info:    Overwriting symbol font `AMSb' in version `bold'
(Font)                  U/msb/m/n --> U/txsyb/m/n on input line 102.
LaTeX Font Info:    Overwriting symbol font `AMSb' in version `bold'
(Font)                  U/txsyb/m/n --> U/txsyb/bx/n on input line 103.
\symsymbolsC=\mathgroup8
LaTeX Font Info:    Overwriting symbol font `symbolsC' in version `bold'
(Font)                  U/txsyc/m/n --> U/txsyc/bx/n on input line 113.
LaTeX Font Info:    Redeclaring symbol font `largesymbols' on input line 120.
LaTeX Font Info:    Overwriting symbol font `largesymbols' in version `normal'
(Font)                  OMX/lmex/m/n --> OMX/txex/m/n on input line 120.
LaTeX Font Info:    Overwriting symbol font `largesymbols' in version `bold'
(Font)                  OMX/lmex/m/n --> OMX/txex/m/n on input line 120.
LaTeX Font Info:    Overwriting symbol font `largesymbols' in version `bold'
(Font)                  OMX/txex/m/n --> OMX/txex/bx/n on input line 121.
\symlargesymbolsA=\mathgroup9
LaTeX Font Info:    Overwriting symbol font `largesymbolsA' in version `bold'
(Font)                  U/txexa/m/n --> U/txexa/bx/n on input line 129.
LaTeX Font Info:    Redeclaring math symbol \mathsterling on input line 164.
LaTeX Info: Redefining \not on input line 1043.
)
(c:/Users/michele.000/AppData/Roaming/TinyTeX/texmf-dist/tex/latex/mathtools/ma
thtools.sty
Package: mathtools 2021/04/12 v1.27 mathematical typesetting tools

(c:/Users/michele.000/AppData/Roaming/TinyTeX/texmf-dist/tex/latex/tools/calc.s
ty
Package: calc 2017/05/25 v4.3 Infix arithmetic (KKT,FJ)
\calc@Acount=\count284
\calc@Bcount=\count285
\calc@Adimen=\dimen159
\calc@Bdimen=\dimen160
\calc@Askip=\skip54
\calc@Bskip=\skip55
LaTeX Info: Redefining \setlength on input line 80.
LaTeX Info: Redefining \addtolength on input line 81.
\calc@Ccount=\count286
\calc@Cskip=\skip56
)
(c:/Users/michele.000/AppData/Roaming/TinyTeX/texmf-dist/tex/latex/mathtools/mh
setup.sty
Package: mhsetup 2021/03/18 v1.4 programming setup (MH)
)
LaTeX Info: Thecontrolsequence`\('isalreadyrobust on input line 130.
LaTeX Info: Thecontrolsequence`\)'isalreadyrobust on input line 130.
LaTeX Info: Thecontrolsequence`\['isalreadyrobust on input line 130.
LaTeX Info: Thecontrolsequence`\]'isalreadyrobust on input line 130.
\g_MT_multlinerow_int=\count287
\l_MT_multwidth_dim=\dimen161
\origjot=\skip57
\l_MT_shortvdotswithinadjustabove_dim=\dimen162
\l_MT_shortvdotswithinadjustbelow_dim=\dimen163
\l_MT_above_intertext_sep=\dimen164
\l_MT_below_intertext_sep=\dimen165
\l_MT_above_shortintertext_sep=\dimen166
\l_MT_below_shortintertext_sep=\dimen167
\xmathstrut@box=\box53
\xmathstrut@dim=\dimen168
)
(c:/Users/michele.000/AppData/Roaming/TinyTeX/texmf-dist/tex/latex/geometry/geo
metry.sty
Package: geometry 2020/01/02 v5.9 Page Geometry

(c:/Users/michele.000/AppData/Roaming/TinyTeX/texmf-dist/tex/generic/iftex/ifvt
ex.sty
Package: ifvtex 2019/10/25 v1.7 ifvtex legacy package. Use iftex instead.
)
\Gm@cnth=\count288
\Gm@cntv=\count289
\c@Gm@tempcnt=\count290
\Gm@bindingoffset=\dimen169
\Gm@wd@mp=\dimen170
\Gm@odd@mp=\dimen171
\Gm@even@mp=\dimen172
\Gm@layoutwidth=\dimen173
\Gm@layoutheight=\dimen174
\Gm@layouthoffset=\dimen175
\Gm@layoutvoffset=\dimen176
\Gm@dimlist=\toks24
)
(c:/Users/michele.000/AppData/Roaming/TinyTeX/texmf-dist/tex/latex/mnsymbol/MnS
ymbol.sty
Package: MnSymbol 2007/01/21 v1.4 support for the MnSymbol font
LaTeX Info: Redefining \dagger on input line 84.
LaTeX Info: Redefining \ddagger on input line 84.
LaTeX Info: Redefining \mathparagraph on input line 84.
LaTeX Info: Redefining \mathsection on input line 84.
LaTeX Info: Redefining \mathdollar on input line 84.
LaTeX Info: Redefining \mathsterling on input line 84.
LaTeX Info: Redefining \yen on input line 84.
LaTeX Info: Redefining \circledR on input line 84.
LaTeX Info: Redefining \circledS on input line 84.
LaTeX Info: Redefining \Re on input line 84.
LaTeX Info: Redefining \Im on input line 84.
LaTeX Info: Redefining \dotplus on input line 84.
LaTeX Info: Redefining \thicksim on input line 84.
LaTeX Info: Redefining \thickapprox on input line 84.
LaTeX Info: Redefining \veebar on input line 84.
LaTeX Info: Redefining \barwedge on input line 84.
LaTeX Info: Redefining \doublebarwedge on input line 84.
LaTeX Info: Redefining \centerdot on input line 84.
LaTeX Info: Redefining \divideontimes on input line 84.
\symMnSyA=\mathgroup10
\symMnSyB=\mathgroup11
\symMnSyC=\mathgroup12
\symMnSyD=\mathgroup13
LaTeX Font Info:    Redeclaring symbol font `largesymbols' on input line 119.
LaTeX Font Info:    Overwriting symbol font `largesymbols' in version `normal'
(Font)                  OMX/txex/m/n --> OMX/MnSymbolE/m/n on input line 119.
LaTeX Font Info:    Overwriting symbol font `largesymbols' in version `bold'
(Font)                  OMX/txex/bx/n --> OMX/MnSymbolE/m/n on input line 119.
LaTeX Font Info:    Redeclaring symbol font `symbols' on input line 120.
LaTeX Font Info:    Encoding `OMS' has changed to `U' for symbol font
(Font)              `symbols' in the math version `normal' on input line 120.
LaTeX Font Info:    Overwriting symbol font `symbols' in version `normal'
(Font)                  OMS/txsy/m/n --> U/MnSymbolF/m/n on input line 120.
LaTeX Font Info:    Encoding `OMS' has changed to `U' for symbol font
(Font)              `symbols' in the math version `bold' on input line 120.
LaTeX Font Info:    Overwriting symbol font `symbols' in version `bold'
(Font)                  OMS/txsy/bx/n --> U/MnSymbolF/m/n on input line 120.
LaTeX Font Info:    Overwriting symbol font `MnSyA' in version `bold'
(Font)                  U/MnSymbolA/m/n --> U/MnSymbolA/b/n on input line 121.
LaTeX Font Info:    Overwriting symbol font `MnSyB' in version `bold'
(Font)                  U/MnSymbolB/m/n --> U/MnSymbolB/b/n on input line 122.
LaTeX Font Info:    Overwriting symbol font `MnSyC' in version `bold'
(Font)                  U/MnSymbolC/m/n --> U/MnSymbolC/b/n on input line 123.
LaTeX Font Info:    Overwriting symbol font `MnSyD' in version `bold'
(Font)                  U/MnSymbolD/m/n --> U/MnSymbolD/b/n on input line 124.
LaTeX Font Info:    Overwriting symbol font `largesymbols' in version `bold'
(Font)                  OMX/MnSymbolE/m/n --> OMX/MnSymbolE/b/n on input line 1
25.
LaTeX Font Info:    Overwriting symbol font `symbols' in version `bold'
(Font)                  U/MnSymbolF/m/n --> U/MnSymbolF/b/n on input line 126.
LaTeX Font Info:    Redeclaring math alphabet \mathcal on input line 241.
LaTeX Font Info:    Overwriting math alphabet `\mathcal' in version `bold'
(Font)                  OMS/MnSymbolS/m/n --> OMS/MnSymbolS/b/n on input line 2
41.
LaTeX Info: Redefining \longrightarrow on input line 548.
LaTeX Info: Redefining \longleftarrow on input line 549.
LaTeX Info: Redefining \longleftrightarrow on input line 550.
LaTeX Info: Redefining \Longrightarrow on input line 551.
LaTeX Info: Redefining \Longleftarrow on input line 552.
LaTeX Info: Redefining \Longleftrightarrow on input line 553.
LaTeX Info: Redefining \longmapsto on input line 554.
LaTeX Info: Redefining \vdots on input line 868.
LaTeX Info: Redefining \coloneq on input line 1445.
LaTeX Font Info:    Redeclaring math symbol \braceld on input line 1721.
LaTeX Font Info:    Redeclaring math symbol \bracelu on input line 1722.
LaTeX Font Info:    Redeclaring math symbol \bracerd on input line 1723.
LaTeX Font Info:    Redeclaring math symbol \braceru on input line 1724.
LaTeX Info: Redefining \downbracefill on input line 1799.
LaTeX Info: Redefining \upbracefill on input line 1800.
LaTeX Info: Redefining \overbrace on input line 1819.
LaTeX Info: Redefining \underbrace on input line 1820.
LaTeX Info: Redefining \surd on input line 1843.
LaTeX Font Info:    Redeclaring math accent \widehat on input line 1845.
LaTeX Font Info:    Redeclaring math accent \widetilde on input line 1846.
LaTeX Font Info:    Redeclaring math accent \vec on input line 1848.
)
(c:/Users/michele.000/AppData/Roaming/TinyTeX/texmf-dist/tex/latex/appendix/app
endix.sty
Package: appendix 2020/02/08 v1.2c extra appendix facilities
\c@@pps=\count291
\c@@ppsavesec=\count292
\c@@ppsaveapp=\count293
)
(c:/Users/michele.000/AppData/Roaming/TinyTeX/texmf-dist/tex/latex/comment/comm
ent.sty
\CommentStream=\write4
Excluding comment 'comment')
(c:/Users/michele.000/AppData/Roaming/TinyTeX/texmf-dist/tex/latex/enumitem/enu
mitem.sty
Package: enumitem 2019/06/20 v3.9 Customized lists
\labelindent=\skip58
\enit@outerparindent=\dimen177
\enit@toks=\toks25
\enit@inbox=\box54
\enit@count@id=\count294
\enitdp@description=\count295
)
(c:/Users/michele.000/AppData/Roaming/TinyTeX/texmf-dist/tex/latex/ntheorem/nth
eorem.sty
Style `ntheorem', Version 1.33 <2011/08/15>
Package: ntheorem 2011/08/15 1.33

(c:/Users/michele.000/AppData/Roaming/TinyTeX/texmf-dist/tex/latex/base/ifthen.
sty
Package: ifthen 2020/11/24 v1.1c Standard LaTeX ifthen package (DPC)
)
\theorem@style=\toks26
\theorem@@style=\toks27
\theorembodyfont=\toks28
\theoremnumbering=\toks29
\theorempreskipamount=\skip59
\theorempostskipamount=\skip60
\theoremframepreskipamount=\skip61
\theoremframepostskipamount=\skip62
\theoreminframepreskipamount=\skip63
\theoreminframepostskipamount=\skip64
\theorem@preskip=\toks30
\theorem@postskip=\toks31
\theorem@framepreskip=\toks32
\theorem@framepostskip=\toks33
\theorem@inframepreskip=\toks34
\theorem@inframepostskip=\toks35
\theoremindent=\dimen178
\theorem@indent=\dimen179
\theoremrightindent=\dimen180
\theorem@rightindent=\dimen181
\theoremheaderfont=\toks36
\theoremseparator=\toks37
\theoremprework=\toks38
\theorempostwork=\toks39
\theoremsymbol=\toks40
\qedsymbol=\toks41
\theoremkeyword=\toks42
\qedsymbol=\toks43
\thm@topsep=\skip65
\thm@topsepadd=\skip66
)
(c:/Users/michele.000/AppData/Roaming/TinyTeX/texmf-dist/tex/latex/lipsum/lipsu
m.sty
(c:/Users/michele.000/AppData/Roaming/TinyTeX/texmf-dist/tex/latex/l3packages/l
3keys2e/l3keys2e.sty
(c:/Users/michele.000/AppData/Roaming/TinyTeX/texmf-dist/tex/latex/l3kernel/exp
l3.sty
Package: expl3 2021-07-12 L3 programming layer (loader) 

(c:/Users/michele.000/AppData/Roaming/TinyTeX/texmf-dist/tex/latex/l3backend/l3
backend-pdftex.def
File: l3backend-pdftex.def 2021-07-12 L3 backend support: PDF output (pdfTeX)
\l__color_backend_stack_int=\count296
\l__pdf_internal_box=\box55
))
Package: l3keys2e 2021-06-18 LaTeX2e option processing using LaTeX3 keys
)
Package: lipsum 2021-06-03 v2.4 150 paragraphs of Lorem Ipsum dummy text
\g__lipsum_par_int=\count297
\l__lipsum_a_int=\count298
\l__lipsum_b_int=\count299

(c:/Users/michele.000/AppData/Roaming/TinyTeX/texmf-dist/tex/latex/lipsum/lipsu
m.ltd.tex))
\c@thm=\count300
\c@proposition=\count301
\c@assumption=\count302
\c@lemma=\count303
\c@definition=\count304
\c@proof*=\count305
\c@algorithm=\count306

(c:/Users/michele.000/AppData/Roaming/TinyTeX/texmf-dist/tex/latex/float/float.
sty
Package: float 2001/11/08 v1.3d Float enhancements (AL)
\c@float@type=\count307
\float@exts=\toks44
\float@box=\box56
\@float@everytoks=\toks45
\@floatcapt=\box57
)
(c:/Users/michele.000/AppData/Roaming/TinyTeX/texmf-dist/tex/latex/booktabs/boo
ktabs.sty
Package: booktabs 2020/01/12 v1.61803398 Publication quality tables
\heavyrulewidth=\dimen182
\lightrulewidth=\dimen183
\cmidrulewidth=\dimen184
\belowrulesep=\dimen185
\belowbottomsep=\dimen186
\aboverulesep=\dimen187
\abovetopsep=\dimen188
\cmidrulesep=\dimen189
\cmidrulekern=\dimen190
\defaultaddspace=\dimen191
\@cmidla=\count308
\@cmidlb=\count309
\@aboverulesep=\dimen192
\@belowrulesep=\dimen193
\@thisruleclass=\count310
\@lastruleclass=\count311
\@thisrulewidth=\dimen194
)
(c:/Users/michele.000/AppData/Roaming/TinyTeX/texmf-dist/tex/latex/tools/longta
ble.sty
Package: longtable 2021-05-07 v4.16 Multi-page Table package (DPC)
\LTleft=\skip67
\LTright=\skip68
\LTpre=\skip69
\LTpost=\skip70
\LTchunksize=\count312
\LTcapwidth=\dimen195
\LT@head=\box58
\LT@firsthead=\box59
\LT@foot=\box60
\LT@lastfoot=\box61
\LT@gbox=\box62
\LT@cols=\count313
\LT@rows=\count314
\c@LT@tables=\count315
\c@LT@chunks=\count316
\LT@p@ftn=\toks46
)
(c:/Users/michele.000/AppData/Roaming/TinyTeX/texmf-dist/tex/latex/tools/array.
sty
Package: array 2021/04/20 v2.5e Tabular extension package (FMi)
\col@sep=\dimen196
\ar@mcellbox=\box63
\extrarowheight=\dimen197
\NC@list=\toks47
\extratabsurround=\skip71
\backup@length=\skip72
\ar@cellbox=\box64
)
(c:/Users/michele.000/AppData/Roaming/TinyTeX/texmf-dist/tex/latex/multirow/mul
tirow.sty
Package: multirow 2021/03/15 v2.8 Span multiple rows of a table
\multirow@colwidth=\skip73
\multirow@cntb=\count317
\multirow@dima=\skip74
\bigstrutjot=\dimen198
)
(c:/Users/michele.000/AppData/Roaming/TinyTeX/texmf-dist/tex/latex/wrapfig/wrap
fig.sty
\wrapoverhang=\dimen199
\WF@size=\dimen256
\c@WF@wrappedlines=\count318
\WF@box=\box65
\WF@everypar=\toks48
Package: wrapfig 2003/01/31  v 3.6
)
(c:/Users/michele.000/AppData/Roaming/TinyTeX/texmf-dist/tex/latex/colortbl/col
ortbl.sty
Package: colortbl 2020/01/04 v1.0e Color table columns (DPC)
\everycr=\toks49
\minrowclearance=\skip75
)
(c:/Users/michele.000/AppData/Roaming/TinyTeX/texmf-dist/tex/latex/pdflscape/pd
flscape.sty
Package: pdflscape 2019/12/05 v0.12 Display of landscape pages in PDF (HO)

(c:/Users/michele.000/AppData/Roaming/TinyTeX/texmf-dist/tex/latex/graphics/lsc
ape.sty
Package: lscape 2020/05/28 v3.02 Landscape Pages (DPC)
)
Package pdflscape Info: Auto-detected driver: pdftex on input line 81.
)
(c:/Users/michele.000/AppData/Roaming/TinyTeX/texmf-dist/tex/latex/tabu/tabu.st
y
Package: tabu 2019/01/11 v2.9 - flexible LaTeX tabulars (FC+tabu-fixed)

(c:/Users/michele.000/AppData/Roaming/TinyTeX/texmf-dist/tex/latex/varwidth/var
width.sty
Package: varwidth 2009/03/30 ver 0.92;  Variable-width minipages
\@vwid@box=\box66
\sift@deathcycles=\count319
\@vwid@loff=\dimen257
\@vwid@roff=\dimen258
)
\c@taburow=\count320
\tabu@nbcols=\count321
\tabu@cnt=\count322
\tabu@Xcol=\count323
\tabu@alloc=\count324
\tabu@nested=\count325
\tabu@target=\dimen259
\tabu@spreadtarget=\dimen260
\tabu@naturalX=\dimen261
\tabucolX=\dimen262
\tabu@Xsum=\dimen263
\extrarowdepth=\dimen264
\abovetabulinesep=\dimen265
\belowtabulinesep=\dimen266
\tabustrutrule=\dimen267
\tabu@thebody=\toks50
\tabu@footnotes=\toks51
\tabu@box=\box67
\tabu@arstrutbox=\box68
\tabu@hleads=\box69
\tabu@vleads=\box70
\tabu@cellskip=\skip76
)
(c:/Users/michele.000/AppData/Roaming/TinyTeX/texmf-dist/tex/latex/threeparttab
le/threeparttable.sty
Package: threeparttable 2003/06/13  v 3.0
\@tempboxb=\box71
)
(c:/Users/michele.000/AppData/Roaming/TinyTeX/texmf-dist/tex/latex/threeparttab
lex/threeparttablex.sty
Package: threeparttablex 2013/07/23 v0.3 by daleif

(c:/Users/michele.000/AppData/Roaming/TinyTeX/texmf-dist/tex/latex/environ/envi
ron.sty
Package: environ 2014/05/04 v0.3 A new way to define environments

(c:/Users/michele.000/AppData/Roaming/TinyTeX/texmf-dist/tex/latex/trimspaces/t
rimspaces.sty
Package: trimspaces 2009/09/17 v1.1 Trim spaces around a token list
))
\TPTL@width=\skip77
)
(c:/Users/michele.000/AppData/Roaming/TinyTeX/texmf-dist/tex/generic/ulem/ulem.
sty
\UL@box=\box72
\UL@hyphenbox=\box73
\UL@skip=\skip78
\UL@hook=\toks52
\UL@height=\dimen268
\UL@pe=\count326
\UL@pixel=\dimen269
\ULC@box=\box74
Package: ulem 2019/11/18
\ULdepth=\dimen270
)
(c:/Users/michele.000/AppData/Roaming/TinyTeX/texmf-dist/tex/latex/makecell/mak
ecell.sty
Package: makecell 2009/08/03 V0.1e Managing of Tab Column Heads and Cells
\rotheadsize=\dimen271
\c@nlinenum=\count327
\TeXr@lab=\toks53
)
LaTeX Font Info:    Trying to load font information for T1+txr on input line 17
3.

(c:/Users/michele.000/AppData/Roaming/TinyTeX/texmf-dist/tex/latex/txfonts/t1tx
r.fd
File: t1txr.fd 2000/12/15 v3.1
) (./prova_knit_finale.aux

LaTeX Warning: Label `sis_update' multiply defined.

)
\openout1 = `prova_knit_finale.aux'.

LaTeX Font Info:    Checking defaults for OML/txmi/m/it on input line 173.
LaTeX Font Info:    Trying to load font information for OML+txmi on input line 
173.

(c:/Users/michele.000/AppData/Roaming/TinyTeX/texmf-dist/tex/latex/txfonts/omlt
xmi.fd
File: omltxmi.fd 2000/12/15 v3.1
)
LaTeX Font Info:    ... okay on input line 173.
LaTeX Font Info:    Checking defaults for OMS/txsy/m/n on input line 173.
LaTeX Font Info:    Trying to load font information for OMS+txsy on input line 
173.

(c:/Users/michele.000/AppData/Roaming/TinyTeX/texmf-dist/tex/latex/txfonts/omst
xsy.fd
File: omstxsy.fd 2000/12/15 v3.1
)
LaTeX Font Info:    ... okay on input line 173.
LaTeX Font Info:    Checking defaults for OT1/cmr/m/n on input line 173.
LaTeX Font Info:    ... okay on input line 173.
LaTeX Font Info:    Checking defaults for T1/cmr/m/n on input line 173.
LaTeX Font Info:    ... okay on input line 173.
LaTeX Font Info:    Checking defaults for TS1/cmr/m/n on input line 173.
LaTeX Font Info:    ... okay on input line 173.
LaTeX Font Info:    Checking defaults for OMX/txex/m/n on input line 173.
LaTeX Font Info:    Trying to load font information for OMX+txex on input line 
173.

(c:/Users/michele.000/AppData/Roaming/TinyTeX/texmf-dist/tex/latex/txfonts/omxt
xex.fd
File: omxtxex.fd 2000/12/15 v3.1
)
LaTeX Font Info:    ... okay on input line 173.
LaTeX Font Info:    Checking defaults for U/txexa/m/n on input line 173.
LaTeX Font Info:    Trying to load font information for U+txexa on input line 1
73.

(c:/Users/michele.000/AppData/Roaming/TinyTeX/texmf-dist/tex/latex/txfonts/utxe
xa.fd
File: utxexa.fd 2000/12/15 v3.1
)
LaTeX Font Info:    ... okay on input line 173.
LaTeX Font Info:    Checking defaults for PD1/pdf/m/n on input line 173.
LaTeX Font Info:    ... okay on input line 173.
LaTeX Font Info:    Checking defaults for PU/pdf/m/n on input line 173.
LaTeX Font Info:    ... okay on input line 173.

(c:/Users/michele.000/AppData/Roaming/TinyTeX/texmf-dist/tex/latex/epstopdf-pkg
/epstopdf-base.sty
Package: epstopdf-base 2020-01-24 v2.11 Base part for package epstopdf
Package epstopdf-base Info: Redefining graphics rule for `.eps' on input line 4
85.

(c:/Users/michele.000/AppData/Roaming/TinyTeX/texmf-dist/tex/latex/latexconfig/
epstopdf-sys.cfg
File: epstopdf-sys.cfg 2010/07/13 v1.3 Configuration of (r)epstopdf for TeX Liv
e
))
Package hyperref Info: Link coloring OFF on input line 173.

(c:/Users/michele.000/AppData/Roaming/TinyTeX/texmf-dist/tex/latex/hyperref/nam
eref.sty
Package: nameref 2021-04-02 v2.47 Cross-referencing by name of section

(c:/Users/michele.000/AppData/Roaming/TinyTeX/texmf-dist/tex/latex/refcount/ref
count.sty
Package: refcount 2019/12/15 v3.6 Data extraction from label references (HO)
)
(c:/Users/michele.000/AppData/Roaming/TinyTeX/texmf-dist/tex/generic/gettitlest
ring/gettitlestring.sty
Package: gettitlestring 2019/12/15 v1.6 Cleanup title references (HO)
)
\c@section@level=\count328
)
LaTeX Info: Redefining \ref on input line 173.
LaTeX Info: Redefining \pageref on input line 173.
LaTeX Info: Redefining \nameref on input line 173.
(./prova_knit_finale.out) (./prova_knit_finale.out)
\@outlinefile=\write5
\openout5 = `prova_knit_finale.out'.

*geometry* driver: auto-detecting
*geometry* detected driver: pdftex
*geometry* verbose mode - [ preamble ] result:
* driver: pdftex
* paper: <default>
* layout: <same size as paper>
* layoutoffset:(h,v)=(0.0pt,0.0pt)
* bindingoffset: 42.67912pt
* modes: twoside 
* h-part:(L,W,R)=(85.35826pt, 400.89935pt, 85.35826pt)
* v-part:(T,H,B)=(85.35826pt, 624.25346pt, 85.35826pt)
* \paperwidth=614.295pt
* \paperheight=794.96999pt
* \textwidth=433.62pt
* \textheight=585.38744pt
* \oddsidemargin=0.0pt
* \evensidemargin=13.08827pt
* \topmargin=-7.22743pt
* \headheight=12.0pt
* \headsep=18.06749pt
* \topskip=10.0pt
* \footskip=25.29494pt
* \marginparwidth=125.0pt
* \marginparsep=7.0pt
* \columnsep=10.0pt
* \skip\footins=9.0pt plus 4.0pt minus 2.0pt
* \hoffset=0.0pt
* \voffset=0.0pt
* \mag=1000
* \@twocolumnfalse
* \@twosidetrue
* \@mparswitchtrue
* \@reversemarginfalse
* (1in=72.27pt=25.4mm, 1cm=28.453pt)

LaTeX Font Info:    Trying to load font information for OT1+txr on input line 1
76.

(c:/Users/michele.000/AppData/Roaming/TinyTeX/texmf-dist/tex/latex/txfonts/ot1t
xr.fd
File: ot1txr.fd 2000/12/15 v3.1
)
LaTeX Font Info:    Trying to load font information for U+txsya on input line 1
76.

(c:/Users/michele.000/AppData/Roaming/TinyTeX/texmf-dist/tex/latex/txfonts/utxs
ya.fd
File: utxsya.fd 2000/12/15 v3.1
)
LaTeX Font Info:    Trying to load font information for U+txsyb on input line 1
76.

(c:/Users/michele.000/AppData/Roaming/TinyTeX/texmf-dist/tex/latex/txfonts/utxs
yb.fd
File: utxsyb.fd 2000/12/15 v3.1
)
LaTeX Font Info:    Trying to load font information for U+txmia on input line 1
76.

(c:/Users/michele.000/AppData/Roaming/TinyTeX/texmf-dist/tex/latex/txfonts/utxm
ia.fd
File: utxmia.fd 2000/12/15 v3.1
)
LaTeX Font Info:    Trying to load font information for U+txsyc on input line 1
76.

(c:/Users/michele.000/AppData/Roaming/TinyTeX/texmf-dist/tex/latex/txfonts/utxs
yc.fd
File: utxsyc.fd 2000/12/15 v3.1
) [1



{c:/Users/michele.000/AppData/Roaming/TinyTeX/texmf-var/fonts/map/pdftex/updmap
/pdftex.map}] [2

]
LaTeX Font Info:    Font shape `T1/txr/b/n' in size <24.88> not available
(Font)              Font shape `T1/txr/bx/n' tried instead on input line 178.
[1

] [2

]
Chapter 1.
LaTeX Font Info:    Font shape `T1/txr/b/n' in size <20.74> not available
(Font)              Font shape `T1/txr/bx/n' tried instead on input line 180.
LaTeX Font Info:    Font shape `T1/txr/b/n' in size <14.4> not available
(Font)              Font shape `T1/txr/bx/n' tried instead on input line 182.
[3]
LaTeX Font Info:    Font shape `T1/txr/b/n' in size <10> not available
(Font)              Font shape `T1/txr/bx/n' tried instead on input line 223.
Package hyperref Info: bookmark level for unknown definition defaults to 0 on i
nput line 223.
LaTeX Font Info:    Trying to load font information for TS1+txr on input line 2
25.

(c:/Users/michele.000/AppData/Roaming/TinyTeX/texmf-dist/tex/latex/txfonts/ts1t
xr.fd
File: ts1txr.fd 2000/12/15 v3.1
)
Underfull \hbox (badness 10000) in paragraph at lines 260--264

 []

[4]
Underfull \hbox (badness 10000) in paragraph at lines 276--281

 []

Package hyperref Info: bookmark level for unknown proposition defaults to 0 on 
input line 283.

Underfull \hbox (badness 10000) in paragraph at lines 294--301

 []

[5] [6]
Chapter 2.

Underfull \hbox (badness 10000) in paragraph at lines 357--359

 []

Package hyperref Info: bookmark level for unknown lemma defaults to 0 on input 
line 360.
Package hyperref Info: bookmark level for unknown proof* defaults to 0 on input
 line 370.
[7

]
LaTeX Font Info:    Font shape `T1/txr/b/n' in size <12> not available
(Font)              Font shape `T1/txr/bx/n' tried instead on input line 419.

Package hyperref Warning: Difference (2) between bookmark levels is greater 
(hyperref)                than one, level fixed on input line 419.


Underfull \hbox (badness 10000) in paragraph at lines 421--425

 []

[8]
<prova_knit_finale_files/figure-latex/myfig-1.pdf, id=249, 578.16pt x 289.08pt>

File: prova_knit_finale_files/figure-latex/myfig-1.pdf Graphic file (type pdf)
<use prova_knit_finale_files/figure-latex/myfig-1.pdf>
Package pdftex.def Info: prova_knit_finale_files/figure-latex/myfig-1.pdf  used
 on input line 444.
(pdftex.def)             Requested size: 433.61893pt x 216.80946pt.
Package hyperref Info: bookmark level for unknown algorithm defaults to 0 on in
put line 453.
[9pdfTeX warning (ext4): destination with the same identifier (name{figure.2.1}
) has been already used, duplicate ignored
<argument> ...shipout:D \box_use:N \l_shipout_box 
                                                  \__shipout_drop_firstpage_...
l.455 \item I
             nitialize $x_{0} \sim N(m_{0},C_{0})$ <./prova_knit_finale_files/f
igure-latex/myfig-1.pdf>]
LaTeX Font Info:    Trying to load font information for T1+txtt on input line 4
74.

(c:/Users/michele.000/AppData/Roaming/TinyTeX/texmf-dist/tex/latex/txfonts/t1tx
tt.fd
File: t1txtt.fd 2000/12/15 v3.1
)
Underfull \hbox (badness 10000) in paragraph at lines 474--475

 []


Underfull \hbox (badness 10000) in paragraph at lines 479--481

 []

LaTeX Font Info:    Font shape `T1/txtt/b/n' in size <10> not available
(Font)              Font shape `T1/txtt/bx/n' tried instead on input line 498.
[10]
<prova_knit_finale_files/figure-latex/myfig2-1.pdf, id=273, 578.16pt x 289.08pt
>
File: prova_knit_finale_files/figure-latex/myfig2-1.pdf Graphic file (type pdf)

<use prova_knit_finale_files/figure-latex/myfig2-1.pdf>
Package pdftex.def Info: prova_knit_finale_files/figure-latex/myfig2-1.pdf  use
d on input line 528.
(pdftex.def)             Requested size: 433.61893pt x 216.80946pt.

Underfull \vbox (badness 10000) has occurred while \output is active []

[11] [12pdfTeX warning (ext4): destination with the same identifier (name{figur
e.2.2}) has been already used, duplicate ignored
<argument> ...shipout:D \box_use:N \l_shipout_box 
                                                  \__shipout_drop_firstpage_...
l.538 \chapter
              {Particle Filter} <./prova_knit_finale_files/figure-latex/myfig2-
1.pdf>]
Chapter 3.
[13

] [14] [15] [16] [17] [18] [19] [20]
Underfull \hbox (badness 10000) in paragraph at lines 908--909

 []


Underfull \hbox (badness 10000) in paragraph at lines 913--915

 []

[21]
<prova_knit_finale_files/figure-latex/unnamed-chunk-8-1.pdf, id=387, 578.16pt x
 289.08pt>
File: prova_knit_finale_files/figure-latex/unnamed-chunk-8-1.pdf Graphic file (
type pdf)
<use prova_knit_finale_files/figure-latex/unnamed-chunk-8-1.pdf>
Package pdftex.def Info: prova_knit_finale_files/figure-latex/unnamed-chunk-8-1
.pdf  used on input line 967.
(pdftex.def)             Requested size: 433.61893pt x 216.80946pt.
[22pdfTeX warning (ext4): destination with the same identifier (name{figure.3.1
}) has been already used, duplicate ignored
<argument> ...shipout:D \box_use:N \l_shipout_box 
                                                  \__shipout_drop_firstpage_...
l.985     \item \textbf
                       {For every $t=1,...T$:} <./prova_knit_finale_files/figur
e-latex/unnamed-chunk-8-1.pdf>] [23] [24]
Underfull \hbox (badness 10000) in paragraph at lines 1086--1087

 []


Underfull \hbox (badness 10000) in paragraph at lines 1091--1093

 []

[25]
<prova_knit_finale_files/figure-latex/myfig3-1.pdf, id=446, 578.16pt x 289.08pt
>
File: prova_knit_finale_files/figure-latex/myfig3-1.pdf Graphic file (type pdf)

<use prova_knit_finale_files/figure-latex/myfig3-1.pdf>
Package pdftex.def Info: prova_knit_finale_files/figure-latex/myfig3-1.pdf  use
d on input line 1153.
(pdftex.def)             Requested size: 433.61893pt x 216.80946pt.

Underfull \vbox (badness 10000) has occurred while \output is active []

[26]
<prova_knit_finale_files/figure-latex/myfig4-1.pdf, id=453, 722.7pt x 939.51pt>

File: prova_knit_finale_files/figure-latex/myfig4-1.pdf Graphic file (type pdf)

<use prova_knit_finale_files/figure-latex/myfig4-1.pdf>
Package pdftex.def Info: prova_knit_finale_files/figure-latex/myfig4-1.pdf  use
d on input line 1183.
(pdftex.def)             Requested size: 433.62334pt x 563.71036pt.

Underfull \vbox (badness 10000) has occurred while \output is active []

[27pdfTeX warning (ext4): destination with the same identifier (name{figure.3.2
}) has been already used, duplicate ignored
<argument> ...shipout:D \box_use:N \l_shipout_box 
                                                  \__shipout_drop_firstpage_...
l.1189 
        <./prova_knit_finale_files/figure-latex/myfig3-1.pdf>]
Overfull \vbox (26.48792pt too high) has occurred while \output is active []

[28pdfTeX warning (ext4): destination with the same identifier (name{figure.3.3
}) has been already used, duplicate ignored
<argument> ...shipout:D \box_use:N \l_shipout_box 
                                                  \__shipout_drop_firstpage_...
l.1189 
        <./prova_knit_finale_files/figure-latex/myfig4-1.pdf>]
Underfull \hbox (badness 10000) in paragraph at lines 1190--1191

 []

LaTeX Font Info:    Font shape `T1/txr/b/n' in size <8> not available
(Font)              Font shape `T1/txr/bx/n' tried instead on input line 1228.

LaTeX Warning: Citation `**' on page 29 undefined on input line 1228.

[29] [30]
Underfull \hbox (badness 10000) in paragraph at lines 1320--1321

 []

[31]
Underfull \hbox (badness 10000) in paragraph at lines 1325--1327

 []

[32]
<prova_knit_finale_files/figure-latex/unnamed-chunk-15-1.pdf, id=529, 578.16pt 
x 289.08pt>
File: prova_knit_finale_files/figure-latex/unnamed-chunk-15-1.pdf Graphic file 
(type pdf)
<use prova_knit_finale_files/figure-latex/unnamed-chunk-15-1.pdf>
Package pdftex.def Info: prova_knit_finale_files/figure-latex/unnamed-chunk-15-
1.pdf  used on input line 1384.
(pdftex.def)             Requested size: 433.61893pt x 216.80946pt.
[33pdfTeX warning (ext4): destination with the same identifier (name{figure.3.4
}) has been already used, duplicate ignored
<argument> ...shipout:D \box_use:N \l_shipout_box 
                                                  \__shipout_drop_firstpage_...
l.1407 \end{longtable}
                       <./prova_knit_finale_files/figure-latex/unnamed-chunk-15
-1.pdf>]
<prova_knit_finale_files/figure-latex/myfig5-1.pdf, id=547, 578.16pt x 289.08pt
>
File: prova_knit_finale_files/figure-latex/myfig5-1.pdf Graphic file (type pdf)

<use prova_knit_finale_files/figure-latex/myfig5-1.pdf>
Package pdftex.def Info: prova_knit_finale_files/figure-latex/myfig5-1.pdf  use
d on input line 1411.
(pdftex.def)             Requested size: 433.61893pt x 216.80946pt.
[34pdfTeX warning (ext4): destination with the same identifier (name{figure.3.5
}) has been already used, duplicate ignored
<argument> ...shipout:D \box_use:N \l_shipout_box 
                                                  \__shipout_drop_firstpage_...
l.1434 \end{equation}
                      Note that the computation of the auxiliary weights is <./
prova_knit_finale_files/figure-latex/myfig5-1.pdf>]
Underfull \hbox (badness 10000) in paragraph at lines 1442--1444

 []

[35] [36]
Underfull \hbox (badness 10000) in paragraph at lines 1548--1549

 []


Underfull \hbox (badness 10000) in paragraph at lines 1553--1555

 []

[37] [38]
<prova_knit_finale_files/figure-latex/unnamed-chunk-20-1.pdf, id=610, 578.16pt 
x 289.08pt>
File: prova_knit_finale_files/figure-latex/unnamed-chunk-20-1.pdf Graphic file 
(type pdf)
<use prova_knit_finale_files/figure-latex/unnamed-chunk-20-1.pdf>
Package pdftex.def Info: prova_knit_finale_files/figure-latex/unnamed-chunk-20-
1.pdf  used on input line 1614.
(pdftex.def)             Requested size: 433.61893pt x 216.80946pt.
<prova_knit_finale_files/figure-latex/myfig6-1.pdf, id=612, 578.16pt x 289.08pt
>
File: prova_knit_finale_files/figure-latex/myfig6-1.pdf Graphic file (type pdf)

<use prova_knit_finale_files/figure-latex/myfig6-1.pdf>
Package pdftex.def Info: prova_knit_finale_files/figure-latex/myfig6-1.pdf  use
d on input line 1631.
(pdftex.def)             Requested size: 433.61893pt x 216.80946pt.
[39pdfTeX warning (ext4): destination with the same identifier (name{figure.3.6
}) has been already used, duplicate ignored
<argument> ...shipout:D \box_use:N \l_shipout_box 
                                                  \__shipout_drop_firstpage_...
l.1636 \end{figure}
                    <./prova_knit_finale_files/figure-latex/unnamed-chunk-20-1.
pdf>] [40pdfTeX warning (ext4): destination with the same identifier (name{figu
re.3.7}) has been already used, duplicate ignored
<argument> ...shipout:D \box_use:N \l_shipout_box 
                                                  \__shipout_drop_firstpage_...
l.1659 \item C
              ompute $ESS=\Bigg(\sum_{i=1}^{N}(w_{t}^{(i)})^{2}\Bigg)^{-1}$ <./
prova_knit_finale_files/figure-latex/myfig6-1.pdf>] [41]
<prova_knit_finale_files/figure-latex/unnamed-chunk-25-1.pdf, id=655, 578.16pt 
x 289.08pt>
File: prova_knit_finale_files/figure-latex/unnamed-chunk-25-1.pdf Graphic file 
(type pdf)
<use prova_knit_finale_files/figure-latex/unnamed-chunk-25-1.pdf>
Package pdftex.def Info: prova_knit_finale_files/figure-latex/unnamed-chunk-25-
1.pdf  used on input line 1723.
(pdftex.def)             Requested size: 433.61893pt x 216.80946pt.

Underfull \vbox (badness 10000) has occurred while \output is active []

[42] [43pdfTeX warning (ext4): destination with the same identifier (name{figur
e.3.8}) has been already used, duplicate ignored
<argument> ...shipout:D \box_use:N \l_shipout_box 
                                                  \__shipout_drop_firstpage_...
l.1756 
        <./prova_knit_finale_files/figure-latex/unnamed-chunk-25-1.pdf>]
Underfull \hbox (badness 2573) in paragraph at lines 1777--1778
[]\T1/txr/m/n/10 Compute the weighted average and the variance for the paramete
rs, respectively:
 []

[44] [45]
Underfull \hbox (badness 10000) in paragraph at lines 1887--1888

 []


Underfull \hbox (badness 10000) in paragraph at lines 1892--1894

 []

[46] [47]
Underfull \vbox (badness 10000) detected at line 1980
 []


Underfull \vbox (badness 10000) detected at line 1980
 []

[48]
<prova_knit_finale_files/figure-latex/unnamed-chunk-28-1.pdf, id=728, 578.16pt 
x 289.08pt>
File: prova_knit_finale_files/figure-latex/unnamed-chunk-28-1.pdf Graphic file 
(type pdf)
<use prova_knit_finale_files/figure-latex/unnamed-chunk-28-1.pdf>
Package pdftex.def Info: prova_knit_finale_files/figure-latex/unnamed-chunk-28-
1.pdf  used on input line 1989.
(pdftex.def)             Requested size: 433.61893pt x 216.80946pt.
[49pdfTeX warning (ext4): destination with the same identifier (name{figure.3.9
}) has been already used, duplicate ignored
<argument> ...shipout:D \box_use:N \l_shipout_box 
                                                  \__shipout_drop_firstpage_...
l.2006 
        <./prova_knit_finale_files/figure-latex/unnamed-chunk-28-1.pdf>] [50]
Chapter 4.
[51

]
Underfull \hbox (badness 10000) in paragraph at lines 2075--2092

 []

[52]
Underfull \vbox (badness 4072) has occurred while \output is active []

[53]
Underfull \hbox (badness 10000) in paragraph at lines 2183--2213

 []


Underfull \hbox (badness 10000) in paragraph at lines 2183--2213

 []


Underfull \hbox (badness 10000) in paragraph at lines 2183--2213

 []

[54] [55]
Underfull \hbox (badness 10000) in paragraph at lines 2225--2234

 []

<prova_knit_finale_files/figure-latex/unnamed-chunk-31-1.pdf, id=782, 578.16pt 
x 289.08pt>
File: prova_knit_finale_files/figure-latex/unnamed-chunk-31-1.pdf Graphic file 
(type pdf)
<use prova_knit_finale_files/figure-latex/unnamed-chunk-31-1.pdf>
Package pdftex.def Info: prova_knit_finale_files/figure-latex/unnamed-chunk-31-
1.pdf  used on input line 2243.
(pdftex.def)             Requested size: 433.61893pt x 216.80946pt.
[56pdfTeX warning (ext4): destination with the same identifier (name{figure.4.1
}) has been already used, duplicate ignored
<argument> ...shipout:D \box_use:N \l_shipout_box 
                                                  \__shipout_drop_firstpage_...
l.2263 
        <./prova_knit_finale_files/figure-latex/unnamed-chunk-31-1.pdf>]
<prova_knit_finale_files/figure-latex/unnamed-chunk-33-1.pdf, id=795, 578.16pt 
x 289.08pt>
File: prova_knit_finale_files/figure-latex/unnamed-chunk-33-1.pdf Graphic file 
(type pdf)
<use prova_knit_finale_files/figure-latex/unnamed-chunk-33-1.pdf>
Package pdftex.def Info: prova_knit_finale_files/figure-latex/unnamed-chunk-33-
1.pdf  used on input line 2296.
(pdftex.def)             Requested size: 433.61893pt x 216.80946pt.

Underfull \vbox (badness 10000) has occurred while \output is active []

[57] [58pdfTeX warning (ext4): destination with the same identifier (name{figur
e.4.2}) has been already used, duplicate ignored
<argument> ...shipout:D \box_use:N \l_shipout_box 
                                                  \__shipout_drop_firstpage_...
l.2341 
        <./prova_knit_finale_files/figure-latex/unnamed-chunk-33-1.pdf>]
Underfull \hbox (badness 10000) in paragraph at lines 2367--2370

 []


Underfull \vbox (badness 2662) has occurred while \output is active []

[59]
Underfull \hbox (badness 10000) in paragraph at lines 2373--2383

 []


Underfull \hbox (badness 10000) in paragraph at lines 2384--2401

 []


Underfull \hbox (badness 10000) in paragraph at lines 2402--2411

 []

[60] [61] [62] [63]
Underfull \hbox (badness 10000) in paragraph at lines 2545--2562

 []


Underfull \hbox (badness 10000) in paragraph at lines 2573--2584

 []

[64]
Overfull \hbox (1.0353pt too wide) has occurred while \output is active
\T1/txr/m/sl/10 4.5.  COMPARING CONSTANT AND STOCHASTIC VOLATILITY MODELS OF EQ
UITY RETURNS \T1/txr/m/n/10 65
 []

[65]
<prova_knit_finale_files/figure-latex/cll_plot-1.pdf, id=872, 722.7pt x 216.81p
t>
File: prova_knit_finale_files/figure-latex/cll_plot-1.pdf Graphic file (type pd
f)
<use prova_knit_finale_files/figure-latex/cll_plot-1.pdf>
Package pdftex.def Info: prova_knit_finale_files/figure-latex/cll_plot-1.pdf  u
sed on input line 2670.
(pdftex.def)             Requested size: 433.62334pt x 130.08699pt.
[66]
Underfull \hbox (badness 10000) in paragraph at lines 2686--2709

 []

[67pdfTeX warning (ext4): destination with the same identifier (name{figure.4.3
}) has been already used, duplicate ignored
<argument> ...shipout:D \box_use:N \l_shipout_box 
                                                  \__shipout_drop_firstpage_...
l.2710 A
         considerable amount of research in the 1990s and 2000s has focused on 
<./prova_knit_finale_files/figure-latex/cll_plot-1.pdf>]
Underfull \hbox (badness 10000) in paragraph at lines 2737--2748

 []


Underfull \hbox (badness 10000) in paragraph at lines 2749--2766

 []

[68]
Underfull \hbox (badness 10000) in paragraph at lines 2769--2776

 []

[69] [70]
Underfull \hbox (badness 10000) in paragraph at lines 2843--2844

 []


Underfull \hbox (badness 10000) in paragraph at lines 2845--2848

 []


Underfull \hbox (badness 10000) in paragraph at lines 2849--2852

 []


Underfull \hbox (badness 10000) in paragraph at lines 2853--2856

 []


Underfull \hbox (badness 10000) in paragraph at lines 2857--2861

 []


Underfull \hbox (badness 10000) in paragraph at lines 2862--2866

 []


Underfull \hbox (badness 10000) in paragraph at lines 2867--2869

 []


Underfull \hbox (badness 10000) in paragraph at lines 2870--2873

 []


Underfull \hbox (badness 10000) in paragraph at lines 2874--2877

 []

[71]
Underfull \hbox (badness 10000) in paragraph at lines 2878--2881

 []


Underfull \hbox (badness 10000) in paragraph at lines 2882--2885

 []


Underfull \hbox (badness 10000) in paragraph at lines 2886--2889

 []


Underfull \hbox (badness 10000) in paragraph at lines 2890--2892

 []


Underfull \hbox (badness 1221) in paragraph at lines 2893--2895
[]\T1/txr/m/n/10 Comte, F., & Renault, E. (1998). Long memory in continuous-tim
e stochastic volatility models.
 []


Underfull \hbox (badness 10000) in paragraph at lines 2893--2895

 []


Underfull \hbox (badness 10000) in paragraph at lines 2896--2900

 []


Underfull \hbox (badness 10000) in paragraph at lines 2901--2905

 []


Underfull \hbox (badness 10000) in paragraph at lines 2906--2908

 []


Underfull \hbox (badness 10000) in paragraph at lines 2909--2912

 []


Underfull \hbox (badness 10000) in paragraph at lines 2913--2916

 []

[72]
Underfull \hbox (badness 10000) in paragraph at lines 2917--2920

 []


Underfull \hbox (badness 10000) in paragraph at lines 2921--2923

 []


Underfull \hbox (badness 10000) in paragraph at lines 2924--2927

 []


Underfull \hbox (badness 10000) in paragraph at lines 2928--2930

 []


Underfull \hbox (badness 10000) in paragraph at lines 2931--2934

 []


Underfull \hbox (badness 10000) in paragraph at lines 2935--2937

 []


Underfull \hbox (badness 10000) in paragraph at lines 2938--2942

 []


Underfull \hbox (badness 10000) in paragraph at lines 2943--2946

 []


Underfull \hbox (badness 10000) in paragraph at lines 2947--2949

 []


Underfull \hbox (badness 10000) in paragraph at lines 2950--2953

 []

[73]
Underfull \hbox (badness 10000) in paragraph at lines 2954--2957

 []


Underfull \hbox (badness 10000) in paragraph at lines 2958--2961

 []


Underfull \hbox (badness 10000) in paragraph at lines 2962--2966

 []


Underfull \hbox (badness 10000) in paragraph at lines 2967--2969

 []


Underfull \hbox (badness 10000) in paragraph at lines 2970--2973

 []


Underfull \hbox (badness 10000) in paragraph at lines 2974--2977

 []


Underfull \hbox (badness 10000) in paragraph at lines 2978--2981

 []


Underfull \hbox (badness 10000) in paragraph at lines 2982--2985

 []


Underfull \hbox (badness 10000) in paragraph at lines 2986--2989

 []

[74]
Underfull \hbox (badness 10000) in paragraph at lines 2990--2994

 []


Underfull \hbox (badness 10000) in paragraph at lines 2995--2999

 []


Underfull \hbox (badness 10000) in paragraph at lines 3000--3003

 []


Underfull \hbox (badness 10000) in paragraph at lines 3004--3007

 []


Underfull \hbox (badness 10000) in paragraph at lines 3008--3010

 []


Underfull \hbox (badness 10000) in paragraph at lines 3011--3014

 []


Underfull \hbox (badness 10000) in paragraph at lines 3015--3018

 []


Underfull \hbox (badness 10000) in paragraph at lines 3019--3021

 []

[75] [76

]
Chapter 5.

Underfull \hbox (badness 10000) in paragraph at lines 3041--3043

 []


Underfull \hbox (badness 10000) in paragraph at lines 3061--3062

 []

[77]
Underfull \hbox (badness 10000) in paragraph at lines 3096--3097

 []


Underfull \hbox (badness 10000) in paragraph at lines 3101--3103

 []

[78] [79]
Underfull \hbox (badness 10000) in paragraph at lines 3155--3156

 []


Underfull \hbox (badness 10000) in paragraph at lines 3160--3162

 []

[80]
Underfull \hbox (badness 10000) in paragraph at lines 3220--3222

 []

LaTeX Font Info:    Font shape `T1/txtt/m/it' in size <10> not available
(Font)              Font shape `T1/txtt/m/sl' tried instead on input line 3252.

[81]
Underfull \hbox (badness 10000) in paragraph at lines 3280--3282

 []

[82] [83]
LaTeX Font Info:    Font shape `T1/txtt/b/it' in size <10> not available
(Font)              Font shape `T1/txtt/bx/it' tried instead on input line 3358
.
LaTeX Font Info:    Font shape `T1/txtt/bx/it' in size <10> not available
(Font)              Font shape `T1/txtt/bx/sl' tried instead on input line 3358
.
LaTeX Font Info:    Trying to load font information for TS1+txtt on input line 
3359.

(c:/Users/michele.000/AppData/Roaming/TinyTeX/texmf-dist/tex/latex/txfonts/ts1t
xtt.fd
File: ts1txtt.fd 2000/12/15 v3.1
)
LaTeX Font Info:    Font shape `TS1/txtt/b/it' in size <10> not available
(Font)              Font shape `TS1/txtt/bx/it' tried instead on input line 335
9.
LaTeX Font Info:    Font shape `TS1/txtt/bx/it' in size <10> not available
(Font)              Font shape `TS1/txtt/bx/sl' tried instead on input line 335
9.

Underfull \vbox (badness 10000) detected at line 3396
 []


Underfull \vbox (badness 10000) has occurred while \output is active []

[84]
Underfull \vbox (badness 10000) detected at line 3396
 []


Underfull \vbox (badness 10000) detected at line 3396
 []

[85]
Underfull \hbox (badness 10000) in paragraph at lines 3398--3399

 []


Underfull \hbox (badness 10000) in paragraph at lines 3403--3405

 []


Underfull \hbox (badness 10000) in paragraph at lines 3423--3424

 []

[86]
Underfull \hbox (badness 10000) in paragraph at lines 3458--3459

 []


Underfull \hbox (badness 10000) in paragraph at lines 3463--3465

 []


Underfull \hbox (badness 10000) in paragraph at lines 3483--3484

 []

[87] [88]
\tf@thm=\write6
\openout6 = `prova_knit_finale.thm'.

(./prova_knit_finale.aux)

LaTeX Warning: There were undefined references.


LaTeX Warning: There were multiply-defined labels.

Package rerunfilecheck Info: File `prova_knit_finale.out' has not changed.
(rerunfilecheck)             Checksum: 598599D5F06E6BE76FA0945909FA7880;7007.
 ) 
Here is how much of TeX's memory you used:
 18450 strings out of 480502
 280172 string characters out of 5897577
 663638 words of memory out of 5000000
 35340 multiletter control sequences out of 15000+600000
 514084 words of font info for 230 fonts, out of 8000000 for 9000
 14 hyphenation exceptions out of 8191
 70i,24n,81p,1128b,671s stack positions out of 5000i,500n,10000p,200000b,80000s
{c:/Users/michele.000/AppData/Roaming/TinyTeX/texmf-dist/fonts/enc/dvips/mnsy
mbol/MnSymbolC.enc}{c:/Users/michele.000/AppData/Roaming/TinyTeX/texmf-dist/fon
ts/enc/dvips/mnsymbol/MnSymbolD.enc}{c:/Users/michele.000/AppData/Roaming/TinyT
eX/texmf-dist/fonts/enc/dvips/mnsymbol/MnSymbolF.enc}{c:/Users/michele.000/AppD
ata/Roaming/TinyTeX/texmf-dist/fonts/enc/dvips/mnsymbol/MnSymbolE.enc}{c:/Users
/michele.000/AppData/Roaming/TinyTeX/texmf-dist/fonts/enc/dvips/mnsymbol/MnSymb
olS.enc}{c:/Users/michele.000/AppData/Roaming/TinyTeX/texmf-dist/fonts/enc/dvip
s/mnsymbol/MnSymbolA.enc}{c:/Users/michele.000/AppData/Roaming/TinyTeX/texmf-di
st/fonts/enc/dvips/base/8r.enc}<c:/Users/michele.000/AppData/Roaming/TinyTeX/te
xmf-dist/fonts/type1/public/mnsymbol/MnSymbol-Bold10.pfb><c:/Users/michele.000/
AppData/Roaming/TinyTeX/texmf-dist/fonts/type1/public/mnsymbol/MnSymbol10.pfb><
c:/Users/michele.000/AppData/Roaming/TinyTeX/texmf-dist/fonts/type1/public/mnsy
mbol/MnSymbol5.pfb><c:/Users/michele.000/AppData/Roaming/TinyTeX/texmf-dist/fon
ts/type1/public/mnsymbol/MnSymbol6.pfb><c:/Users/michele.000/AppData/Roaming/Ti
nyTeX/texmf-dist/fonts/type1/public/mnsymbol/MnSymbol7.pfb><c:/Users/michele.00
0/AppData/Roaming/TinyTeX/texmf-dist/fonts/type1/public/mnsymbol/MnSymbol8.pfb>
<c:/Users/michele.000/AppData/Roaming/TinyTeX/texmf-dist/fonts/type1/public/txf
onts/rtcxr.pfb><c:/Users/michele.000/AppData/Roaming/TinyTeX/texmf-dist/fonts/t
ype1/public/txfonts/rtxb.pfb><c:/Users/michele.000/AppData/Roaming/TinyTeX/texm
f-dist/fonts/type1/public/txfonts/rtxi.pfb><c:/Users/michele.000/AppData/Roamin
g/TinyTeX/texmf-dist/fonts/type1/public/txfonts/rtxmi.pfb><c:/Users/michele.000
/AppData/Roaming/TinyTeX/texmf-dist/fonts/type1/public/txfonts/rtxr.pfb><c:/Use
rs/michele.000/AppData/Roaming/TinyTeX/texmf-dist/fonts/type1/public/txfonts/t1
xbtt.pfb><c:/Users/michele.000/AppData/Roaming/TinyTeX/texmf-dist/fonts/type1/p
ublic/txfonts/t1xbtt.pfb><c:/Users/michele.000/AppData/Roaming/TinyTeX/texmf-di
st/fonts/type1/public/txfonts/t1xtt.pfb><c:/Users/michele.000/AppData/Roaming/T
inyTeX/texmf-dist/fonts/type1/public/txfonts/t1xtt.pfb><c:/Users/michele.000/Ap
pData/Roaming/TinyTeX/texmf-dist/fonts/type1/public/txfonts/tcxbtt.pfb><c:/User
s/michele.000/AppData/Roaming/TinyTeX/texmf-dist/fonts/type1/public/txfonts/txs
yb.pfb><c:/Users/michele.000/AppData/Roaming/TinyTeX/texmf-dist/fonts/type1/urw
/times/utmb8a.pfb><c:/Users/michele.000/AppData/Roaming/TinyTeX/texmf-dist/font
s/type1/urw/times/utmr8a.pfb><c:/Users/michele.000/AppData/Roaming/TinyTeX/texm
f-dist/fonts/type1/urw/times/utmr8a.pfb><c:/Users/michele.000/AppData/Roaming/T
inyTeX/texmf-dist/fonts/type1/urw/times/utmri8a.pfb>
Output written on prova_knit_finale.pdf (90 pages, 565375 bytes).
PDF statistics:
 1195 PDF objects out of 1200 (max. 8388607)
 1008 compressed objects within 11 object streams
 359 named destinations out of 1000 (max. 500000)
 383 words of extra memory for PDF output out of 10000 (max. 10000000)

