This is XeTeX, Version 3.141592653-2.6-0.999993 (TeX Live 2021/W32TeX) (preloaded format=xelatex 2021.8.7)  11 AUG 2021 09:45
entering extended mode
 restricted \write18 enabled.
 %&-line parsing enabled.
**Real-Dataset-SV.tex
(./Real-Dataset-SV.tex
LaTeX2e <2021-06-01> patch level 1
L3 programming layer <2021-07-12>
(c:/Users/michele.000/AppData/Roaming/TinyTeX/texmf-dist/tex/latex/base/article
.cls
Document Class: article 2021/02/12 v1.4n Standard LaTeX document class

(c:/Users/michele.000/AppData/Roaming/TinyTeX/texmf-dist/tex/latex/base/size10.
clo
File: size10.clo 2021/02/12 v1.4n Standard LaTeX file (size option)
)
\c@part=\count178
\c@section=\count179
\c@subsection=\count180
\c@subsubsection=\count181
\c@paragraph=\count182
\c@subparagraph=\count183
\c@figure=\count184
\c@table=\count185
\abovecaptionskip=\skip47
\belowcaptionskip=\skip48
\bibindent=\dimen138
)
(c:/Users/michele.000/AppData/Roaming/TinyTeX/texmf-dist/tex/latex/amsmath/amsm
ath.sty
Package: amsmath 2021/04/20 v2.17j AMS math features
\@mathmargin=\skip49
For additional information on amsmath, use the `?' option.

(c:/Users/michele.000/AppData/Roaming/TinyTeX/texmf-dist/tex/latex/amsmath/amst
ext.sty
Package: amstext 2000/06/29 v2.01 AMS text

(c:/Users/michele.000/AppData/Roaming/TinyTeX/texmf-dist/tex/latex/amsmath/amsg
en.sty
File: amsgen.sty 1999/11/30 v2.0 generic functions
\@emptytoks=\toks16
\ex@=\dimen139
))
(c:/Users/michele.000/AppData/Roaming/TinyTeX/texmf-dist/tex/latex/amsmath/amsb
sy.sty
Package: amsbsy 1999/11/29 v1.2d Bold Symbols
\pmbraise@=\dimen140
)
(c:/Users/michele.000/AppData/Roaming/TinyTeX/texmf-dist/tex/latex/amsmath/amso
pn.sty
Package: amsopn 2016/03/08 v2.02 operator names
)
\inf@bad=\count186
LaTeX Info: Redefining \frac on input line 234.
\uproot@=\count187
\leftroot@=\count188
LaTeX Info: Redefining \overline on input line 399.
\classnum@=\count189
\DOTSCASE@=\count190
LaTeX Info: Redefining \ldots on input line 496.
LaTeX Info: Redefining \dots on input line 499.
LaTeX Info: Redefining \cdots on input line 620.
\Mathstrutbox@=\box50
\strutbox@=\box51
\big@size=\dimen141
LaTeX Font Info:    Redeclaring font encoding OML on input line 743.
LaTeX Font Info:    Redeclaring font encoding OMS on input line 744.
\macc@depth=\count191
\c@MaxMatrixCols=\count192
\dotsspace@=\muskip16
\c@parentequation=\count193
\dspbrk@lvl=\count194
\tag@help=\toks17
\row@=\count195
\column@=\count196
\maxfields@=\count197
\andhelp@=\toks18
\eqnshift@=\dimen142
\alignsep@=\dimen143
\tagshift@=\dimen144
\tagwidth@=\dimen145
\totwidth@=\dimen146
\lineht@=\dimen147
\@envbody=\toks19
\multlinegap=\skip50
\multlinetaggap=\skip51
\mathdisplay@stack=\toks20
LaTeX Info: Redefining \[ on input line 2923.
LaTeX Info: Redefining \] on input line 2924.
)
(c:/Users/michele.000/AppData/Roaming/TinyTeX/texmf-dist/tex/latex/amsfonts/ams
symb.sty
Package: amssymb 2013/01/14 v3.01 AMS font symbols

(c:/Users/michele.000/AppData/Roaming/TinyTeX/texmf-dist/tex/latex/amsfonts/ams
fonts.sty
Package: amsfonts 2013/01/14 v3.01 Basic AMSFonts support
\symAMSa=\mathgroup4
\symAMSb=\mathgroup5
LaTeX Font Info:    Redeclaring math symbol \hbar on input line 98.
LaTeX Font Info:    Overwriting math alphabet `\mathfrak' in version `bold'
(Font)                  U/euf/m/n --> U/euf/b/n on input line 106.
))
(c:/Users/michele.000/AppData/Roaming/TinyTeX/texmf-dist/tex/latex/lm/lmodern.s
ty
Package: lmodern 2015/05/01 v1.6.1 Latin Modern Fonts
LaTeX Font Info:    Overwriting symbol font `operators' in version `normal'
(Font)                  OT1/cmr/m/n --> OT1/lmr/m/n on input line 22.
LaTeX Font Info:    Overwriting symbol font `letters' in version `normal'
(Font)                  OML/cmm/m/it --> OML/lmm/m/it on input line 23.
LaTeX Font Info:    Overwriting symbol font `symbols' in version `normal'
(Font)                  OMS/cmsy/m/n --> OMS/lmsy/m/n on input line 24.
LaTeX Font Info:    Overwriting symbol font `largesymbols' in version `normal'
(Font)                  OMX/cmex/m/n --> OMX/lmex/m/n on input line 25.
LaTeX Font Info:    Overwriting symbol font `operators' in version `bold'
(Font)                  OT1/cmr/bx/n --> OT1/lmr/bx/n on input line 26.
LaTeX Font Info:    Overwriting symbol font `letters' in version `bold'
(Font)                  OML/cmm/b/it --> OML/lmm/b/it on input line 27.
LaTeX Font Info:    Overwriting symbol font `symbols' in version `bold'
(Font)                  OMS/cmsy/b/n --> OMS/lmsy/b/n on input line 28.
LaTeX Font Info:    Overwriting symbol font `largesymbols' in version `bold'
(Font)                  OMX/cmex/m/n --> OMX/lmex/m/n on input line 29.
LaTeX Font Info:    Overwriting math alphabet `\mathbf' in version `normal'
(Font)                  OT1/cmr/bx/n --> OT1/lmr/bx/n on input line 31.
LaTeX Font Info:    Overwriting math alphabet `\mathsf' in version `normal'
(Font)                  OT1/cmss/m/n --> OT1/lmss/m/n on input line 32.
LaTeX Font Info:    Overwriting math alphabet `\mathit' in version `normal'
(Font)                  OT1/cmr/m/it --> OT1/lmr/m/it on input line 33.
LaTeX Font Info:    Overwriting math alphabet `\mathtt' in version `normal'
(Font)                  OT1/cmtt/m/n --> OT1/lmtt/m/n on input line 34.
LaTeX Font Info:    Overwriting math alphabet `\mathbf' in version `bold'
(Font)                  OT1/cmr/bx/n --> OT1/lmr/bx/n on input line 35.
LaTeX Font Info:    Overwriting math alphabet `\mathsf' in version `bold'
(Font)                  OT1/cmss/bx/n --> OT1/lmss/bx/n on input line 36.
LaTeX Font Info:    Overwriting math alphabet `\mathit' in version `bold'
(Font)                  OT1/cmr/bx/it --> OT1/lmr/bx/it on input line 37.
LaTeX Font Info:    Overwriting math alphabet `\mathtt' in version `bold'
(Font)                  OT1/cmtt/m/n --> OT1/lmtt/m/n on input line 38.
)
(c:/Users/michele.000/AppData/Roaming/TinyTeX/texmf-dist/tex/generic/iftex/ifxe
tex.sty
Package: ifxetex 2019/10/25 v0.7 ifxetex legacy package. Use iftex instead.

(c:/Users/michele.000/AppData/Roaming/TinyTeX/texmf-dist/tex/generic/iftex/ifte
x.sty
Package: iftex 2020/03/06 v1.0d TeX engine tests
))
(c:/Users/michele.000/AppData/Roaming/TinyTeX/texmf-dist/tex/generic/iftex/iflu
atex.sty
Package: ifluatex 2019/10/25 v1.5 ifluatex legacy package. Use iftex instead.
)
(c:/Users/michele.000/AppData/Roaming/TinyTeX/texmf-dist/tex/latex/unicode-math
/unicode-math.sty
(c:/Users/michele.000/AppData/Roaming/TinyTeX/texmf-dist/tex/latex/l3kernel/exp
l3.sty
Package: expl3 2021-07-12 L3 programming layer (loader) 

(c:/Users/michele.000/AppData/Roaming/TinyTeX/texmf-dist/tex/latex/l3backend/l3
backend-xetex.def
File: l3backend-xetex.def 2021-08-04 L3 backend support: XeTeX
(|extractbb --version)
\c__kernel_sys_dvipdfmx_version_int=\count198
\l__color_backend_stack_int=\count199
\g__color_backend_stack_int=\count266
\g__graphics_track_int=\count267
\l__pdf_internal_box=\box52
\g__pdf_backend_object_int=\count268
\g__pdf_backend_annotation_int=\count269
\g__pdf_backend_link_int=\count270
))
Package: unicode-math 2020/01/31 v0.8q Unicode maths in XeLaTeX and LuaLaTeX

(c:/Users/michele.000/AppData/Roaming/TinyTeX/texmf-dist/tex/latex/unicode-math
/unicode-math-xetex.sty
Package: unicode-math-xetex 2020/01/31 v0.8q Unicode maths in XeLaTeX and LuaLa
TeX

(c:/Users/michele.000/AppData/Roaming/TinyTeX/texmf-dist/tex/latex/l3packages/x
parse/xparse.sty
Package: xparse 2021-08-04 L3 Experimental document command parser
)
(c:/Users/michele.000/AppData/Roaming/TinyTeX/texmf-dist/tex/latex/l3packages/l
3keys2e/l3keys2e.sty
Package: l3keys2e 2021-08-04 LaTeX2e option processing using LaTeX3 keys
)
(c:/Users/michele.000/AppData/Roaming/TinyTeX/texmf-dist/tex/latex/fontspec/fon
tspec.sty
Package: fontspec 2020/02/21 v2.7i Font selection for XeLaTeX and LuaLaTeX

(c:/Users/michele.000/AppData/Roaming/TinyTeX/texmf-dist/tex/latex/fontspec/fon
tspec-xetex.sty
Package: fontspec-xetex 2020/02/21 v2.7i Font selection for XeLaTeX and LuaLaTe
X
\l__fontspec_script_int=\count271
\l__fontspec_language_int=\count272
\l__fontspec_strnum_int=\count273
\l__fontspec_tmp_int=\count274
\l__fontspec_tmpa_int=\count275
\l__fontspec_tmpb_int=\count276
\l__fontspec_tmpc_int=\count277
\l__fontspec_em_int=\count278
\l__fontspec_emdef_int=\count279
\l__fontspec_strong_int=\count280
\l__fontspec_strongdef_int=\count281
\l__fontspec_tmpa_dim=\dimen148
\l__fontspec_tmpb_dim=\dimen149
\l__fontspec_tmpc_dim=\dimen150

(c:/Users/michele.000/AppData/Roaming/TinyTeX/texmf-dist/tex/latex/base/fontenc
.sty
Package: fontenc 2021/04/29 v2.0v Standard LaTeX package
)
(c:/Users/michele.000/AppData/Roaming/TinyTeX/texmf-dist/tex/latex/fontspec/fon
tspec.cfg)))
(c:/Users/michele.000/AppData/Roaming/TinyTeX/texmf-dist/tex/latex/base/fix-cm.
sty
Package: fix-cm 2020/11/24 v1.1t fixes to LaTeX

(c:/Users/michele.000/AppData/Roaming/TinyTeX/texmf-dist/tex/latex/base/ts1enc.
def
File: ts1enc.def 2001/06/05 v3.0e (jk/car/fm) Standard LaTeX file
LaTeX Font Info:    Redeclaring font encoding TS1 on input line 47.
))
\g__um_fam_int=\count282
\g__um_fonts_used_int=\count283
\l__um_primecount_int=\count284
\g__um_primekern_muskip=\muskip17

(c:/Users/michele.000/AppData/Roaming/TinyTeX/texmf-dist/tex/latex/unicode-math
/unicode-math-table.tex)))
(c:/Users/michele.000/AppData/Roaming/TinyTeX/texmf-dist/tex/latex/xcolor/xcolo
r.sty
Package: xcolor 2016/05/11 v2.12 LaTeX color extensions (UK)

(c:/Users/michele.000/AppData/Roaming/TinyTeX/texmf-dist/tex/latex/graphics-cfg
/color.cfg
File: color.cfg 2016/01/02 v1.6 sample color configuration
)
Package xcolor Info: Driver file: xetex.def on input line 225.

(c:/Users/michele.000/AppData/Roaming/TinyTeX/texmf-dist/tex/latex/graphics-def
/xetex.def
File: xetex.def 2021/03/18 v5.0k Graphics/color driver for xetex
)
Package xcolor Info: Model `cmy' substituted by `cmy0' on input line 1348.
Package xcolor Info: Model `RGB' extended on input line 1364.
Package xcolor Info: Model `HTML' substituted by `rgb' on input line 1366.
Package xcolor Info: Model `Hsb' substituted by `hsb' on input line 1367.
Package xcolor Info: Model `tHsb' substituted by `hsb' on input line 1368.
Package xcolor Info: Model `HSB' substituted by `hsb' on input line 1369.
Package xcolor Info: Model `Gray' substituted by `gray' on input line 1370.
Package xcolor Info: Model `wave' substituted by `hsb' on input line 1371.
)
(c:/Users/michele.000/AppData/Roaming/TinyTeX/texmf-dist/tex/latex/hyperref/hyp
erref.sty
Package: hyperref 2021-06-07 v7.00m Hypertext links for LaTeX

(c:/Users/michele.000/AppData/Roaming/TinyTeX/texmf-dist/tex/generic/ltxcmds/lt
xcmds.sty
Package: ltxcmds 2020-05-10 v1.25 LaTeX kernel commands for general use (HO)
)
(c:/Users/michele.000/AppData/Roaming/TinyTeX/texmf-dist/tex/generic/pdftexcmds
/pdftexcmds.sty
Package: pdftexcmds 2020-06-27 v0.33 Utility functions of pdfTeX for LuaTeX (HO
)

(c:/Users/michele.000/AppData/Roaming/TinyTeX/texmf-dist/tex/generic/infwarerr/
infwarerr.sty
Package: infwarerr 2019/12/03 v1.5 Providing info/warning/error messages (HO)
)
Package pdftexcmds Info: \pdf@primitive is available.
Package pdftexcmds Info: \pdf@ifprimitive is available.
Package pdftexcmds Info: \pdfdraftmode not found.
)
(c:/Users/michele.000/AppData/Roaming/TinyTeX/texmf-dist/tex/latex/graphics/key
val.sty
Package: keyval 2014/10/28 v1.15 key=value parser (DPC)
\KV@toks@=\toks21
)
(c:/Users/michele.000/AppData/Roaming/TinyTeX/texmf-dist/tex/generic/kvsetkeys/
kvsetkeys.sty
Package: kvsetkeys 2019/12/15 v1.18 Key value parser (HO)
)
(c:/Users/michele.000/AppData/Roaming/TinyTeX/texmf-dist/tex/generic/kvdefineke
ys/kvdefinekeys.sty
Package: kvdefinekeys 2019-12-19 v1.6 Define keys (HO)
)
(c:/Users/michele.000/AppData/Roaming/TinyTeX/texmf-dist/tex/generic/pdfescape/
pdfescape.sty
Package: pdfescape 2019/12/09 v1.15 Implements pdfTeX's escape features (HO)
)
(c:/Users/michele.000/AppData/Roaming/TinyTeX/texmf-dist/tex/latex/hycolor/hyco
lor.sty
Package: hycolor 2020-01-27 v1.10 Color options for hyperref/bookmark (HO)
)
(c:/Users/michele.000/AppData/Roaming/TinyTeX/texmf-dist/tex/latex/letltxmacro/
letltxmacro.sty
Package: letltxmacro 2019/12/03 v1.6 Let assignment for LaTeX macros (HO)
)
(c:/Users/michele.000/AppData/Roaming/TinyTeX/texmf-dist/tex/latex/auxhook/auxh
ook.sty
Package: auxhook 2019-12-17 v1.6 Hooks for auxiliary files (HO)
)
(c:/Users/michele.000/AppData/Roaming/TinyTeX/texmf-dist/tex/latex/kvoptions/kv
options.sty
Package: kvoptions 2020-10-07 v3.14 Key value format for package options (HO)
)
\@linkdim=\dimen151
\Hy@linkcounter=\count285
\Hy@pagecounter=\count286

(c:/Users/michele.000/AppData/Roaming/TinyTeX/texmf-dist/tex/latex/hyperref/pd1
enc.def
File: pd1enc.def 2021-06-07 v7.00m Hyperref: PDFDocEncoding definition (HO)
)
(c:/Users/michele.000/AppData/Roaming/TinyTeX/texmf-dist/tex/latex/hyperref/hyp
erref-langpatches.def
File: hyperref-langpatches.def 2021-06-07 v7.00m Hyperref: patches for babel la
nguages
)
(c:/Users/michele.000/AppData/Roaming/TinyTeX/texmf-dist/tex/generic/intcalc/in
tcalc.sty
Package: intcalc 2019/12/15 v1.3 Expandable calculations with integers (HO)
)
(c:/Users/michele.000/AppData/Roaming/TinyTeX/texmf-dist/tex/generic/etexcmds/e
texcmds.sty
Package: etexcmds 2019/12/15 v1.7 Avoid name clashes with e-TeX commands (HO)
)
\Hy@SavedSpaceFactor=\count287

(c:/Users/michele.000/AppData/Roaming/TinyTeX/texmf-dist/tex/latex/hyperref/pue
nc.def
File: puenc.def 2021-06-07 v7.00m Hyperref: PDF Unicode definition (HO)
)
Package hyperref Info: Option `unicode' set `true' on input line 4073.
Package hyperref Info: Hyper figures OFF on input line 4192.
Package hyperref Info: Link nesting OFF on input line 4197.
Package hyperref Info: Hyper index ON on input line 4200.
Package hyperref Info: Plain pages OFF on input line 4207.
Package hyperref Info: Backreferencing OFF on input line 4212.
Package hyperref Info: Implicit mode ON; LaTeX internals redefined.
Package hyperref Info: Bookmarks ON on input line 4445.
\c@Hy@tempcnt=\count288
(c:/Users/michele.000/AppData/Roaming/TinyTeX/texmf-dist/tex/latex/url/url.sty
\Urlmuskip=\muskip18
Package: url 2013/09/16  ver 3.4  Verb mode for urls, etc.
)
LaTeX Info: Redefining \url on input line 4804.
\XeTeXLinkMargin=\dimen152

(c:/Users/michele.000/AppData/Roaming/TinyTeX/texmf-dist/tex/generic/bitset/bit
set.sty
Package: bitset 2019/12/09 v1.3 Handle bit-vector datatype (HO)

(c:/Users/michele.000/AppData/Roaming/TinyTeX/texmf-dist/tex/generic/bigintcalc
/bigintcalc.sty
Package: bigintcalc 2019/12/15 v1.5 Expandable calculations on big integers (HO
)
))
\Fld@menulength=\count289
\Field@Width=\dimen153
\Fld@charsize=\dimen154
Package hyperref Info: Hyper figures OFF on input line 6076.
Package hyperref Info: Link nesting OFF on input line 6081.
Package hyperref Info: Hyper index ON on input line 6084.
Package hyperref Info: backreferencing OFF on input line 6091.
Package hyperref Info: Link coloring OFF on input line 6096.
Package hyperref Info: Link coloring with OCG OFF on input line 6101.
Package hyperref Info: PDF/A mode OFF on input line 6106.
LaTeX Info: Redefining \ref on input line 6146.
LaTeX Info: Redefining \pageref on input line 6150.

(c:/Users/michele.000/AppData/Roaming/TinyTeX/texmf-dist/tex/latex/base/atbegsh
i-ltx.sty
Package: atbegshi-ltx 2021/01/10 v1.0c Emulation of the original atbegshi
package with kernel methods
)
\Hy@abspage=\count290
\c@Item=\count291
\c@Hfootnote=\count292
)
Package hyperref Info: Driver (autodetected): hxetex.

(c:/Users/michele.000/AppData/Roaming/TinyTeX/texmf-dist/tex/latex/hyperref/hxe
tex.def
File: hxetex.def 2021-06-07 v7.00m Hyperref driver for XeTeX

(c:/Users/michele.000/AppData/Roaming/TinyTeX/texmf-dist/tex/generic/stringenc/
stringenc.sty
Package: stringenc 2019/11/29 v1.12 Convert strings between diff. encodings (HO
)
)
\pdfm@box=\box53
\c@Hy@AnnotLevel=\count293
\HyField@AnnotCount=\count294
\Fld@listcount=\count295
\c@bookmark@seq@number=\count296

(c:/Users/michele.000/AppData/Roaming/TinyTeX/texmf-dist/tex/latex/rerunfileche
ck/rerunfilecheck.sty
Package: rerunfilecheck 2019/12/05 v1.9 Rerun checks for auxiliary files (HO)

(c:/Users/michele.000/AppData/Roaming/TinyTeX/texmf-dist/tex/latex/base/atverye
nd-ltx.sty
Package: atveryend-ltx 2020/08/19 v1.0a Emulation of the original atvery packag
e
with kernel methods
)
(c:/Users/michele.000/AppData/Roaming/TinyTeX/texmf-dist/tex/generic/uniquecoun
ter/uniquecounter.sty
Package: uniquecounter 2019/12/15 v1.4 Provide unlimited unique counter (HO)
)
Package uniquecounter Info: New unique counter `rerunfilecheck' on input line 2
86.
)
\Hy@SectionHShift=\skip52
)
(c:/Users/michele.000/AppData/Roaming/TinyTeX/texmf-dist/tex/latex/graphics/gra
phicx.sty
Package: graphicx 2020/12/05 v1.2c Enhanced LaTeX Graphics (DPC,SPQR)

(c:/Users/michele.000/AppData/Roaming/TinyTeX/texmf-dist/tex/latex/graphics/gra
phics.sty
Package: graphics 2021/03/04 v1.4d Standard LaTeX Graphics (DPC,SPQR)

(c:/Users/michele.000/AppData/Roaming/TinyTeX/texmf-dist/tex/latex/graphics/tri
g.sty
Package: trig 2016/01/03 v1.10 sin cos tan (DPC)
)
(c:/Users/michele.000/AppData/Roaming/TinyTeX/texmf-dist/tex/latex/graphics-cfg
/graphics.cfg
File: graphics.cfg 2016/06/04 v1.11 sample graphics configuration
)
Package graphics Info: Driver file: xetex.def on input line 107.
)
\Gin@req@height=\dimen155
\Gin@req@width=\dimen156
)
(c:/Users/michele.000/AppData/Roaming/TinyTeX/texmf-dist/tex/generic/babel/babe
l.sty
Package: babel 2021/07/22 3.63 The Babel package

(c:/Users/michele.000/AppData/Roaming/TinyTeX/texmf-dist/tex/generic/babel/babe
l.def
File: babel.def 2021/07/22 3.63 Babel common definitions
\babel@savecnt=\count297
\U@D=\dimen157
\l@unhyphenated=\language3

(c:/Users/michele.000/AppData/Roaming/TinyTeX/texmf-dist/tex/generic/babel/xeba
bel.def
(c:/Users/michele.000/AppData/Roaming/TinyTeX/texmf-dist/tex/generic/babel/txtb
abel.def))
\bbl@readstream=\read2
)
\bbl@dirlevel=\count298
Package babel Info: You haven't specified a language. I'll use 'nil'
(babel)             as the main language. Reported on input line 1088.

(c:/Users/michele.000/AppData/Roaming/TinyTeX/texmf-dist/tex/generic/babel/nil.
ldf
Language: nil 2021/07/22 3.63 Nil language
\l@nil=\language4
))
(c:/Users/michele.000/AppData/Roaming/TinyTeX/texmf-dist/tex/latex/mathtools/ma
thtools.sty
Package: mathtools 2021/04/12 v1.27 mathematical typesetting tools

(c:/Users/michele.000/AppData/Roaming/TinyTeX/texmf-dist/tex/latex/tools/calc.s
ty
Package: calc 2017/05/25 v4.3 Infix arithmetic (KKT,FJ)
\calc@Acount=\count299
\calc@Bcount=\count300
\calc@Adimen=\dimen158
\calc@Bdimen=\dimen159
\calc@Askip=\skip53
\calc@Bskip=\skip54
LaTeX Info: Redefining \setlength on input line 80.
LaTeX Info: Redefining \addtolength on input line 81.
\calc@Ccount=\count301
\calc@Cskip=\skip55
)
(c:/Users/michele.000/AppData/Roaming/TinyTeX/texmf-dist/tex/latex/mathtools/mh
setup.sty
Package: mhsetup 2021/03/18 v1.4 programming setup (MH)
)
LaTeX Info: Thecontrolsequence`\('isalreadyrobust on input line 130.
LaTeX Info: Thecontrolsequence`\)'isalreadyrobust on input line 130.
LaTeX Info: Thecontrolsequence`\['isalreadyrobust on input line 130.
LaTeX Info: Thecontrolsequence`\]'isalreadyrobust on input line 130.
\g_MT_multlinerow_int=\count302
\l_MT_multwidth_dim=\dimen160
\origjot=\skip56
\l_MT_shortvdotswithinadjustabove_dim=\dimen161
\l_MT_shortvdotswithinadjustbelow_dim=\dimen162
\l_MT_above_intertext_sep=\dimen163
\l_MT_below_intertext_sep=\dimen164
\l_MT_above_shortintertext_sep=\dimen165
\l_MT_below_shortintertext_sep=\dimen166
\xmathstrut@box=\box54
\xmathstrut@dim=\dimen167
)
(c:/Users/michele.000/AppData/Roaming/TinyTeX/texmf-dist/tex/latex/float/float.
sty
Package: float 2001/11/08 v1.3d Float enhancements (AL)
\c@float@type=\count303
\float@exts=\toks22
\float@box=\box55
\@float@everytoks=\toks23
\@floatcapt=\box56
)
(c:/Users/michele.000/AppData/Roaming/TinyTeX/texmf-dist/tex/latex/booktabs/boo
ktabs.sty
Package: booktabs 2020/01/12 v1.61803398 Publication quality tables
\heavyrulewidth=\dimen168
\lightrulewidth=\dimen169
\cmidrulewidth=\dimen170
\belowrulesep=\dimen171
\belowbottomsep=\dimen172
\aboverulesep=\dimen173
\abovetopsep=\dimen174
\cmidrulesep=\dimen175
\cmidrulekern=\dimen176
\defaultaddspace=\dimen177
\@cmidla=\count304
\@cmidlb=\count305
\@aboverulesep=\dimen178
\@belowrulesep=\dimen179
\@thisruleclass=\count306
\@lastruleclass=\count307
\@thisrulewidth=\dimen180
)
(c:/Users/michele.000/AppData/Roaming/TinyTeX/texmf-dist/tex/latex/tools/longta
ble.sty
Package: longtable 2021-05-07 v4.16 Multi-page Table package (DPC)
\LTleft=\skip57
\LTright=\skip58
\LTpre=\skip59
\LTpost=\skip60
\LTchunksize=\count308
\LTcapwidth=\dimen181
\LT@head=\box57
\LT@firsthead=\box58
\LT@foot=\box59
\LT@lastfoot=\box60
\LT@gbox=\box61
\LT@cols=\count309
\LT@rows=\count310
\c@LT@tables=\count311
\c@LT@chunks=\count312
\LT@p@ftn=\toks24
)
(c:/Users/michele.000/AppData/Roaming/TinyTeX/texmf-dist/tex/latex/tools/array.
sty
Package: array 2021/04/20 v2.5e Tabular extension package (FMi)
\col@sep=\dimen182
\ar@mcellbox=\box62
\extrarowheight=\dimen183
\NC@list=\toks25
\extratabsurround=\skip61
\backup@length=\skip62
\ar@cellbox=\box63
)
(c:/Users/michele.000/AppData/Roaming/TinyTeX/texmf-dist/tex/latex/multirow/mul
tirow.sty
Package: multirow 2021/03/15 v2.8 Span multiple rows of a table
\multirow@colwidth=\skip63
\multirow@cntb=\count313
\multirow@dima=\skip64
\bigstrutjot=\dimen184
)
(c:/Users/michele.000/AppData/Roaming/TinyTeX/texmf-dist/tex/latex/wrapfig/wrap
fig.sty
\wrapoverhang=\dimen185
\WF@size=\dimen186
\c@WF@wrappedlines=\count314
\WF@box=\box64
\WF@everypar=\toks26
Package: wrapfig 2003/01/31  v 3.6
)
(c:/Users/michele.000/AppData/Roaming/TinyTeX/texmf-dist/tex/latex/colortbl/col
ortbl.sty
Package: colortbl 2020/01/04 v1.0e Color table columns (DPC)
\everycr=\toks27
\minrowclearance=\skip65
)
(c:/Users/michele.000/AppData/Roaming/TinyTeX/texmf-dist/tex/latex/pdflscape/pd
flscape.sty
Package: pdflscape 2019/12/05 v0.12 Display of landscape pages in PDF (HO)

(c:/Users/michele.000/AppData/Roaming/TinyTeX/texmf-dist/tex/latex/graphics/lsc
ape.sty
Package: lscape 2020/05/28 v3.02 Landscape Pages (DPC)
)
Package pdflscape Info: Auto-detected driver: dvipdfm (xetex) on input line 98.

)
(c:/Users/michele.000/AppData/Roaming/TinyTeX/texmf-dist/tex/latex/tabu/tabu.st
y
Package: tabu 2019/01/11 v2.9 - flexible LaTeX tabulars (FC+tabu-fixed)

(c:/Users/michele.000/AppData/Roaming/TinyTeX/texmf-dist/tex/latex/varwidth/var
width.sty
Package: varwidth 2009/03/30 ver 0.92;  Variable-width minipages
\@vwid@box=\box65
\sift@deathcycles=\count315
\@vwid@loff=\dimen187
\@vwid@roff=\dimen188
)
\c@taburow=\count316
\tabu@nbcols=\count317
\tabu@cnt=\count318
\tabu@Xcol=\count319
\tabu@alloc=\count320
\tabu@nested=\count321
\tabu@target=\dimen189
\tabu@spreadtarget=\dimen190
\tabu@naturalX=\dimen191
\tabucolX=\dimen192
\tabu@Xsum=\dimen193
\extrarowdepth=\dimen194
\abovetabulinesep=\dimen195
\belowtabulinesep=\dimen196
\tabustrutrule=\dimen197
\tabu@thebody=\toks28
\tabu@footnotes=\toks29
\tabu@box=\box66
\tabu@arstrutbox=\box67
\tabu@hleads=\box68
\tabu@vleads=\box69
\tabu@cellskip=\skip66
)
(c:/Users/michele.000/AppData/Roaming/TinyTeX/texmf-dist/tex/latex/threeparttab
le/threeparttable.sty
Package: threeparttable 2003/06/13  v 3.0
\@tempboxb=\box70
)
(c:/Users/michele.000/AppData/Roaming/TinyTeX/texmf-dist/tex/latex/threeparttab
lex/threeparttablex.sty
Package: threeparttablex 2013/07/23 v0.3 by daleif

(c:/Users/michele.000/AppData/Roaming/TinyTeX/texmf-dist/tex/latex/environ/envi
ron.sty
Package: environ 2014/05/04 v0.3 A new way to define environments

(c:/Users/michele.000/AppData/Roaming/TinyTeX/texmf-dist/tex/latex/trimspaces/t
rimspaces.sty
Package: trimspaces 2009/09/17 v1.1 Trim spaces around a token list
))
\TPTL@width=\skip67
)
(c:/Users/michele.000/AppData/Roaming/TinyTeX/texmf-dist/tex/generic/ulem/ulem.
sty
\UL@box=\box71
\UL@hyphenbox=\box72
\UL@skip=\skip68
\UL@hook=\toks30
\UL@height=\dimen198
\UL@pe=\count322
\UL@pixel=\dimen199
\ULC@box=\box73
Package: ulem 2019/11/18
\ULdepth=\dimen256
)
(c:/Users/michele.000/AppData/Roaming/TinyTeX/texmf-dist/tex/latex/makecell/mak
ecell.sty
Package: makecell 2009/08/03 V0.1e Managing of Tab Column Heads and Cells
\rotheadsize=\dimen257
\c@nlinenum=\count323
\TeXr@lab=\toks31
) (./Real-Dataset-SV.aux)
\openout1 = `Real-Dataset-SV.aux'.

LaTeX Font Info:    Checking defaults for OML/cmm/m/it on input line 86.
LaTeX Font Info:    ... okay on input line 86.
LaTeX Font Info:    Checking defaults for OMS/cmsy/m/n on input line 86.
LaTeX Font Info:    ... okay on input line 86.
LaTeX Font Info:    Checking defaults for OT1/cmr/m/n on input line 86.
LaTeX Font Info:    ... okay on input line 86.
LaTeX Font Info:    Checking defaults for T1/cmr/m/n on input line 86.
LaTeX Font Info:    ... okay on input line 86.
LaTeX Font Info:    Checking defaults for TS1/cmr/m/n on input line 86.
LaTeX Font Info:    ... okay on input line 86.
LaTeX Font Info:    Checking defaults for TU/lmr/m/n on input line 86.
LaTeX Font Info:    ... okay on input line 86.
LaTeX Font Info:    Checking defaults for OMX/cmex/m/n on input line 86.
LaTeX Font Info:    ... okay on input line 86.
LaTeX Font Info:    Checking defaults for U/cmr/m/n on input line 86.
LaTeX Font Info:    ... okay on input line 86.
LaTeX Font Info:    Checking defaults for PD1/pdf/m/n on input line 86.
LaTeX Font Info:    ... okay on input line 86.
LaTeX Font Info:    Checking defaults for PU/pdf/m/n on input line 86.
LaTeX Font Info:    ... okay on input line 86.
LaTeX Font Info:    Overwriting math alphabet `\mathrm' in version `normal'
(Font)                  OT1/lmr/m/n --> TU/lmr/m/n on input line 86.
LaTeX Font Info:    Overwriting math alphabet `\mathit' in version `normal'
(Font)                  OT1/lmr/m/it --> TU/lmr/m/it on input line 86.
LaTeX Font Info:    Overwriting math alphabet `\mathbf' in version `normal'
(Font)                  OT1/lmr/bx/n --> TU/lmr/bx/n on input line 86.
LaTeX Font Info:    Overwriting math alphabet `\mathsf' in version `normal'
(Font)                  OT1/lmss/m/n --> TU/lmss/m/n on input line 86.
LaTeX Font Info:    Overwriting math alphabet `\mathsf' in version `bold'
(Font)                  OT1/lmss/bx/n --> TU/lmss/bx/n on input line 86.
LaTeX Font Info:    Overwriting math alphabet `\mathtt' in version `normal'
(Font)                  OT1/lmtt/m/n --> TU/lmtt/m/n on input line 86.
LaTeX Font Info:    Overwriting math alphabet `\mathtt' in version `bold'
(Font)                  OT1/lmtt/m/n --> TU/lmtt/bx/n on input line 86.

Package fontspec Info: latinmodern-math scale = 0.9999964596882403.


Package fontspec Info: latinmodern-math scale = 0.9999964596882403.


Package fontspec Info: latinmodern-math scale = 0.9999964596882403.


Package fontspec Info: Font family 'latinmodern-math.otf(0)' created for font
(fontspec)             'latinmodern-math.otf' with options
(fontspec)             [Scale=MatchLowercase,BoldItalicFont={},ItalicFont={},Sm
allCapsFont={},Script=Math,BoldFont={latinmodern-math.otf}].
(fontspec)              
(fontspec)              This font family consists of the following NFSS
(fontspec)             series/shapes:
(fontspec)              
(fontspec)             - 'normal' (m/n) with NFSS spec.:
(fontspec)             <->s*[0.9999964596882403]"[latinmodern-math.otf]/OT:scri
pt=math;language=dflt;"
(fontspec)             - 'small caps'  (m/sc) with NFSS spec.: 
(fontspec)             - 'bold' (b/n) with NFSS spec.:
(fontspec)             <->s*[0.9999964596882403]"[latinmodern-math.otf]/OT:scri
pt=math;language=dflt;"
(fontspec)             - 'bold small caps'  (b/sc) with NFSS spec.: 

LaTeX Font Info:    Font shape `TU/latinmodern-math.otf(0)/m/n' will be
(Font)              scaled to size 10.0pt on input line 86.

Package fontspec Info: latinmodern-math scale = 0.9999964596882403.


Package fontspec Info: latinmodern-math scale = 0.9999964596882403.


Package fontspec Info: latinmodern-math scale = 0.9999964596882403.


Package fontspec Info: latinmodern-math scale = 0.9999964596882403.


Package fontspec Info: latinmodern-math scale = 0.9999964596882403.


Package fontspec Info: Font family 'latinmodern-math.otf(1)' created for font
(fontspec)             'latinmodern-math.otf' with options
(fontspec)             [Scale=MatchLowercase,BoldItalicFont={},ItalicFont={},Sm
allCapsFont={},Script=Math,SizeFeatures={{Size=8.5-},{Size=6-8.5,Font=latinmode
rn-math.otf,Style=MathScript},{Size=-6,Font=latinmodern-math.otf,Style=MathScri
ptScript}},BoldFont={latinmodern-math.otf}].
(fontspec)              
(fontspec)              This font family consists of the following NFSS
(fontspec)             series/shapes:
(fontspec)              
(fontspec)             - 'normal' (m/n) with NFSS spec.:
(fontspec)             <8.5->s*[0.9999964596882403]"[latinmodern-math.otf]/OT:s
cript=math;language=dflt;"<6-8.5>s*[0.9999964596882403]"[latinmodern-math.otf]/
OT:script=math;language=dflt;+ssty=0;"<-6>s*[0.9999964596882403]"[latinmodern-m
ath.otf]/OT:script=math;language=dflt;+ssty=1;"
(fontspec)             - 'small caps'  (m/sc) with NFSS spec.: 
(fontspec)             - 'bold' (b/n) with NFSS spec.:
(fontspec)             <->s*[0.9999964596882403]"[latinmodern-math.otf]/OT:scri
pt=math;language=dflt;"
(fontspec)             - 'bold small caps'  (b/sc) with NFSS spec.: 

LaTeX Font Info:    Font shape `TU/latinmodern-math.otf(1)/m/n' will be
(Font)              scaled to size 10.0pt on input line 86.
LaTeX Font Info:    Encoding `OT1' has changed to `TU' for symbol font
(Font)              `operators' in the math version `normal' on input line 86.
LaTeX Font Info:    Overwriting symbol font `operators' in version `normal'
(Font)                  OT1/lmr/m/n --> TU/latinmodern-math.otf(1)/m/n on input
 line 86.
LaTeX Font Info:    Encoding `OT1' has changed to `TU' for symbol font
(Font)              `operators' in the math version `bold' on input line 86.
LaTeX Font Info:    Overwriting symbol font `operators' in version `bold'
(Font)                  OT1/lmr/bx/n --> TU/latinmodern-math.otf(1)/b/n on inpu
t line 86.

Package fontspec Info: latinmodern-math scale = 0.9999964596882403.


Package fontspec Info: latinmodern-math scale = 1.000096459334209.


Package fontspec Info: latinmodern-math scale = 0.9999964596882403.


Package fontspec Info: latinmodern-math scale = 1.000096459334209.


Package fontspec Info: latinmodern-math scale = 0.9999964596882403.


Package fontspec Info: latinmodern-math scale = 1.000096459334209.


Package fontspec Info: latinmodern-math scale = 0.9999964596882403.


Package fontspec Info: latinmodern-math scale = 1.000096459334209.


Package fontspec Info: latinmodern-math scale = 0.9999964596882403.


Package fontspec Info: latinmodern-math scale = 1.000096459334209.


Package fontspec Info: Font family 'latinmodern-math.otf(2)' created for font
(fontspec)             'latinmodern-math.otf' with options
(fontspec)             [Scale=MatchLowercase,BoldItalicFont={},ItalicFont={},Sm
allCapsFont={},Script=Math,SizeFeatures={{Size=8.5-},{Size=6-8.5,Font=latinmode
rn-math.otf,Style=MathScript},{Size=-6,Font=latinmodern-math.otf,Style=MathScri
ptScript}},BoldFont={latinmodern-math.otf},ScaleAgain=1.0001,FontAdjustment={\f
ontdimen
(fontspec)             8\font =6.77pt\relax \fontdimen 9\font =3.94pt\relax
(fontspec)             \fontdimen 10\font =4.44pt\relax \fontdimen 11\font
(fontspec)             =6.86pt\relax \fontdimen 12\font =3.45pt\relax
(fontspec)             \fontdimen 13\font =3.63pt\relax \fontdimen 14\font
(fontspec)             =3.63pt\relax \fontdimen 15\font =2.89pt\relax
(fontspec)             \fontdimen 16\font =2.47pt\relax \fontdimen 17\font
(fontspec)             =2.47pt\relax \fontdimen 18\font =2.5pt\relax
(fontspec)             \fontdimen 19\font =2.0pt\relax \fontdimen 22\font
(fontspec)             =2.5pt\relax \fontdimen 20\font =0pt\relax \fontdimen
(fontspec)             21\font =0pt\relax }].
(fontspec)              
(fontspec)              This font family consists of the following NFSS
(fontspec)             series/shapes:
(fontspec)              
(fontspec)             - 'normal' (m/n) with NFSS spec.:
(fontspec)             <8.5->s*[1.000096459334209]"[latinmodern-math.otf]/OT:sc
ript=math;language=dflt;"<6-8.5>s*[1.000096459334209]"[latinmodern-math.otf]/OT
:script=math;language=dflt;+ssty=0;"<-6>s*[1.000096459334209]"[latinmodern-math
.otf]/OT:script=math;language=dflt;+ssty=1;"
(fontspec)             - 'small caps'  (m/sc) with NFSS spec.: 
(fontspec)             and font adjustment code:
(fontspec)             \fontdimen 8\font =6.77pt\relax \fontdimen 9\font
(fontspec)             =3.94pt\relax \fontdimen 10\font =4.44pt\relax
(fontspec)             \fontdimen 11\font =6.86pt\relax \fontdimen 12\font
(fontspec)             =3.45pt\relax \fontdimen 13\font =3.63pt\relax
(fontspec)             \fontdimen 14\font =3.63pt\relax \fontdimen 15\font
(fontspec)             =2.89pt\relax \fontdimen 16\font =2.47pt\relax
(fontspec)             \fontdimen 17\font =2.47pt\relax \fontdimen 18\font
(fontspec)             =2.5pt\relax \fontdimen 19\font =2.0pt\relax \fontdimen
(fontspec)             22\font =2.5pt\relax \fontdimen 20\font =0pt\relax
(fontspec)             \fontdimen 21\font =0pt\relax 
(fontspec)             - 'bold' (b/n) with NFSS spec.:
(fontspec)             <->s*[1.000096459334209]"[latinmodern-math.otf]/OT:scrip
t=math;language=dflt;"
(fontspec)             - 'bold small caps'  (b/sc) with NFSS spec.: 
(fontspec)             and font adjustment code:
(fontspec)             \fontdimen 8\font =6.77pt\relax \fontdimen 9\font
(fontspec)             =3.94pt\relax \fontdimen 10\font =4.44pt\relax
(fontspec)             \fontdimen 11\font =6.86pt\relax \fontdimen 12\font
(fontspec)             =3.45pt\relax \fontdimen 13\font =3.63pt\relax
(fontspec)             \fontdimen 14\font =3.63pt\relax \fontdimen 15\font
(fontspec)             =2.89pt\relax \fontdimen 16\font =2.47pt\relax
(fontspec)             \fontdimen 17\font =2.47pt\relax \fontdimen 18\font
(fontspec)             =2.5pt\relax \fontdimen 19\font =2.0pt\relax \fontdimen
(fontspec)             22\font =2.5pt\relax \fontdimen 20\font =0pt\relax
(fontspec)             \fontdimen 21\font =0pt\relax 

LaTeX Font Info:    Encoding `OMS' has changed to `TU' for symbol font
(Font)              `symbols' in the math version `normal' on input line 86.
LaTeX Font Info:    Overwriting symbol font `symbols' in version `normal'
(Font)                  OMS/lmsy/m/n --> TU/latinmodern-math.otf(2)/m/n on inpu
t line 86.
LaTeX Font Info:    Encoding `OMS' has changed to `TU' for symbol font
(Font)              `symbols' in the math version `bold' on input line 86.
LaTeX Font Info:    Overwriting symbol font `symbols' in version `bold'
(Font)                  OMS/lmsy/b/n --> TU/latinmodern-math.otf(2)/b/n on inpu
t line 86.

Package fontspec Info: latinmodern-math scale = 0.9999964596882403.


Package fontspec Info: latinmodern-math scale = 0.9998964600422715.


Package fontspec Info: latinmodern-math scale = 0.9999964596882403.


Package fontspec Info: latinmodern-math scale = 0.9998964600422715.


Package fontspec Info: latinmodern-math scale = 0.9999964596882403.


Package fontspec Info: latinmodern-math scale = 0.9998964600422715.


Package fontspec Info: latinmodern-math scale = 0.9999964596882403.


Package fontspec Info: latinmodern-math scale = 0.9998964600422715.


Package fontspec Info: latinmodern-math scale = 0.9999964596882403.


Package fontspec Info: latinmodern-math scale = 0.9998964600422715.


Package fontspec Info: Font family 'latinmodern-math.otf(3)' created for font
(fontspec)             'latinmodern-math.otf' with options
(fontspec)             [Scale=MatchLowercase,BoldItalicFont={},ItalicFont={},Sm
allCapsFont={},Script=Math,SizeFeatures={{Size=8.5-},{Size=6-8.5,Font=latinmode
rn-math.otf,Style=MathScript},{Size=-6,Font=latinmodern-math.otf,Style=MathScri
ptScript}},BoldFont={latinmodern-math.otf},ScaleAgain=0.9999,FontAdjustment={\f
ontdimen
(fontspec)             8\font =0.4pt\relax \fontdimen 9\font =2.0pt\relax
(fontspec)             \fontdimen 10\font =1.67pt\relax \fontdimen 11\font
(fontspec)             =1.11pt\relax \fontdimen 12\font =6.0pt\relax
(fontspec)             \fontdimen 13\font =0pt\relax }].
(fontspec)              
(fontspec)              This font family consists of the following NFSS
(fontspec)             series/shapes:
(fontspec)              
(fontspec)             - 'normal' (m/n) with NFSS spec.:
(fontspec)             <8.5->s*[0.9998964600422715]"[latinmodern-math.otf]/OT:s
cript=math;language=dflt;"<6-8.5>s*[0.9998964600422715]"[latinmodern-math.otf]/
OT:script=math;language=dflt;+ssty=0;"<-6>s*[0.9998964600422715]"[latinmodern-m
ath.otf]/OT:script=math;language=dflt;+ssty=1;"
(fontspec)             - 'small caps'  (m/sc) with NFSS spec.: 
(fontspec)             and font adjustment code:
(fontspec)             \fontdimen 8\font =0.4pt\relax \fontdimen 9\font
(fontspec)             =2.0pt\relax \fontdimen 10\font =1.67pt\relax
(fontspec)             \fontdimen 11\font =1.11pt\relax \fontdimen 12\font
(fontspec)             =6.0pt\relax \fontdimen 13\font =0pt\relax 
(fontspec)             - 'bold' (b/n) with NFSS spec.:
(fontspec)             <->s*[0.9998964600422715]"[latinmodern-math.otf]/OT:scri
pt=math;language=dflt;"
(fontspec)             - 'bold small caps'  (b/sc) with NFSS spec.: 
(fontspec)             and font adjustment code:
(fontspec)             \fontdimen 8\font =0.4pt\relax \fontdimen 9\font
(fontspec)             =2.0pt\relax \fontdimen 10\font =1.67pt\relax
(fontspec)             \fontdimen 11\font =1.11pt\relax \fontdimen 12\font
(fontspec)             =6.0pt\relax \fontdimen 13\font =0pt\relax 

LaTeX Font Info:    Encoding `OMX' has changed to `TU' for symbol font
(Font)              `largesymbols' in the math version `normal' on input line 8
6.
LaTeX Font Info:    Overwriting symbol font `largesymbols' in version `normal'
(Font)                  OMX/lmex/m/n --> TU/latinmodern-math.otf(3)/m/n on inpu
t line 86.
LaTeX Font Info:    Encoding `OMX' has changed to `TU' for symbol font
(Font)              `largesymbols' in the math version `bold' on input line 86.

LaTeX Font Info:    Overwriting symbol font `largesymbols' in version `bold'
(Font)                  OMX/lmex/m/n --> TU/latinmodern-math.otf(3)/b/n on inpu
t line 86.

Package unicode-math Warning: Using \overbracket and \underbracket from
(unicode-math)                `mathtools' package.
(unicode-math)                 
(unicode-math)                 Use \Uoverbracket and \Uunderbracket for
(unicode-math)                original `unicode-math' definition.


Package unicode-math Warning: I'm going to overwrite the following commands
(unicode-math)                from the `mathtools' package: 
(unicode-math)                 
(unicode-math)                     \dblcolon, \coloneqq, \Coloneqq, \eqqcolon.
(unicode-math)                
(unicode-math)                 
(unicode-math)                 Note that since I won't overwrite the other
(unicode-math)                colon-like commands, using them will lead to
(unicode-math)                inconsistencies.

Package hyperref Info: Link coloring OFF on input line 86.

(c:/Users/michele.000/AppData/Roaming/TinyTeX/texmf-dist/tex/latex/hyperref/nam
eref.sty
Package: nameref 2021-04-02 v2.47 Cross-referencing by name of section

(c:/Users/michele.000/AppData/Roaming/TinyTeX/texmf-dist/tex/latex/refcount/ref
count.sty
Package: refcount 2019/12/15 v3.6 Data extraction from label references (HO)
)
(c:/Users/michele.000/AppData/Roaming/TinyTeX/texmf-dist/tex/generic/gettitlest
ring/gettitlestring.sty
Package: gettitlestring 2019/12/15 v1.6 Cleanup title references (HO)
)
\c@section@level=\count324
)
LaTeX Info: Redefining \ref on input line 86.
LaTeX Info: Redefining \pageref on input line 86.
LaTeX Info: Redefining \nameref on input line 86.
(./Real-Dataset-SV.out) (./Real-Dataset-SV.out)
\@outlinefile=\write3
\openout3 = `Real-Dataset-SV.out'.

LaTeX Font Info:    Font shape `TU/latinmodern-math.otf(1)/m/n' will be
(Font)              scaled to size 12.0pt on input line 88.
LaTeX Font Info:    Font shape `TU/latinmodern-math.otf(1)/m/n' will be
(Font)              scaled to size 8.0pt on input line 88.
LaTeX Font Info:    Font shape `TU/latinmodern-math.otf(1)/m/n' will be
(Font)              scaled to size 6.0pt on input line 88.
LaTeX Font Info:    Trying to load font information for OML+lmm on input line 8
8.

(c:/Users/michele.000/AppData/Roaming/TinyTeX/texmf-dist/tex/latex/lm/omllmm.fd
File: omllmm.fd 2015/05/01 v1.6.1 Font defs for Latin Modern
)
LaTeX Font Info:    Font shape `TU/latinmodern-math.otf(2)/m/n' will be
(Font)              scaled to size 12.0011pt on input line 88.
LaTeX Font Info:    Font shape `TU/latinmodern-math.otf(2)/m/n' will be
(Font)              scaled to size 8.00073pt on input line 88.
LaTeX Font Info:    Font shape `TU/latinmodern-math.otf(2)/m/n' will be
(Font)              scaled to size 6.00055pt on input line 88.
LaTeX Font Info:    Font shape `TU/latinmodern-math.otf(3)/m/n' will be
(Font)              scaled to size 11.99872pt on input line 88.
LaTeX Font Info:    Font shape `TU/latinmodern-math.otf(3)/m/n' will be
(Font)              scaled to size 7.99915pt on input line 88.
LaTeX Font Info:    Font shape `TU/latinmodern-math.otf(3)/m/n' will be
(Font)              scaled to size 5.99936pt on input line 88.
LaTeX Font Info:    Trying to load font information for U+msa on input line 88.


(c:/Users/michele.000/AppData/Roaming/TinyTeX/texmf-dist/tex/latex/amsfonts/ums
a.fd
File: umsa.fd 2013/01/14 v3.01 AMS symbols A
)
LaTeX Font Info:    Trying to load font information for U+msb on input line 88.


(c:/Users/michele.000/AppData/Roaming/TinyTeX/texmf-dist/tex/latex/amsfonts/ums
b.fd
File: umsb.fd 2013/01/14 v3.01 AMS symbols B
)

LaTeX Warning: Reference `Forecast comparison' on page 1 undefined on input lin
e 109.


LaTeX Warning: Reference `Simulated SV data' on page 1 undefined on input line 
116.


LaTeX Warning: Reference `Simulated SV data' on page 1 undefined on input line 
120.

LaTeX Font Info:    Font shape `TU/latinmodern-math.otf(1)/m/n' will be
(Font)              scaled to size 7.0pt on input line 122.
LaTeX Font Info:    Font shape `TU/latinmodern-math.otf(1)/m/n' will be
(Font)              scaled to size 5.0pt on input line 122.
LaTeX Font Info:    Font shape `TU/latinmodern-math.otf(2)/m/n' will be
(Font)              scaled to size 10.00092pt on input line 122.
LaTeX Font Info:    Font shape `TU/latinmodern-math.otf(2)/m/n' will be
(Font)              scaled to size 7.00064pt on input line 122.
LaTeX Font Info:    Font shape `TU/latinmodern-math.otf(2)/m/n' will be
(Font)              scaled to size 5.00046pt on input line 122.
LaTeX Font Info:    Font shape `TU/latinmodern-math.otf(3)/m/n' will be
(Font)              scaled to size 9.99893pt on input line 122.
LaTeX Font Info:    Font shape `TU/latinmodern-math.otf(3)/m/n' will be
(Font)              scaled to size 6.99925pt on input line 122.
LaTeX Font Info:    Font shape `TU/latinmodern-math.otf(3)/m/n' will be
(Font)              scaled to size 4.99947pt on input line 122.

Underfull \hbox (badness 10000) in paragraph at lines 129--146

 []

[1

] [2] [3]
Underfull \hbox (badness 10000) in paragraph at lines 237--267

 []


Underfull \hbox (badness 10000) in paragraph at lines 237--267

 []


Underfull \hbox (badness 10000) in paragraph at lines 237--267

 []

[4]
Underfull \hbox (badness 10000) in paragraph at lines 279--288

 []

File: Real-Dataset-SV_files/figure-latex/unnamed-chunk-1-1.pdf Graphic file (ty
pe pdf)
<use Real-Dataset-SV_files/figure-latex/unnamed-chunk-1-1.pdf>
[5] [6]
File: Real-Dataset-SV_files/figure-latex/unnamed-chunk-3-1.pdf Graphic file (ty
pe pdf)
<use Real-Dataset-SV_files/figure-latex/unnamed-chunk-3-1.pdf>
[7] [8]
Underfull \hbox (badness 10000) in paragraph at lines 426--439

 []


Underfull \hbox (badness 10000) in paragraph at lines 442--452

 []

File: Real-Dataset-SV_files/figure-latex/unnamed-chunk-4-1.pdf Graphic file (ty
pe pdf)
<use Real-Dataset-SV_files/figure-latex/unnamed-chunk-4-1.pdf>
File: Real-Dataset-SV_files/figure-latex/unnamed-chunk-4-2.pdf Graphic file (ty
pe pdf)
<use Real-Dataset-SV_files/figure-latex/unnamed-chunk-4-2.pdf>
[9]
File: Real-Dataset-SV_files/figure-latex/unnamed-chunk-4-3.pdf Graphic file (ty
pe pdf)
<use Real-Dataset-SV_files/figure-latex/unnamed-chunk-4-3.pdf>
File: Real-Dataset-SV_files/figure-latex/unnamed-chunk-4-4.pdf Graphic file (ty
pe pdf)
<use Real-Dataset-SV_files/figure-latex/unnamed-chunk-4-4.pdf>
[10]
File: Real-Dataset-SV_files/figure-latex/unnamed-chunk-4-5.pdf Graphic file (ty
pe pdf)
<use Real-Dataset-SV_files/figure-latex/unnamed-chunk-4-5.pdf>
File: Real-Dataset-SV_files/figure-latex/unnamed-chunk-4-6.pdf Graphic file (ty
pe pdf)
<use Real-Dataset-SV_files/figure-latex/unnamed-chunk-4-6.pdf>
[11]
File: Real-Dataset-SV_files/figure-latex/unnamed-chunk-4-7.pdf Graphic file (ty
pe pdf)
<use Real-Dataset-SV_files/figure-latex/unnamed-chunk-4-7.pdf>
File: Real-Dataset-SV_files/figure-latex/unnamed-chunk-4-8.pdf Graphic file (ty
pe pdf)
<use Real-Dataset-SV_files/figure-latex/unnamed-chunk-4-8.pdf>
[12]
File: Real-Dataset-SV_files/figure-latex/unnamed-chunk-4-9.pdf Graphic file (ty
pe pdf)
<use Real-Dataset-SV_files/figure-latex/unnamed-chunk-4-9.pdf>
[13]
Underfull \hbox (badness 10000) in paragraph at lines 526--541

 []


Underfull \hbox (badness 10000) in paragraph at lines 542--551

 []

[14]
Underfull \hbox (badness 1024) in paragraph at lines 574--592
\TU/lmr/m/n/10 Error and the Mean Absolute Error to measure discrepancies from 
the
 []

[15] [16]
File: Real-Dataset-SV_files/figure-latex/unnamed-chunk-7-1.pdf Graphic file (ty
pe pdf)
<use Real-Dataset-SV_files/figure-latex/unnamed-chunk-7-1.pdf>
File: Real-Dataset-SV_files/figure-latex/unnamed-chunk-7-2.pdf Graphic file (ty
pe pdf)
<use Real-Dataset-SV_files/figure-latex/unnamed-chunk-7-2.pdf>
File: Real-Dataset-SV_files/figure-latex/unnamed-chunk-7-3.pdf Graphic file (ty
pe pdf)
<use Real-Dataset-SV_files/figure-latex/unnamed-chunk-7-3.pdf>
File: Real-Dataset-SV_files/figure-latex/unnamed-chunk-7-4.pdf Graphic file (ty
pe pdf)
<use Real-Dataset-SV_files/figure-latex/unnamed-chunk-7-4.pdf>
[17]
File: Real-Dataset-SV_files/figure-latex/unnamed-chunk-7-5.pdf Graphic file (ty
pe pdf)
<use Real-Dataset-SV_files/figure-latex/unnamed-chunk-7-5.pdf>
[18]
Underfull \hbox (badness 1881) in paragraph at lines 721--736
\TU/lmr/m/n/10 shows some sizable improvements even when passing from N=5000 to

 []


Underfull \hbox (badness 10000) in paragraph at lines 721--736

 []

[19]
Underfull \hbox (badness 10000) in paragraph at lines 747--755

 []

[20]
Underfull \hbox (badness 10000) in paragraph at lines 784--807

 []

[21]
Underfull \hbox (badness 10000) in paragraph at lines 835--846

 []


LaTeX Warning: Reference `pf_intro' on page 22 undefined on input line 850.


Underfull \hbox (badness 10000) in paragraph at lines 847--862

 []

[22]
File: Real-Dataset-SV_files/figure-latex/unnamed-chunk-12-1.pdf Graphic file (t
ype pdf)
<use Real-Dataset-SV_files/figure-latex/unnamed-chunk-12-1.pdf>
File: Real-Dataset-SV_files/figure-latex/unnamed-chunk-12-2.pdf Graphic file (t
ype pdf)
<use Real-Dataset-SV_files/figure-latex/unnamed-chunk-12-2.pdf>
File: Real-Dataset-SV_files/figure-latex/unnamed-chunk-12-3.pdf Graphic file (t
ype pdf)
<use Real-Dataset-SV_files/figure-latex/unnamed-chunk-12-3.pdf>
File: Real-Dataset-SV_files/figure-latex/unnamed-chunk-12-4.pdf Graphic file (t
ype pdf)
<use Real-Dataset-SV_files/figure-latex/unnamed-chunk-12-4.pdf>
[23]
File: Real-Dataset-SV_files/figure-latex/unnamed-chunk-12-5.pdf Graphic file (t
ype pdf)
<use Real-Dataset-SV_files/figure-latex/unnamed-chunk-12-5.pdf>
File: Real-Dataset-SV_files/figure-latex/unnamed-chunk-12-6.pdf Graphic file (t
ype pdf)
<use Real-Dataset-SV_files/figure-latex/unnamed-chunk-12-6.pdf>
[24]
File: Real-Dataset-SV_files/figure-latex/unnamed-chunk-12-7.pdf Graphic file (t
ype pdf)
<use Real-Dataset-SV_files/figure-latex/unnamed-chunk-12-7.pdf>
File: Real-Dataset-SV_files/figure-latex/unnamed-chunk-12-8.pdf Graphic file (t
ype pdf)
<use Real-Dataset-SV_files/figure-latex/unnamed-chunk-12-8.pdf>
[25]
File: Real-Dataset-SV_files/figure-latex/unnamed-chunk-12-9.pdf Graphic file (t
ype pdf)
<use Real-Dataset-SV_files/figure-latex/unnamed-chunk-12-9.pdf>
File: Real-Dataset-SV_files/figure-latex/unnamed-chunk-12-10.pdf Graphic file (
type pdf)
<use Real-Dataset-SV_files/figure-latex/unnamed-chunk-12-10.pdf>
[26]
File: Real-Dataset-SV_files/figure-latex/unnamed-chunk-12-11.pdf Graphic file (
type pdf)
<use Real-Dataset-SV_files/figure-latex/unnamed-chunk-12-11.pdf>
File: Real-Dataset-SV_files/figure-latex/unnamed-chunk-12-12.pdf Graphic file (
type pdf)
<use Real-Dataset-SV_files/figure-latex/unnamed-chunk-12-12.pdf>
[27]
Underfull \hbox (badness 10000) in paragraph at lines 960--974

 []

[28]
Overfull \hbox (25.26999pt too wide) in alignment at lines 975--988
 [] [] [] [] [] [] [] [] 
 []

[29]
Underfull \hbox (badness 10000) in paragraph at lines 1059--1060

 []


Underfull \hbox (badness 10000) in paragraph at lines 1061--1064

 []


Underfull \hbox (badness 10000) in paragraph at lines 1065--1068

 []

[30]
Underfull \hbox (badness 10000) in paragraph at lines 1069--1072

 []


Underfull \hbox (badness 10000) in paragraph at lines 1073--1077

 []


Underfull \hbox (badness 10000) in paragraph at lines 1078--1082

 []


Underfull \hbox (badness 10000) in paragraph at lines 1083--1085

 []


Underfull \hbox (badness 10000) in paragraph at lines 1086--1089

 []


Underfull \hbox (badness 10000) in paragraph at lines 1090--1093

 []


Underfull \hbox (badness 1184) in paragraph at lines 1094--1097
[]\TU/lmr/m/n/10 Chan, J. C. (2013). Moving average stochastic volatility model
s with
 []


Underfull \hbox (badness 10000) in paragraph at lines 1094--1097

 []


Underfull \hbox (badness 10000) in paragraph at lines 1098--1101

 []


Underfull \hbox (badness 10000) in paragraph at lines 1102--1105

 []


Underfull \hbox (badness 10000) in paragraph at lines 1106--1108

 []


Underfull \hbox (badness 10000) in paragraph at lines 1109--1111

 []

[31]
Underfull \hbox (badness 10000) in paragraph at lines 1112--1116

 []


Underfull \hbox (badness 10000) in paragraph at lines 1117--1121

 []


Underfull \hbox (badness 10000) in paragraph at lines 1122--1124

 []


Underfull \hbox (badness 1127) in paragraph at lines 1125--1128
[]\TU/lmr/m/n/10 Engle, R. F. (1982). Autoregressive conditional heteroscedasti
city with
 []


Underfull \hbox (badness 10000) in paragraph at lines 1125--1128

 []


Underfull \hbox (badness 10000) in paragraph at lines 1129--1132

 []


Underfull \hbox (badness 10000) in paragraph at lines 1133--1136

 []


Underfull \hbox (badness 10000) in paragraph at lines 1137--1139

 []


Underfull \hbox (badness 10000) in paragraph at lines 1140--1143

 []


Underfull \hbox (badness 10000) in paragraph at lines 1144--1146

 []


Underfull \hbox (badness 10000) in paragraph at lines 1147--1150

 []


Underfull \hbox (badness 10000) in paragraph at lines 1151--1153

 []


Underfull \hbox (badness 10000) in paragraph at lines 1154--1158

 []

[32]
Underfull \hbox (badness 10000) in paragraph at lines 1159--1162

 []


Underfull \hbox (badness 10000) in paragraph at lines 1163--1165

 []


Underfull \hbox (badness 10000) in paragraph at lines 1166--1169

 []


Underfull \hbox (badness 10000) in paragraph at lines 1170--1173

 []


Underfull \hbox (badness 10000) in paragraph at lines 1174--1177

 []


Underfull \hbox (badness 10000) in paragraph at lines 1178--1182

 []


Underfull \hbox (badness 10000) in paragraph at lines 1183--1185

 []


Underfull \hbox (badness 10000) in paragraph at lines 1186--1189

 []


Underfull \hbox (badness 10000) in paragraph at lines 1190--1193

 []


Underfull \hbox (badness 10000) in paragraph at lines 1194--1197

 []


Underfull \hbox (badness 10000) in paragraph at lines 1198--1201

 []

[33]
Underfull \hbox (badness 10000) in paragraph at lines 1202--1205

 []


Underfull \hbox (badness 10000) in paragraph at lines 1206--1210

 []


Underfull \hbox (badness 10000) in paragraph at lines 1211--1215

 []


Underfull \hbox (badness 10000) in paragraph at lines 1216--1219

 []


Underfull \hbox (badness 10000) in paragraph at lines 1220--1223

 []


Underfull \hbox (badness 10000) in paragraph at lines 1224--1226

 []


Underfull \hbox (badness 10000) in paragraph at lines 1227--1230

 []


Underfull \hbox (badness 10000) in paragraph at lines 1231--1234

 []


Underfull \hbox (badness 10000) in paragraph at lines 1235--1237

 []

[34] (./Real-Dataset-SV.aux)

LaTeX Warning: There were undefined references.

Package rerunfilecheck Info: File `Real-Dataset-SV.out' has not changed.
(rerunfilecheck)             Checksum: F8A4B0ACD156BC6665CA8652E866FD04;1662.
 ) 
Here is how much of TeX's memory you used:
 18706 strings out of 478475
 346383 string characters out of 5857114
 822964 words of memory out of 5000000
 38694 multiletter control sequences out of 15000+600000
 410019 words of font info for 85 fonts, out of 8000000 for 9000
 14 hyphenation exceptions out of 8191
 87i,14n,120p,1139b,433s stack positions out of 5000i,500n,10000p,200000b,80000s

Output written on Real-Dataset-SV.pdf (34 pages).
